[ +485 ms] Artifact Instance of 'MaterialFonts' is not required, skipping update.
[        ] Artifact Instance of 'GradleWrapper' is not required, skipping update.
[        ] Artifact Instance of 'AndroidGenSnapshotArtifacts' is not required, skipping update.
[        ] Artifact Instance of 'AndroidInternalBuildArtifacts' is not required, skipping update.
[        ] Artifact Instance of 'IOSEngineArtifacts' is not required, skipping update.
[        ] Artifact Instance of 'FlutterWebSdk' is not required, skipping update.
[   +1 ms] Artifact Instance of 'LegacyCanvasKitRemover' is not required, skipping update.
[        ] Artifact Instance of 'FlutterSdk' is not required, skipping update.
[        ] Artifact Instance of 'WindowsEngineArtifacts' is not required, skipping update.
[        ] Artifact Instance of 'MacOSEngineArtifacts' is not required, skipping update.
[        ] Artifact Instance of 'LinuxEngineArtifacts' is not required, skipping update.
[        ] Artifact Instance of 'LinuxFuchsiaSDKArtifacts' is not required, skipping update.
[        ] Artifact Instance of 'MacOSFuchsiaSDKArtifacts' is not required, skipping update.
[        ] Artifact Instance of 'FlutterRunnerSDKArtifacts' is not required, skipping update.
[        ] Artifact Instance of 'FlutterRunnerDebugSymbols' is not required, skipping update.
[        ] Artifact Instance of 'IosUsbArtifacts' is not required, skipping update.
[        ] Artifact Instance of 'IosUsbArtifacts' is not required, skipping update.
[        ] Artifact Instance of 'IosUsbArtifacts' is not required, skipping update.
[        ] Artifact Instance of 'IosUsbArtifacts' is not required, skipping update.
[        ] Artifact Instance of 'IosUsbArtifacts' is not required, skipping update.
[        ] Artifact Instance of 'IosUsbArtifacts' is not required, skipping update.
[        ] Artifact Instance of 'FontSubsetArtifacts' is not required, skipping update.
[        ] Artifact Instance of 'PubDependencies' is not required, skipping update.
[  +92 ms] Artifact Instance of 'AndroidGenSnapshotArtifacts' is not required, skipping update.
[        ] Artifact Instance of 'AndroidInternalBuildArtifacts' is not required, skipping update.
[        ] Artifact Instance of 'IOSEngineArtifacts' is not required, skipping update.
[        ] Artifact Instance of 'FlutterWebSdk' is not required, skipping update.
[        ] Artifact Instance of 'FlutterEngineStamp' is not required, skipping update.
[        ] Artifact Instance of 'LegacyCanvasKitRemover' is not required, skipping update.
[   +2 ms] Artifact Instance of 'WindowsEngineArtifacts' is not required, skipping update.
[        ] Artifact Instance of 'MacOSEngineArtifacts' is not required, skipping update.
[        ] Artifact Instance of 'LinuxEngineArtifacts' is not required, skipping update.
[        ] Artifact Instance of 'LinuxFuchsiaSDKArtifacts' is not required, skipping update.
[        ] Artifact Instance of 'MacOSFuchsiaSDKArtifacts' is not required, skipping update.
[        ] Artifact Instance of 'FlutterRunnerSDKArtifacts' is not required, skipping update.
[        ] Artifact Instance of 'FlutterRunnerDebugSymbols' is not required, skipping update.
[  +70 ms] executing: C:\Users\Nikhi\AppData\Local\Android\sdk\platform-tools\adb.exe devices -l
[  +55 ms] List of devices attached
           001603583000235        device product:AsteroidsIND model:A059 device:Asteroids transport_id:3
[   +5 ms] C:\Users\Nikhi\AppData\Local\Android\sdk\platform-tools\adb.exe -s 001603583000235 shell getprop
[ +109 ms] Artifact Instance of 'AndroidInternalBuildArtifacts' is not required, skipping update.
[        ] Artifact Instance of 'IOSEngineArtifacts' is not required, skipping update.
[        ] Artifact Instance of 'FlutterEngineStamp' is not required, skipping update.
[   +4 ms] Artifact Instance of 'MacOSEngineArtifacts' is not required, skipping update.
[        ] Artifact Instance of 'LinuxEngineArtifacts' is not required, skipping update.
[        ] Artifact Instance of 'LinuxFuchsiaSDKArtifacts' is not required, skipping update.
[        ] Artifact Instance of 'MacOSFuchsiaSDKArtifacts' is not required, skipping update.
[        ] Artifact Instance of 'FlutterRunnerSDKArtifacts' is not required, skipping update.
[        ] Artifact Instance of 'FlutterRunnerDebugSymbols' is not required, skipping update.
[ +108 ms] Skipping pub get: version match.
[ +101 ms] Found plugin shared_preferences at C:\Users\Nikhi\AppData\Local\Pub\Cache\hosted\pub.dev\shared_preferences-2.5.4\
[   +6 ms] Found plugin shared_preferences_windows at C:\Users\Nikhi\AppData\Local\Pub\Cache\hosted\pub.dev\shared_preferences_windows-2.4.1\
[   +6 ms] Found plugin path_provider_windows at C:\Users\Nikhi\AppData\Local\Pub\Cache\hosted\pub.dev\path_provider_windows-2.3.0\
[   +8 ms] Found plugin shared_preferences_web at C:\Users\Nikhi\AppData\Local\Pub\Cache\hosted\pub.dev\shared_preferences_web-2.4.3\
[   +5 ms] Found plugin shared_preferences_linux at C:\Users\Nikhi\AppData\Local\Pub\Cache\hosted\pub.dev\shared_preferences_linux-2.4.1\
[   +3 ms] Found plugin path_provider_linux at C:\Users\Nikhi\AppData\Local\Pub\Cache\hosted\pub.dev\path_provider_linux-2.2.1\
[   +4 ms] Found plugin shared_preferences_foundation at C:\Users\Nikhi\AppData\Local\Pub\Cache\hosted\pub.dev\shared_preferences_foundation-2.5.6\
[   +3 ms] Found plugin shared_preferences_android at C:\Users\Nikhi\AppData\Local\Pub\Cache\hosted\pub.dev\shared_preferences_android-2.4.18\
[   +3 ms] Found plugin share_plus at C:\Users\Nikhi\AppData\Local\Pub\Cache\hosted\pub.dev\share_plus-7.2.2\
[   +4 ms] Found plugin url_launcher_windows at C:\Users\Nikhi\AppData\Local\Pub\Cache\hosted\pub.dev\url_launcher_windows-3.1.5\
[   +5 ms] Found plugin url_launcher_web at C:\Users\Nikhi\AppData\Local\Pub\Cache\hosted\pub.dev\url_launcher_web-2.4.1\
[   +6 ms] Found plugin url_launcher_linux at C:\Users\Nikhi\AppData\Local\Pub\Cache\hosted\pub.dev\url_launcher_linux-3.2.2\
[   +9 ms] Found plugin path_provider at C:\Users\Nikhi\AppData\Local\Pub\Cache\hosted\pub.dev\path_provider-2.1.5\
[   +2 ms] Found plugin path_provider_foundation at C:\Users\Nikhi\AppData\Local\Pub\Cache\hosted\pub.dev\path_provider_foundation-2.5.1\
[   +2 ms] Found plugin path_provider_android at C:\Users\Nikhi\AppData\Local\Pub\Cache\hosted\pub.dev\path_provider_android-2.2.22\
[   +7 ms] Found plugin sentry_flutter at C:\Users\Nikhi\AppData\Local\Pub\Cache\hosted\pub.dev\sentry_flutter-8.14.2\
[   +9 ms] Found plugin package_info_plus at C:\Users\Nikhi\AppData\Local\Pub\Cache\hosted\pub.dev\package_info_plus-9.0.0\
[  +10 ms] Found plugin permission_handler at C:\Users\Nikhi\AppData\Local\Pub\Cache\hosted\pub.dev\permission_handler-11.4.0\
[   +2 ms] Found plugin permission_handler_windows at C:\Users\Nikhi\AppData\Local\Pub\Cache\hosted\pub.dev\permission_handler_windows-0.2.1\
[   +4 ms] Found plugin permission_handler_html at C:\Users\Nikhi\AppData\Local\Pub\Cache\hosted\pub.dev\permission_handler_html-0.1.3+5\
[   +1 ms] Found plugin permission_handler_apple at C:\Users\Nikhi\AppData\Local\Pub\Cache\hosted\pub.dev\permission_handler_apple-9.4.7\
[   +1 ms] Found plugin permission_handler_android at C:\Users\Nikhi\AppData\Local\Pub\Cache\hosted\pub.dev\permission_handler_android-12.1.0\
[   +2 ms] Found plugin mobile_scanner at C:\Users\Nikhi\AppData\Local\Pub\Cache\hosted\pub.dev\mobile_scanner-5.2.3\
[   +3 ms] Found plugin local_auth at C:\Users\Nikhi\AppData\Local\Pub\Cache\hosted\pub.dev\local_auth-3.0.0\
[   +1 ms] Found plugin local_auth_windows at C:\Users\Nikhi\AppData\Local\Pub\Cache\hosted\pub.dev\local_auth_windows-2.0.1\
[   +3 ms] Found plugin local_auth_darwin at C:\Users\Nikhi\AppData\Local\Pub\Cache\hosted\pub.dev\local_auth_darwin-2.0.1\
[   +1 ms] Found plugin local_auth_android at C:\Users\Nikhi\AppData\Local\Pub\Cache\hosted\pub.dev\local_auth_android-2.0.4\
[   +1 ms] Found plugin flutter_plugin_android_lifecycle at C:\Users\Nikhi\AppData\Local\Pub\Cache\hosted\pub.dev\flutter_plugin_android_lifecycle-2.0.33\
[   +2 ms] Found plugin image_picker at C:\Users\Nikhi\AppData\Local\Pub\Cache\hosted\pub.dev\image_picker-1.2.1\
[   +1 ms] Found plugin image_picker_windows at C:\Users\Nikhi\AppData\Local\Pub\Cache\hosted\pub.dev\image_picker_windows-0.2.2\
[   +3 ms] Found plugin file_selector_windows at C:\Users\Nikhi\AppData\Local\Pub\Cache\hosted\pub.dev\file_selector_windows-0.9.3+5\
[   +3 ms] Found plugin image_picker_macos at C:\Users\Nikhi\AppData\Local\Pub\Cache\hosted\pub.dev\image_picker_macos-0.2.2+1\
[   +1 ms] Found plugin file_selector_macos at C:\Users\Nikhi\AppData\Local\Pub\Cache\hosted\pub.dev\file_selector_macos-0.9.5\
[   +1 ms] Found plugin image_picker_linux at C:\Users\Nikhi\AppData\Local\Pub\Cache\hosted\pub.dev\image_picker_linux-0.2.2\
[   +1 ms] Found plugin file_selector_linux at C:\Users\Nikhi\AppData\Local\Pub\Cache\hosted\pub.dev\file_selector_linux-0.9.4\
[   +1 ms] Found plugin image_picker_ios at C:\Users\Nikhi\AppData\Local\Pub\Cache\hosted\pub.dev\image_picker_ios-0.8.13+3\
[   +1 ms] Found plugin image_picker_for_web at C:\Users\Nikhi\AppData\Local\Pub\Cache\hosted\pub.dev\image_picker_for_web-3.1.1\
[   +1 ms] Found plugin image_picker_android at C:\Users\Nikhi\AppData\Local\Pub\Cache\hosted\pub.dev\image_picker_android-0.8.13+10\
[   +5 ms] Found plugin flutter_secure_storage at C:\Users\Nikhi\AppData\Local\Pub\Cache\hosted\pub.dev\flutter_secure_storage-10.0.0\
[   +1 ms] Found plugin flutter_secure_storage_windows at C:\Users\Nikhi\AppData\Local\Pub\Cache\hosted\pub.dev\flutter_secure_storage_windows-4.1.0\
[   +2 ms] Found plugin flutter_secure_storage_web at C:\Users\Nikhi\AppData\Local\Pub\Cache\hosted\pub.dev\flutter_secure_storage_web-2.1.0\
[   +1 ms] Found plugin flutter_secure_storage_linux at C:\Users\Nikhi\AppData\Local\Pub\Cache\hosted\pub.dev\flutter_secure_storage_linux-3.0.0\
[   +1 ms] Found plugin flutter_secure_storage_darwin at C:\Users\Nikhi\AppData\Local\Pub\Cache\hosted\pub.dev\flutter_secure_storage_darwin-0.2.0\
[   +1 ms] Found plugin flutter_ringtone_player at C:\Users\Nikhi\AppData\Local\Pub\Cache\hosted\pub.dev\flutter_ringtone_player-3.2.0\
[   +9 ms] Found plugin firebase_core at C:\Users\Nikhi\AppData\Local\Pub\Cache\hosted\pub.dev\firebase_core-3.15.2\
[   +1 ms] Found plugin firebase_core_web at C:\Users\Nikhi\AppData\Local\Pub\Cache\hosted\pub.dev\firebase_core_web-2.24.1\
[   +2 ms] Found plugin firebase_auth at C:\Users\Nikhi\AppData\Local\Pub\Cache\hosted\pub.dev\firebase_auth-5.7.0\
[   +1 ms] Found plugin firebase_auth_web at C:\Users\Nikhi\AppData\Local\Pub\Cache\hosted\pub.dev\firebase_auth_web-5.15.3\
[  +66 ms] Found plugin shared_preferences at C:\Users\Nikhi\AppData\Local\Pub\Cache\hosted\pub.dev\shared_preferences-2.5.4\
[   +1 ms] Found plugin shared_preferences_windows at C:\Users\Nikhi\AppData\Local\Pub\Cache\hosted\pub.dev\shared_preferences_windows-2.4.1\
[   +3 ms] Found plugin path_provider_windows at C:\Users\Nikhi\AppData\Local\Pub\Cache\hosted\pub.dev\path_provider_windows-2.3.0\
[   +5 ms] Found plugin shared_preferences_web at C:\Users\Nikhi\AppData\Local\Pub\Cache\hosted\pub.dev\shared_preferences_web-2.4.3\
[   +3 ms] Found plugin shared_preferences_linux at C:\Users\Nikhi\AppData\Local\Pub\Cache\hosted\pub.dev\shared_preferences_linux-2.4.1\
[   +1 ms] Found plugin path_provider_linux at C:\Users\Nikhi\AppData\Local\Pub\Cache\hosted\pub.dev\path_provider_linux-2.2.1\
[   +2 ms] Found plugin shared_preferences_foundation at C:\Users\Nikhi\AppData\Local\Pub\Cache\hosted\pub.dev\shared_preferences_foundation-2.5.6\
[   +1 ms] Found plugin shared_preferences_android at C:\Users\Nikhi\AppData\Local\Pub\Cache\hosted\pub.dev\shared_preferences_android-2.4.18\
[   +1 ms] Found plugin share_plus at C:\Users\Nikhi\AppData\Local\Pub\Cache\hosted\pub.dev\share_plus-7.2.2\
[   +2 ms] Found plugin url_launcher_windows at C:\Users\Nikhi\AppData\Local\Pub\Cache\hosted\pub.dev\url_launcher_windows-3.1.5\
[   +3 ms] Found plugin url_launcher_web at C:\Users\Nikhi\AppData\Local\Pub\Cache\hosted\pub.dev\url_launcher_web-2.4.1\
[   +1 ms] Found plugin url_launcher_linux at C:\Users\Nikhi\AppData\Local\Pub\Cache\hosted\pub.dev\url_launcher_linux-3.2.2\
[   +6 ms] Found plugin path_provider at C:\Users\Nikhi\AppData\Local\Pub\Cache\hosted\pub.dev\path_provider-2.1.5\
[   +1 ms] Found plugin path_provider_foundation at C:\Users\Nikhi\AppData\Local\Pub\Cache\hosted\pub.dev\path_provider_foundation-2.5.1\
[   +1 ms] Found plugin path_provider_android at C:\Users\Nikhi\AppData\Local\Pub\Cache\hosted\pub.dev\path_provider_android-2.2.22\
[   +3 ms] Found plugin sentry_flutter at C:\Users\Nikhi\AppData\Local\Pub\Cache\hosted\pub.dev\sentry_flutter-8.14.2\
[   +4 ms] Found plugin package_info_plus at C:\Users\Nikhi\AppData\Local\Pub\Cache\hosted\pub.dev\package_info_plus-9.0.0\
[   +7 ms] Found plugin permission_handler at C:\Users\Nikhi\AppData\Local\Pub\Cache\hosted\pub.dev\permission_handler-11.4.0\
[   +1 ms] Found plugin permission_handler_windows at C:\Users\Nikhi\AppData\Local\Pub\Cache\hosted\pub.dev\permission_handler_windows-0.2.1\
[   +2 ms] Found plugin permission_handler_html at C:\Users\Nikhi\AppData\Local\Pub\Cache\hosted\pub.dev\permission_handler_html-0.1.3+5\
[   +1 ms] Found plugin permission_handler_apple at C:\Users\Nikhi\AppData\Local\Pub\Cache\hosted\pub.dev\permission_handler_apple-9.4.7\
[   +1 ms] Found plugin permission_handler_android at C:\Users\Nikhi\AppData\Local\Pub\Cache\hosted\pub.dev\permission_handler_android-12.1.0\
[   +1 ms] Found plugin mobile_scanner at C:\Users\Nikhi\AppData\Local\Pub\Cache\hosted\pub.dev\mobile_scanner-5.2.3\
[   +2 ms] Found plugin local_auth at C:\Users\Nikhi\AppData\Local\Pub\Cache\hosted\pub.dev\local_auth-3.0.0\
[   +1 ms] Found plugin local_auth_windows at C:\Users\Nikhi\AppData\Local\Pub\Cache\hosted\pub.dev\local_auth_windows-2.0.1\
[   +2 ms] Found plugin local_auth_darwin at C:\Users\Nikhi\AppData\Local\Pub\Cache\hosted\pub.dev\local_auth_darwin-2.0.1\
[   +1 ms] Found plugin local_auth_android at C:\Users\Nikhi\AppData\Local\Pub\Cache\hosted\pub.dev\local_auth_android-2.0.4\
[   +1 ms] Found plugin flutter_plugin_android_lifecycle at C:\Users\Nikhi\AppData\Local\Pub\Cache\hosted\pub.dev\flutter_plugin_android_lifecycle-2.0.33\
[   +1 ms] Found plugin image_picker at C:\Users\Nikhi\AppData\Local\Pub\Cache\hosted\pub.dev\image_picker-1.2.1\
[   +1 ms] Found plugin image_picker_windows at C:\Users\Nikhi\AppData\Local\Pub\Cache\hosted\pub.dev\image_picker_windows-0.2.2\
[   +2 ms] Found plugin file_selector_windows at C:\Users\Nikhi\AppData\Local\Pub\Cache\hosted\pub.dev\file_selector_windows-0.9.3+5\
[   +2 ms] Found plugin image_picker_macos at C:\Users\Nikhi\AppData\Local\Pub\Cache\hosted\pub.dev\image_picker_macos-0.2.2+1\
[   +1 ms] Found plugin file_selector_macos at C:\Users\Nikhi\AppData\Local\Pub\Cache\hosted\pub.dev\file_selector_macos-0.9.5\
[   +2 ms] Found plugin image_picker_linux at C:\Users\Nikhi\AppData\Local\Pub\Cache\hosted\pub.dev\image_picker_linux-0.2.2\
[   +1 ms] Found plugin file_selector_linux at C:\Users\Nikhi\AppData\Local\Pub\Cache\hosted\pub.dev\file_selector_linux-0.9.4\
[   +1 ms] Found plugin image_picker_ios at C:\Users\Nikhi\AppData\Local\Pub\Cache\hosted\pub.dev\image_picker_ios-0.8.13+3\
[   +1 ms] Found plugin image_picker_for_web at C:\Users\Nikhi\AppData\Local\Pub\Cache\hosted\pub.dev\image_picker_for_web-3.1.1\
[   +1 ms] Found plugin image_picker_android at C:\Users\Nikhi\AppData\Local\Pub\Cache\hosted\pub.dev\image_picker_android-0.8.13+10\
[   +4 ms] Found plugin flutter_secure_storage at C:\Users\Nikhi\AppData\Local\Pub\Cache\hosted\pub.dev\flutter_secure_storage-10.0.0\
[   +1 ms] Found plugin flutter_secure_storage_windows at C:\Users\Nikhi\AppData\Local\Pub\Cache\hosted\pub.dev\flutter_secure_storage_windows-4.1.0\
[   +2 ms] Found plugin flutter_secure_storage_web at C:\Users\Nikhi\AppData\Local\Pub\Cache\hosted\pub.dev\flutter_secure_storage_web-2.1.0\
[   +1 ms] Found plugin flutter_secure_storage_linux at C:\Users\Nikhi\AppData\Local\Pub\Cache\hosted\pub.dev\flutter_secure_storage_linux-3.0.0\
[   +1 ms] Found plugin flutter_secure_storage_darwin at C:\Users\Nikhi\AppData\Local\Pub\Cache\hosted\pub.dev\flutter_secure_storage_darwin-0.2.0\
[   +1 ms] Found plugin flutter_ringtone_player at C:\Users\Nikhi\AppData\Local\Pub\Cache\hosted\pub.dev\flutter_ringtone_player-3.2.0\
[   +7 ms] Found plugin firebase_core at C:\Users\Nikhi\AppData\Local\Pub\Cache\hosted\pub.dev\firebase_core-3.15.2\
[   +1 ms] Found plugin firebase_core_web at C:\Users\Nikhi\AppData\Local\Pub\Cache\hosted\pub.dev\firebase_core_web-2.24.1\
[   +2 ms] Found plugin firebase_auth at C:\Users\Nikhi\AppData\Local\Pub\Cache\hosted\pub.dev\firebase_auth-5.7.0\
[   +1 ms] Found plugin firebase_auth_web at C:\Users\Nikhi\AppData\Local\Pub\Cache\hosted\pub.dev\firebase_auth_web-5.15.3\
[  +14 ms] Skipping generating web_plugin_registrant.dart because it is up-to-date.
[  +35 ms] Found plugin shared_preferences at C:\Users\Nikhi\AppData\Local\Pub\Cache\hosted\pub.dev\shared_preferences-2.5.4\
[   +1 ms] Found plugin shared_preferences_windows at C:\Users\Nikhi\AppData\Local\Pub\Cache\hosted\pub.dev\shared_preferences_windows-2.4.1\
[   +3 ms] Found plugin path_provider_windows at C:\Users\Nikhi\AppData\Local\Pub\Cache\hosted\pub.dev\path_provider_windows-2.3.0\
[   +5 ms] Found plugin shared_preferences_web at C:\Users\Nikhi\AppData\Local\Pub\Cache\hosted\pub.dev\shared_preferences_web-2.4.3\
[   +3 ms] Found plugin shared_preferences_linux at C:\Users\Nikhi\AppData\Local\Pub\Cache\hosted\pub.dev\shared_preferences_linux-2.4.1\
[   +1 ms] Found plugin path_provider_linux at C:\Users\Nikhi\AppData\Local\Pub\Cache\hosted\pub.dev\path_provider_linux-2.2.1\
[   +2 ms] Found plugin shared_preferences_foundation at C:\Users\Nikhi\AppData\Local\Pub\Cache\hosted\pub.dev\shared_preferences_foundation-2.5.6\
[   +1 ms] Found plugin shared_preferences_android at C:\Users\Nikhi\AppData\Local\Pub\Cache\hosted\pub.dev\shared_preferences_android-2.4.18\
[   +1 ms] Found plugin share_plus at C:\Users\Nikhi\AppData\Local\Pub\Cache\hosted\pub.dev\share_plus-7.2.2\
[   +2 ms] Found plugin url_launcher_windows at C:\Users\Nikhi\AppData\Local\Pub\Cache\hosted\pub.dev\url_launcher_windows-3.1.5\
[   +2 ms] Found plugin url_launcher_web at C:\Users\Nikhi\AppData\Local\Pub\Cache\hosted\pub.dev\url_launcher_web-2.4.1\
[   +1 ms] Found plugin url_launcher_linux at C:\Users\Nikhi\AppData\Local\Pub\Cache\hosted\pub.dev\url_launcher_linux-3.2.2\
[   +6 ms] Found plugin path_provider at C:\Users\Nikhi\AppData\Local\Pub\Cache\hosted\pub.dev\path_provider-2.1.5\
[   +1 ms] Found plugin path_provider_foundation at C:\Users\Nikhi\AppData\Local\Pub\Cache\hosted\pub.dev\path_provider_foundation-2.5.1\
[   +1 ms] Found plugin path_provider_android at C:\Users\Nikhi\AppData\Local\Pub\Cache\hosted\pub.dev\path_provider_android-2.2.22\
[   +3 ms] Found plugin sentry_flutter at C:\Users\Nikhi\AppData\Local\Pub\Cache\hosted\pub.dev\sentry_flutter-8.14.2\
[   +4 ms] Found plugin package_info_plus at C:\Users\Nikhi\AppData\Local\Pub\Cache\hosted\pub.dev\package_info_plus-9.0.0\
[   +6 ms] Found plugin permission_handler at C:\Users\Nikhi\AppData\Local\Pub\Cache\hosted\pub.dev\permission_handler-11.4.0\
[   +1 ms] Found plugin permission_handler_windows at C:\Users\Nikhi\AppData\Local\Pub\Cache\hosted\pub.dev\permission_handler_windows-0.2.1\
[   +2 ms] Found plugin permission_handler_html at C:\Users\Nikhi\AppData\Local\Pub\Cache\hosted\pub.dev\permission_handler_html-0.1.3+5\
[   +1 ms] Found plugin permission_handler_apple at C:\Users\Nikhi\AppData\Local\Pub\Cache\hosted\pub.dev\permission_handler_apple-9.4.7\
[   +1 ms] Found plugin permission_handler_android at C:\Users\Nikhi\AppData\Local\Pub\Cache\hosted\pub.dev\permission_handler_android-12.1.0\
[   +1 ms] Found plugin mobile_scanner at C:\Users\Nikhi\AppData\Local\Pub\Cache\hosted\pub.dev\mobile_scanner-5.2.3\
[   +2 ms] Found plugin local_auth at C:\Users\Nikhi\AppData\Local\Pub\Cache\hosted\pub.dev\local_auth-3.0.0\
[   +1 ms] Found plugin local_auth_windows at C:\Users\Nikhi\AppData\Local\Pub\Cache\hosted\pub.dev\local_auth_windows-2.0.1\
[   +1 ms] Found plugin local_auth_darwin at C:\Users\Nikhi\AppData\Local\Pub\Cache\hosted\pub.dev\local_auth_darwin-2.0.1\
[   +1 ms] Found plugin local_auth_android at C:\Users\Nikhi\AppData\Local\Pub\Cache\hosted\pub.dev\local_auth_android-2.0.4\
[   +1 ms] Found plugin flutter_plugin_android_lifecycle at C:\Users\Nikhi\AppData\Local\Pub\Cache\hosted\pub.dev\flutter_plugin_android_lifecycle-2.0.33\
[   +1 ms] Found plugin image_picker at C:\Users\Nikhi\AppData\Local\Pub\Cache\hosted\pub.dev\image_picker-1.2.1\
[   +1 ms] Found plugin image_picker_windows at C:\Users\Nikhi\AppData\Local\Pub\Cache\hosted\pub.dev\image_picker_windows-0.2.2\
[   +2 ms] Found plugin file_selector_windows at C:\Users\Nikhi\AppData\Local\Pub\Cache\hosted\pub.dev\file_selector_windows-0.9.3+5\
[   +1 ms] Found plugin image_picker_macos at C:\Users\Nikhi\AppData\Local\Pub\Cache\hosted\pub.dev\image_picker_macos-0.2.2+1\
[   +1 ms] Found plugin file_selector_macos at C:\Users\Nikhi\AppData\Local\Pub\Cache\hosted\pub.dev\file_selector_macos-0.9.5\
[        ] Found plugin image_picker_linux at C:\Users\Nikhi\AppData\Local\Pub\Cache\hosted\pub.dev\image_picker_linux-0.2.2\
[        ] Found plugin file_selector_linux at C:\Users\Nikhi\AppData\Local\Pub\Cache\hosted\pub.dev\file_selector_linux-0.9.4\
[   +1 ms] Found plugin image_picker_ios at C:\Users\Nikhi\AppData\Local\Pub\Cache\hosted\pub.dev\image_picker_ios-0.8.13+3\
[   +1 ms] Found plugin image_picker_for_web at C:\Users\Nikhi\AppData\Local\Pub\Cache\hosted\pub.dev\image_picker_for_web-3.1.1\
[        ] Found plugin image_picker_android at C:\Users\Nikhi\AppData\Local\Pub\Cache\hosted\pub.dev\image_picker_android-0.8.13+10\
[   +3 ms] Found plugin flutter_secure_storage at C:\Users\Nikhi\AppData\Local\Pub\Cache\hosted\pub.dev\flutter_secure_storage-10.0.0\
[   +1 ms] Found plugin flutter_secure_storage_windows at C:\Users\Nikhi\AppData\Local\Pub\Cache\hosted\pub.dev\flutter_secure_storage_windows-4.1.0\
[   +2 ms] Found plugin flutter_secure_storage_web at C:\Users\Nikhi\AppData\Local\Pub\Cache\hosted\pub.dev\flutter_secure_storage_web-2.1.0\
[   +1 ms] Found plugin flutter_secure_storage_linux at C:\Users\Nikhi\AppData\Local\Pub\Cache\hosted\pub.dev\flutter_secure_storage_linux-3.0.0\
[   +1 ms] Found plugin flutter_secure_storage_darwin at C:\Users\Nikhi\AppData\Local\Pub\Cache\hosted\pub.dev\flutter_secure_storage_darwin-0.2.0\
[   +1 ms] Found plugin flutter_ringtone_player at C:\Users\Nikhi\AppData\Local\Pub\Cache\hosted\pub.dev\flutter_ringtone_player-3.2.0\
[   +6 ms] Found plugin firebase_core at C:\Users\Nikhi\AppData\Local\Pub\Cache\hosted\pub.dev\firebase_core-3.15.2\
[   +1 ms] Found plugin firebase_core_web at C:\Users\Nikhi\AppData\Local\Pub\Cache\hosted\pub.dev\firebase_core_web-2.24.1\
[   +2 ms] Found plugin firebase_auth at C:\Users\Nikhi\AppData\Local\Pub\Cache\hosted\pub.dev\firebase_auth-5.7.0\
[   +1 ms] Found plugin firebase_auth_web at C:\Users\Nikhi\AppData\Local\Pub\Cache\hosted\pub.dev\firebase_auth_web-5.15.3\
[  +10 ms] Generating C:\Users\Nikhi\guardrail_1\GuardRail\android\app\src\main\java\io\flutter\plugins\GeneratedPluginRegistrant.java
[   +1 ms] Skipping generating GeneratedPluginRegistrant.java because it is up-to-date.
[   +7 ms] Skipping generating generated_plugin_registrant.h because it is up-to-date.
[   +1 ms] Skipping generating generated_plugin_registrant.cc because it is up-to-date.
[   +1 ms] Skipping generating generated_plugins.cmake because it is up-to-date.
[   +2 ms] Skipping generating generated_plugin_registrant.h because it is up-to-date.
[   +1 ms] Skipping generating generated_plugin_registrant.cc because it is up-to-date.
[   +1 ms] Skipping generating generated_plugins.cmake because it is up-to-date.
[   +2 ms] Skipping generating GeneratedPluginRegistrant.h because it is up-to-date.
[   +2 ms] Skipping generating GeneratedPluginRegistrant.m because it is up-to-date.
[   +1 ms] Skipping generating GeneratedPluginRegistrant.swift because it is up-to-date.
[  +74 ms] ro.hardware = qcom
[  +83 ms] Initializing file store
[  +17 ms] gen_localizations: Starting due to {InvalidatedReasonKind.inputChanged: The following inputs have updated contents: C:\flutter\packages\flutter_tools\lib\src\build_system\targets\localizations.dart,C:\Users\Nikhi\guardrail_1\GuardRail\l10n.yaml,C:\Users\Nikhi\guardrail_1\GuardRail\lib\l10n\app_en.arb,C:\Users\Nikhi\guardrail_1\GuardRail\lib\l10n\app_hi.arb,C:\Users\Nikhi\guardrail_1\GuardRail\lib\l10n\app_te.arb,C:\Users\Nikhi\guardrail_1\GuardRail\lib\l10n\app_localizations_en.dart,C:\Users\Nikhi\guardrail_1\GuardRail\lib\l10n\app_localizations_hi.dart,C:\Users\Nikhi\guardrail_1\GuardRail\lib\l10n\app_localizations_te.dart,C:\Users\Nikhi\guardrail_1\GuardRail\lib\l10n\app_localizations.dart}
[ +103 ms] gen_dart_plugin_registrant: Starting due to {InvalidatedReasonKind.inputChanged: The following inputs have updated contents: C:\Users\Nikhi\guardrail_1\GuardRail\.dart_tool\package_config.json,C:\Users\Nikhi\guardrail_1\GuardRail\.dart_tool\flutter_build\dart_plugin_registrant.dart}
[  +79 ms] Found plugin shared_preferences at C:\Users\Nikhi\AppData\Local\Pub\Cache\hosted\pub.dev\shared_preferences-2.5.4\
[   +1 ms] Found plugin shared_preferences_windows at C:\Users\Nikhi\AppData\Local\Pub\Cache\hosted\pub.dev\shared_preferences_windows-2.4.1\
[   +3 ms] Found plugin path_provider_windows at C:\Users\Nikhi\AppData\Local\Pub\Cache\hosted\pub.dev\path_provider_windows-2.3.0\
[   +5 ms] Found plugin shared_preferences_web at C:\Users\Nikhi\AppData\Local\Pub\Cache\hosted\pub.dev\shared_preferences_web-2.4.3\
[   +3 ms] Found plugin shared_preferences_linux at C:\Users\Nikhi\AppData\Local\Pub\Cache\hosted\pub.dev\shared_preferences_linux-2.4.1\
[   +1 ms] Found plugin path_provider_linux at C:\Users\Nikhi\AppData\Local\Pub\Cache\hosted\pub.dev\path_provider_linux-2.2.1\
[   +2 ms] Found plugin shared_preferences_foundation at C:\Users\Nikhi\AppData\Local\Pub\Cache\hosted\pub.dev\shared_preferences_foundation-2.5.6\
[   +1 ms] Found plugin shared_preferences_android at C:\Users\Nikhi\AppData\Local\Pub\Cache\hosted\pub.dev\shared_preferences_android-2.4.18\
[   +8 ms] Found plugin share_plus at C:\Users\Nikhi\AppData\Local\Pub\Cache\hosted\pub.dev\share_plus-7.2.2\
[   +3 ms] Found plugin url_launcher_windows at C:\Users\Nikhi\AppData\Local\Pub\Cache\hosted\pub.dev\url_launcher_windows-3.1.5\
[   +9 ms] Found plugin url_launcher_web at C:\Users\Nikhi\AppData\Local\Pub\Cache\hosted\pub.dev\url_launcher_web-2.4.1\
[   +1 ms] Found plugin url_launcher_linux at C:\Users\Nikhi\AppData\Local\Pub\Cache\hosted\pub.dev\url_launcher_linux-3.2.2\
[   +7 ms] Found plugin path_provider at C:\Users\Nikhi\AppData\Local\Pub\Cache\hosted\pub.dev\path_provider-2.1.5\
[   +1 ms] Found plugin path_provider_foundation at C:\Users\Nikhi\AppData\Local\Pub\Cache\hosted\pub.dev\path_provider_foundation-2.5.1\
[   +1 ms] Found plugin path_provider_android at C:\Users\Nikhi\AppData\Local\Pub\Cache\hosted\pub.dev\path_provider_android-2.2.22\
[   +3 ms] Found plugin sentry_flutter at C:\Users\Nikhi\AppData\Local\Pub\Cache\hosted\pub.dev\sentry_flutter-8.14.2\
[   +4 ms] Found plugin package_info_plus at C:\Users\Nikhi\AppData\Local\Pub\Cache\hosted\pub.dev\package_info_plus-9.0.0\
[   +8 ms] Found plugin permission_handler at C:\Users\Nikhi\AppData\Local\Pub\Cache\hosted\pub.dev\permission_handler-11.4.0\
[   +1 ms] Found plugin permission_handler_windows at C:\Users\Nikhi\AppData\Local\Pub\Cache\hosted\pub.dev\permission_handler_windows-0.2.1\
[   +2 ms] Found plugin permission_handler_html at C:\Users\Nikhi\AppData\Local\Pub\Cache\hosted\pub.dev\permission_handler_html-0.1.3+5\
[   +1 ms] Found plugin permission_handler_apple at C:\Users\Nikhi\AppData\Local\Pub\Cache\hosted\pub.dev\permission_handler_apple-9.4.7\
[   +1 ms] Found plugin permission_handler_android at C:\Users\Nikhi\AppData\Local\Pub\Cache\hosted\pub.dev\permission_handler_android-12.1.0\
[   +4 ms] Found plugin mobile_scanner at C:\Users\Nikhi\AppData\Local\Pub\Cache\hosted\pub.dev\mobile_scanner-5.2.3\
[   +2 ms] Found plugin local_auth at C:\Users\Nikhi\AppData\Local\Pub\Cache\hosted\pub.dev\local_auth-3.0.0\
[   +3 ms] Found plugin local_auth_windows at C:\Users\Nikhi\AppData\Local\Pub\Cache\hosted\pub.dev\local_auth_windows-2.0.1\
[   +3 ms] Found plugin local_auth_darwin at C:\Users\Nikhi\AppData\Local\Pub\Cache\hosted\pub.dev\local_auth_darwin-2.0.1\
[   +2 ms] Found plugin local_auth_android at C:\Users\Nikhi\AppData\Local\Pub\Cache\hosted\pub.dev\local_auth_android-2.0.4\
[   +1 ms] Found plugin flutter_plugin_android_lifecycle at C:\Users\Nikhi\AppData\Local\Pub\Cache\hosted\pub.dev\flutter_plugin_android_lifecycle-2.0.33\
[   +1 ms] Found plugin image_picker at C:\Users\Nikhi\AppData\Local\Pub\Cache\hosted\pub.dev\image_picker-1.2.1\
[   +1 ms] Found plugin image_picker_windows at C:\Users\Nikhi\AppData\Local\Pub\Cache\hosted\pub.dev\image_picker_windows-0.2.2\
[   +2 ms] Found plugin file_selector_windows at C:\Users\Nikhi\AppData\Local\Pub\Cache\hosted\pub.dev\file_selector_windows-0.9.3+5\
[   +2 ms] Found plugin image_picker_macos at C:\Users\Nikhi\AppData\Local\Pub\Cache\hosted\pub.dev\image_picker_macos-0.2.2+1\
[   +1 ms] Found plugin file_selector_macos at C:\Users\Nikhi\AppData\Local\Pub\Cache\hosted\pub.dev\file_selector_macos-0.9.5\
[   +1 ms] Found plugin image_picker_linux at C:\Users\Nikhi\AppData\Local\Pub\Cache\hosted\pub.dev\image_picker_linux-0.2.2\
[   +1 ms] Found plugin file_selector_linux at C:\Users\Nikhi\AppData\Local\Pub\Cache\hosted\pub.dev\file_selector_linux-0.9.4\
[   +1 ms] Found plugin image_picker_ios at C:\Users\Nikhi\AppData\Local\Pub\Cache\hosted\pub.dev\image_picker_ios-0.8.13+3\
[   +1 ms] Found plugin image_picker_for_web at C:\Users\Nikhi\AppData\Local\Pub\Cache\hosted\pub.dev\image_picker_for_web-3.1.1\
[   +1 ms] Found plugin image_picker_android at C:\Users\Nikhi\AppData\Local\Pub\Cache\hosted\pub.dev\image_picker_android-0.8.13+10\
[   +6 ms] Found plugin flutter_secure_storage at C:\Users\Nikhi\AppData\Local\Pub\Cache\hosted\pub.dev\flutter_secure_storage-10.0.0\
[   +1 ms] Found plugin flutter_secure_storage_windows at C:\Users\Nikhi\AppData\Local\Pub\Cache\hosted\pub.dev\flutter_secure_storage_windows-4.1.0\
[   +2 ms] Found plugin flutter_secure_storage_web at C:\Users\Nikhi\AppData\Local\Pub\Cache\hosted\pub.dev\flutter_secure_storage_web-2.1.0\
[   +1 ms] Found plugin flutter_secure_storage_linux at C:\Users\Nikhi\AppData\Local\Pub\Cache\hosted\pub.dev\flutter_secure_storage_linux-3.0.0\
[   +1 ms] Found plugin flutter_secure_storage_darwin at C:\Users\Nikhi\AppData\Local\Pub\Cache\hosted\pub.dev\flutter_secure_storage_darwin-0.2.0\
[   +1 ms] Found plugin flutter_ringtone_player at C:\Users\Nikhi\AppData\Local\Pub\Cache\hosted\pub.dev\flutter_ringtone_player-3.2.0\
[   +6 ms] Found plugin firebase_core at C:\Users\Nikhi\AppData\Local\Pub\Cache\hosted\pub.dev\firebase_core-3.15.2\
[   +1 ms] Found plugin firebase_core_web at C:\Users\Nikhi\AppData\Local\Pub\Cache\hosted\pub.dev\firebase_core_web-2.24.1\
[   +2 ms] Found plugin firebase_auth at C:\Users\Nikhi\AppData\Local\Pub\Cache\hosted\pub.dev\firebase_auth-5.7.0\
[   +1 ms] Found plugin firebase_auth_web at C:\Users\Nikhi\AppData\Local\Pub\Cache\hosted\pub.dev\firebase_auth_web-5.15.3\
[   +9 ms] Skipping generating dart_plugin_registrant.dart because it is up-to-date.
[        ] gen_dart_plugin_registrant: Complete
[ +795 ms] gen_localizations: Complete
[   +3 ms] Skipping target: _composite
[   +1 ms] complete
[   +5 ms] Launching lib\main.dart on A059 in debug mode...
[   +3 ms] C:\flutter\bin\cache\dart-sdk\bin\dartaotruntime.exe C:\flutter\bin\cache\dart-sdk\bin\snapshots\frontend_server_aot.dart.snapshot --sdk-root C:\flutter\bin\cache\artifacts\engine\common\flutter_patched_sdk/ --incremental --target=flutter --experimental-emit-debug-metadata -DFLUTTER_VERSION=3.35.6 -DFLUTTER_CHANNEL=stable -DFLUTTER_GIT_URL=https://github.com/flutter/flutter.git -DFLUTTER_FRAMEWORK_REVISION=9f455d2486 -DFLUTTER_ENGINE_REVISION=d2913632a4 -DFLUTTER_DART_VERSION=3.9.2 --output-dill C:\Users\Nikhi\AppData\Local\Temp\flutter_tools.aabd0a97\flutter_tool.482ae76a\app.dill --packages C:\Users\Nikhi\guardrail_1\GuardRail\.dart_tool\package_config.json -Ddart.vm.profile=false -Ddart.vm.product=false --enable-asserts --track-widget-creation --filesystem-scheme org-dartlang-root --initialize-from-dill build\f61019181a390ebae04f980d79c3991a.cache.dill.track.dill --source file:///C:/Users/Nikhi/guardrail_1/GuardRail/.dart_tool/flutter_build/dart_plugin_registrant.dart --source package:flutter/src/dart_plugin_registrant.dart -Dflutter.dart_plugin_registrant=file:///C:/Users/Nikhi/guardrail_1/GuardRail/.dart_tool/flutter_build/dart_plugin_registrant.dart --verbosity=error --enable-experiment=alternative-invalidation-strategy
[  +12 ms] executing: C:\Users\Nikhi\AppData\Local\Android\sdk\platform-tools\adb.exe -s 001603583000235 shell -x logcat -v time -t 1
[  +10 ms] <- compile package:guardrail/main.dart
[  +95 ms] Error: Couldn't resolve the package 'flutter_gen' in 'package:flutter_gen/gen_l10n/app_localizations.dart'.
[  +20 ms] --------- beginning of main
           01-04 18:42:52.398 D/StNfcHal( 1957): HalStopTimer
[   +7 ms] executing: C:\Users\Nikhi\AppData\Local\Android\sdk\platform-tools\adb.exe version
[  +44 ms] Android Debug Bridge version 1.0.41
           Version 36.0.0-13206524
           Installed as C:\Users\Nikhi\AppData\Local\Android\sdk\platform-tools\adb.exe
           Running on Windows 10.0.26100
[   +1 ms] executing: C:\Users\Nikhi\AppData\Local\Android\sdk\platform-tools\adb.exe start-server
[  +41 ms] Building APK
[  +10 ms] executing: C:\Program Files\Android\Android Studio\jbr\bin\java -version
[ +145 ms] Exit code 0 from: C:\Program Files\Android\Android Studio\jbr\bin\java -version
[        ] openjdk version "21.0.8" 2025-07-15
           OpenJDK Runtime Environment (build 21.0.8+-14018985-b1038.68)
           OpenJDK 64-Bit Server VM (build 21.0.8+-14018985-b1038.68, mixed mode)
[   +7 ms] Top-level Gradle build file not found, skipping migration of task "clean".
[   +2 ms] executing: C:\Program Files\Android\Android Studio\jbr\bin\java --version
[ +144 ms] Exit code 0 from: C:\Program Files\Android\Android Studio\jbr\bin\java --version
[        ] openjdk 21.0.8 2025-07-15
           OpenJDK Runtime Environment (build 21.0.8+-14018985-b1038.68)
           OpenJDK 64-Bit Server VM (build 21.0.8+-14018985-b1038.68, mixed mode)
[   +2 ms] Version of Java is different than impacted version, no migration attempted.
[  +17 ms] CMake project not found, skipping support Android 15 16k page size migration.
[   +4 ms] Using gradle from C:\Users\Nikhi\guardrail_1\GuardRail\android\gradlew.bat.
[  +49 ms] LocalFile: 'C:\Users\Nikhi\guardrail_1\GuardRail\android\build.gradle.kts' doesn't provide an AGP version. Checking settings.
[  +10 ms] LocalFile: 'C:\Users\Nikhi\guardrail_1\GuardRail\android\settings.gradle.kts' provides AGP version: 8.9.1
[  +25 ms] Running Gradle task 'assembleDebug'...
[        ] executing: [C:\Users\Nikhi\guardrail_1\GuardRail\android/] C:\Users\Nikhi\guardrail_1\GuardRail\android\gradlew.bat --full-stacktrace --info -Pverbose=true -Ptarget-platform=android-arm64 -Ptarget=C:\Users\Nikhi\guardrail_1\GuardRail\lib\main.dart -Pbase-application-name=android.app.Application -Pdart-defines=RkxVVFRFUl9WRVJTSU9OPTMuMzUuNg==,RkxVVFRFUl9DSEFOTkVMPXN0YWJsZQ==,RkxVVFRFUl9HSVRfVVJMPWh0dHBzOi8vZ2l0aHViLmNvbS9mbHV0dGVyL2ZsdXR0ZXIuZ2l0,RkxVVFRFUl9GUkFNRVdPUktfUkVWSVNJT049OWY0NTVkMjQ4Ng==,RkxVVFRFUl9FTkdJTkVfUkVWSVNJT049ZDI5MTM2MzJhNA==,RkxVVFRFUl9EQVJUX1ZFUlNJT049My45LjI= -Pdart-obfuscation=false -Ptrack-widget-creation=true -Ptree-shake-icons=false -Pfilesystem-scheme=org-dartlang-root assembleDebug
[   +5 ms] lib/screens/auth/login_screen.dart:4:8: Error: Not found: 'package:flutter_gen/gen_l10n/app_localizations.dart'
[        ] import 'package:flutter_gen/gen_l10n/app_localizations.dart';
[        ]        ^
[  +20 ms] lib/screens/welcome_screen.dart:3:8: Error: Not found: 'package:flutter_gen/gen_l10n/app_localizations.dart'
[        ] import 'package:flutter_gen/gen_l10n/app_localizations.dart';
[        ]        ^
[        ] lib/screens/resident/resident_settings_screen.dart:3:8: Error: Not found: 'package:flutter_gen/gen_l10n/app_localizations.dart'
[        ] import 'package:flutter_gen/gen_l10n/app_localizations.dart';
[        ]        ^
[ +838 ms] Initialized native services in: C:\Users\Nikhi\.gradle\native
[        ] Initialized jansi services in: C:\Users\Nikhi\.gradle\native
[ +424 ms] The client will now receive all logging from the daemon (pid: 14204). The daemon log file: C:\Users\Nikhi\.gradle\daemon\8.12\daemon-14204.out.log
[        ] Starting 2nd build in daemon [uptime: 1 mins 11.948 secs, performance: 99%, GC rate: 0.00/s, heap usage: 0% of 8 GiB, non-heap usage: 2% of 4 GiB]
[        ] Using 16 worker leases.
[  +97 ms] Now considering [C:\Users\Nikhi\guardrail_1\GuardRail\android, C:\flutter\packages\flutter_tools\gradle] as hierarchies to watch
[        ] Watching the file system is configured to be enabled if available
[        ] File system watching is active
[        ] Starting Build
[        ] Now considering [C:\flutter\packages\flutter_tools\gradle, C:\Users\Nikhi\guardrail_1\GuardRail\android] as hierarchies to watch
[ +191 ms] > Configure project :gradle
[        ] Evaluating project ':gradle' using build file 'C:\flutter\packages\flutter_tools\gradle\build.gradle.kts'.
[        ] Resolved plugin [id: 'org.gradle.java-gradle-plugin']
[        ] Resolved plugin [id: 'org.gradle.groovy']
[        ] Resolved plugin [id: 'org.gradle.kotlin.kotlin-dsl', version: '5.1.2']
[        ] Resolved plugin [id: 'org.jetbrains.kotlin.jvm', version: '1.9.20']
[        ] Using Kotlin Gradle Plugin gradle85 variant
[        ] kotlin scripting plugin: created the scripting discovery configuration: kotlinScriptDef
[        ] kotlin scripting plugin: created the scripting discovery configuration: testKotlinScriptDef
[        ] file or directory 'C:\flutter\packages\flutter_tools\gradle\src\main\java', not found
[        ] Resolved plugin [id: 'dev.flutter.flutter-plugin-loader', version: '1.0.0']
[        ] Resolved plugin [id: 'com.android.application', version: '8.9.1', apply: false]
[        ] Resolved plugin [id: 'org.jetbrains.kotlin.android', version: '2.1.0', apply: false]
[        ] Resolved plugin [id: 'com.google.gms.google-services', version: '4.4.1', apply: false]
[ +105 ms] Resolve mutations for :gradle:checkKotlinGradlePluginConfigurationErrors (Thread[#307,Execution worker,5,main]) started.
[        ] :gradle:checkKotlinGradlePluginConfigurationErrors (Thread[#307,Execution worker,5,main]) started.
[        ] > Task :gradle:checkKotlinGradlePluginConfigurationErrors SKIPPED
[        ] Skipping task ':gradle:checkKotlinGradlePluginConfigurationErrors' as task onlyIf 'errorDiagnostics are present' is false.
[        ] Resolve mutations for :gradle:compileKotlin (Thread[#307,Execution worker,5,main]) started.
[        ] :gradle:compileKotlin (Thread[#307,Execution worker,5,main]) started.
[  +99 ms] > Task :gradle:compileKotlin UP-TO-DATE
[        ] Caching disabled for task ':gradle:compileKotlin' because:
[        ]   Build cache is disabled
[        ] Skipping task ':gradle:compileKotlin' as it is up-to-date.
[        ] Resolve mutations for :gradle:compileJava (Thread[#307,Execution worker,5,main]) started.
[        ] :gradle:compileJava (Thread[#307,Execution worker,5,main]) started.
[        ] > Task :gradle:compileJava NO-SOURCE
[        ] Skipping task ':gradle:compileJava' as it has no source files and no previous output files.
[        ] Resolve mutations for :gradle:compileGroovy (Thread[#307,Execution worker,5,main]) started.
[        ] :gradle:compileGroovy (Thread[#307,Execution worker,5,main]) started.
[        ] > Task :gradle:compileGroovy NO-SOURCE
[        ] Skipping task ':gradle:compileGroovy' as it has no source files and no previous output files.
[        ] Resolve mutations for :gradle:pluginDescriptors (Thread[#307,Execution worker,5,main]) started.
[        ] :gradle:pluginDescriptors (Thread[#307,Execution worker,5,main]) started.
[        ] > Task :gradle:pluginDescriptors UP-TO-DATE
[        ] Caching disabled for task ':gradle:pluginDescriptors' because:
[        ]   Build cache is disabled
[        ]   Not worth caching
[        ] Skipping task ':gradle:pluginDescriptors' as it is up-to-date.
[        ] Resolve mutations for :gradle:processResources (Thread[#307,Execution worker,5,main]) started.
[        ] :gradle:processResources (Thread[#307,Execution worker,5,main]) started.
[        ] > Task :gradle:processResources UP-TO-DATE
[        ] Caching disabled for task ':gradle:processResources' because:
[        ]   Build cache is disabled
[        ]   Not worth caching
[        ] Skipping task ':gradle:processResources' as it is up-to-date.
[        ] Resolve mutations for :gradle:classes (Thread[#307,Execution worker,5,main]) started.
[        ] :gradle:classes (Thread[#307,Execution worker,5,main]) started.
[        ] > Task :gradle:classes UP-TO-DATE
[        ] Skipping task ':gradle:classes' as it has no actions.
[        ] Resolve mutations for :gradle:jar (Thread[#307,Execution worker,5,main]) started.
[        ] :gradle:jar (Thread[#307,Execution worker,5,main]) started.
[        ] > Task :gradle:jar UP-TO-DATE
[        ] Caching disabled for task ':gradle:jar' because:
[        ]   Build cache is disabled
[        ]   Not worth caching
[        ] Skipping task ':gradle:jar' as it is up-to-date.
[ +190 ms] Settings evaluated using settings file 'C:\Users\Nikhi\guardrail_1\GuardRail\android\settings.gradle.kts'.
[        ] Projects loaded. Root project using build file 'C:\Users\Nikhi\guardrail_1\GuardRail\android\build.gradle.kts'.
[        ] Included projects: [root project 'android', project ':app', project ':firebase_auth', project ':firebase_core', project ':flutter_plugin_android_lifecycle', project ':flutter_ringtone_player', project ':flutter_secure_storage', project ':image_picker_android', project ':local_auth_android', project ':mobile_scanner', project ':package_info_plus', project ':path_provider_android', project ':permission_handler_android', project ':sentry_flutter', project ':share_plus', project ':shared_preferences_android']
[  +82 ms] lib/screens/resident/resident_settings_screen.dart:329:40: Error: Type 'AppLocalizations' not found.
[        ]   String _getLanguageName(String code, AppLocalizations l10n) {
[        ]                                        ^^^^^^^^^^^^^^^^
[ +208 ms] > Configure project :app
[        ] Evaluating project ':app' using build file 'C:\Users\Nikhi\guardrail_1\GuardRail\android\app\build.gradle.kts'.
[        ] Resolved plugin [id: 'com.android.application']
[        ] Resolved plugin [id: 'kotlin-android']
[        ] Resolved plugin [id: 'dev.flutter.flutter-gradle-plugin']
[        ] Resolved plugin [id: 'com.google.gms.google-services']
[        ] Using default execution profile
[        ] Using Kotlin Gradle Plugin gradle85 variant
[        ] C/C++: android.ndkVersion from module build.gradle is [27.0.12077973]
[        ] C/C++: android.ndkPath from module build.gradle is not set
[        ] C/C++: ndk.dir in local.properties is not set
[        ] C/C++: Not considering ANDROID_NDK_HOME because support was removed after deprecation period.
[        ] C/C++: sdkFolder is C:\Users\Nikhi\AppData\Local\Android\sdk
[        ] C/C++: android.ndkVersion from module build.gradle is [27.0.12077973]
[        ] C/C++: android.ndkPath from module build.gradle is not set
[        ] C/C++: ndk.dir in local.properties is not set
[        ] C/C++: Not considering ANDROID_NDK_HOME because support was removed after deprecation period.
[        ] C/C++: sdkFolder is C:\Users\Nikhi\AppData\Local\Android\sdk
[        ] C/C++: android.ndkVersion from module build.gradle is [27.0.12077973]
[        ] C/C++: android.ndkPath from module build.gradle is not set
[        ] C/C++: ndk.dir in local.properties is not set
[        ] C/C++: Not considering ANDROID_NDK_HOME because support was removed after deprecation period.
[        ] C/C++: sdkFolder is C:\Users\Nikhi\AppData\Local\Android\sdk
[        ] C/C++: android.ndkVersion from module build.gradle is [27.0.12077973]
[        ] C/C++: android.ndkPath from module build.gradle is not set
[        ] C/C++: ndk.dir in local.properties is not set
[        ] C/C++: Not considering ANDROID_NDK_HOME because support was removed after deprecation period.
[        ] C/C++: sdkFolder is C:\Users\Nikhi\AppData\Local\Android\sdk
[        ] C/C++: android.ndkVersion from module build.gradle is [27.0.12077973]
[        ] C/C++: android.ndkPath from module build.gradle is not set
[        ] C/C++: ndk.dir in local.properties is not set
[        ] C/C++: Not considering ANDROID_NDK_HOME because support was removed after deprecation period.
[        ] C/C++: sdkFolder is C:\Users\Nikhi\AppData\Local\Android\sdk
[        ] C/C++: android.ndkVersion from module build.gradle is [27.0.12077973]
[        ] C/C++: android.ndkPath from module build.gradle is not set
[        ] C/C++: ndk.dir in local.properties is not set
[        ] C/C++: Not considering ANDROID_NDK_HOME because support was removed after deprecation period.
[        ] C/C++: sdkFolder is C:\Users\Nikhi\AppData\Local\Android\sdk
[        ] C/C++: android.ndkVersion from module build.gradle is [27.0.12077973]
[        ] C/C++: android.ndkPath from module build.gradle is not set
[        ] C/C++: ndk.dir in local.properties is not set
[        ] C/C++: Not considering ANDROID_NDK_HOME because support was removed after deprecation period.
[        ] C/C++: sdkFolder is C:\Users\Nikhi\AppData\Local\Android\sdk
[        ] C/C++: android.ndkVersion from module build.gradle is [27.0.12077973]
[        ] C/C++: android.ndkPath from module build.gradle is not set
[        ] C/C++: ndk.dir in local.properties is not set
[        ] C/C++: Not considering ANDROID_NDK_HOME because support was removed after deprecation period.
[        ] C/C++: sdkFolder is C:\Users\Nikhi\AppData\Local\Android\sdk
[        ] C/C++: android.ndkVersion from module build.gradle is [27.0.12077973]
[        ] C/C++: android.ndkPath from module build.gradle is not set
[        ] C/C++: ndk.dir in local.properties is not set
[        ] C/C++: Not considering ANDROID_NDK_HOME because support was removed after deprecation period.
[        ] C/C++: sdkFolder is C:\Users\Nikhi\AppData\Local\Android\sdk
[        ] C/C++: android.ndkVersion from module build.gradle is [27.0.12077973]
[        ] C/C++: android.ndkPath from module build.gradle is not set
[        ] C/C++: ndk.dir in local.properties is not set
[        ] C/C++: Not considering ANDROID_NDK_HOME because support was removed after deprecation period.
[        ] C/C++: sdkFolder is C:\Users\Nikhi\AppData\Local\Android\sdk
[        ] C/C++: android.ndkVersion from module build.gradle is [27.0.12077973]
[        ] C/C++: android.ndkPath from module build.gradle is not set
[        ] C/C++: ndk.dir in local.properties is not set
[        ] C/C++: Not considering ANDROID_NDK_HOME because support was removed after deprecation period.
[        ] C/C++: sdkFolder is C:\Users\Nikhi\AppData\Local\Android\sdk
[        ] C/C++: android.ndkVersion from module build.gradle is [27.0.12077973]
[        ] C/C++: android.ndkPath from module build.gradle is not set
[        ] C/C++: ndk.dir in local.properties is not set
[        ] C/C++: Not considering ANDROID_NDK_HOME because support was removed after deprecation period.
[        ] C/C++: sdkFolder is C:\Users\Nikhi\AppData\Local\Android\sdk
[        ] C/C++: android.ndkVersion from module build.gradle is [27.0.12077973]
[        ] C/C++: android.ndkPath from module build.gradle is not set
[        ] C/C++: ndk.dir in local.properties is not set
[        ] C/C++: Not considering ANDROID_NDK_HOME because support was removed after deprecation period.
[        ] C/C++: sdkFolder is C:\Users\Nikhi\AppData\Local\Android\sdk
[        ] C/C++: android.ndkVersion from module build.gradle is [27.0.12077973]
[        ] C/C++: android.ndkPath from module build.gradle is not set
[        ] C/C++: ndk.dir in local.properties is not set
[        ] C/C++: Not considering ANDROID_NDK_HOME because support was removed after deprecation period.
[        ] C/C++: sdkFolder is C:\Users\Nikhi\AppData\Local\Android\sdk
[        ] C/C++: android.ndkVersion from module build.gradle is [27.0.12077973]
[        ] C/C++: android.ndkPath from module build.gradle is not set
[        ] C/C++: ndk.dir in local.properties is not set
[        ] C/C++: Not considering ANDROID_NDK_HOME because support was removed after deprecation period.
[        ] C/C++: sdkFolder is C:\Users\Nikhi\AppData\Local\Android\sdk
[        ] C/C++: android.ndkVersion from module build.gradle is [27.0.12077973]
[        ] C/C++: android.ndkPath from module build.gradle is not set
[        ] C/C++: ndk.dir in local.properties is not set
[        ] C/C++: Not considering ANDROID_NDK_HOME because support was removed after deprecation period.
[        ] C/C++: sdkFolder is C:\Users\Nikhi\AppData\Local\Android\sdk
[        ] C/C++: android.ndkVersion from module build.gradle is [27.0.12077973]
[        ] C/C++: android.ndkPath from module build.gradle is not set
[        ] C/C++: ndk.dir in local.properties is not set
[        ] C/C++: Not considering ANDROID_NDK_HOME because support was removed after deprecation period.
[        ] C/C++: sdkFolder is C:\Users\Nikhi\AppData\Local\Android\sdk
[        ] C/C++: android.ndkVersion from module build.gradle is [27.0.12077973]
[        ] C/C++: android.ndkPath from module build.gradle is not set
[        ] C/C++: ndk.dir in local.properties is not set
[        ] C/C++: Not considering ANDROID_NDK_HOME because support was removed after deprecation period.
[        ] C/C++: sdkFolder is C:\Users\Nikhi\AppData\Local\Android\sdk
[        ] C/C++: android.ndkVersion from module build.gradle is [27.0.12077973]
[        ] C/C++: android.ndkPath from module build.gradle is not set
[        ] C/C++: ndk.dir in local.properties is not set
[        ] C/C++: Not considering ANDROID_NDK_HOME because support was removed after deprecation period.
[        ] C/C++: sdkFolder is C:\Users\Nikhi\AppData\Local\Android\sdk
[        ] > Configure project :
[        ] Evaluating root project 'android' using build file 'C:\Users\Nikhi\guardrail_1\GuardRail\android\build.gradle.kts'.
[  +78 ms] > Configure project :firebase_auth
[        ] Evaluating project ':firebase_auth' using build file 'C:\Users\Nikhi\AppData\Local\Pub\Cache\hosted\pub.dev\firebase_auth-5.7.0\android\build.gradle'.
[        ] Using default execution profile
[        ] > Configure project :firebase_core
[        ] Evaluating project ':firebase_core' using build file 'C:\Users\Nikhi\AppData\Local\Pub\Cache\hosted\pub.dev\firebase_core-3.15.2\android\build.gradle'.
[        ] Using default execution profile
[ +208 ms] > Configure project :flutter_plugin_android_lifecycle
[        ] Evaluating project ':flutter_plugin_android_lifecycle' using build file 'C:\Users\Nikhi\AppData\Local\Pub\Cache\hosted\pub.dev\flutter_plugin_android_lifecycle-2.0.33\android\build.gradle'.
[        ] Using default execution profile
[ +201 ms] > Configure project :flutter_ringtone_player
[        ] Evaluating project ':flutter_ringtone_player' using build file 'C:\Users\Nikhi\AppData\Local\Pub\Cache\hosted\pub.dev\flutter_ringtone_player-3.2.0\android\build.gradle'.
[        ] Using default execution profile
[ +184 ms] [Incubating] Problems report is available at: file:///C:/Users/Nikhi/guardrail_1/GuardRail/android/build/reports/problems/problems-report.html
flutter : [   +1 ms] 
FAILURE: Build failed 
with an exception.
At line:1 char:65
+ ... 
Files\Android\Android 
Studio\jbr"; flutter 
run --verbose 2>&1 | 
Out-F ...
+                      
                  ~~~~~
~~~~~~~~~~~~~~~~~~~~~
    + CategoryInfo     
         : NotSpecifi  
  ed: ([   +1 ms] FA   
 IL...h an exceptio    
n.:String) [], Rem    
oteException
    + FullyQualifiedEr 
   rorId : NativeComm  
  andError
 
[   +2 ms] * What went 
wrong:
[        ] A problem 
occurred configuring 
project ':flutter_ringt
one_player'.
[        ] > Could not 
create an instance of 
type com.android.build.
api.variant.impl.Librar
yVariantBuilderImpl.
[        ]    > 
Namespace not 
specified. Specify a 
namespace in the 
module's build file: C:
\Users\Nikhi\AppData\Lo
cal\Pub\Cache\hosted\pu
b.dev\flutter_ringtone_
player-3.2.0\android\bu
ild.gradle. See https:/
/d.android.com/r/tools/
upgrade-assistant/set-n
amespace for 
information about 
setting the namespace.
[        ]      If 
you've specified the 
package attribute in 
the source 
AndroidManifest.xml, 
you can use the AGP 
Upgrade Assistant to 
migrate to the 
namespace value in the 
build file. Refer to ht
tps://d.android.com/r/t
ools/upgrade-assistant/
agp-upgrade-assistant 
for general 
information about 
using the AGP Upgrade 
Assistant.
[        ] * Try:
[        ] > Run with 
--debug option to get 
more log output.
[        ] > Run with 
--scan to get full 
insights.
[        ] > Get more 
help at https://help.gr
adle.org.
[        ] * Exception 
is:
[        ] org.gradle.a
pi.ProjectConfiguration
Exception: A problem 
occurred configuring 
project ':flutter_ringt
one_player'.
[        ] 	at org.grad
le.configuration.projec
t.LifecycleProjectEvalu
ator.wrapException(Life
cycleProjectEvaluator.j
ava:84)
[        ] 	at org.grad
le.configuration.projec
t.LifecycleProjectEvalu
ator.addConfigurationFa
ilure(LifecycleProjectE
valuator.java:77)
[        ] 	at org.grad
le.configuration.projec
t.LifecycleProjectEvalu
ator.access$500(Lifecyc
leProjectEvaluator.java
:55)
[        ] 	at org.grad
le.configuration.projec
t.LifecycleProjectEvalu
ator$NotifyAfterEvaluat
e.run(LifecycleProjectE
valuator.java:255)
[        ] 	at org.grad
le.internal.operations.
DefaultBuildOperationRu
nner$1.execute(DefaultB
uildOperationRunner.jav
a:29)
[        ] 	at org.grad
le.internal.operations.
DefaultBuildOperationRu
nner$1.execute(DefaultB
uildOperationRunner.jav
a:26)
[        ] 	at org.grad
le.internal.operations.
DefaultBuildOperationRu
nner$2.execute(DefaultB
uildOperationRunner.jav
a:66)
[        ] 	at org.grad
le.internal.operations.
DefaultBuildOperationRu
nner$2.execute(DefaultB
uildOperationRunner.jav
a:59)
[        ] 	at org.grad
le.internal.operations.
DefaultBuildOperationRu
nner.execute(DefaultBui
ldOperationRunner.java:
166)
[        ] 	at org.grad
le.internal.operations.
DefaultBuildOperationRu
nner.execute(DefaultBui
ldOperationRunner.java:
59)
[        ] 	at org.grad
le.internal.operations.
DefaultBuildOperationRu
nner.run(DefaultBuildOp
erationRunner.java:47)
[        ] 	at org.grad
le.configuration.projec
t.LifecycleProjectEvalu
ator$EvaluateProject.la
mbda$run$0(LifecyclePro
jectEvaluator.java:114)
[        ] 	at org.grad
le.api.internal.project
.DefaultProjectStateReg
istry$ProjectStateImpl.
lambda$applyToMutableSt
ate$1(DefaultProjectSta
teRegistry.java:411)
[        ] 	at org.grad
le.api.internal.project
.DefaultProjectStateReg
istry$ProjectStateImpl.
lambda$fromMutableState
$2(DefaultProjectStateR
egistry.java:434)
[        ] 	at org.grad
le.internal.work.Defaul
tWorkerLeaseService.wit
hReplacedLocks(DefaultW
orkerLeaseService.java:
359)
[        ] 	at org.grad
le.api.internal.project
.DefaultProjectStateReg
istry$ProjectStateImpl.
fromMutableState(Defaul
tProjectStateRegistry.j
ava:434)
[        ] 	at org.grad
le.api.internal.project
.DefaultProjectStateReg
istry$ProjectStateImpl.
applyToMutableState(Def
aultProjectStateRegistr
y.java:410)
[        ] 	at org.grad
le.configuration.projec
t.LifecycleProjectEvalu
ator$EvaluateProject.ru
n(LifecycleProjectEvalu
ator.java:100)
[        ] 	at org.grad
le.internal.operations.
DefaultBuildOperationRu
nner$1.execute(DefaultB
uildOperationRunner.jav
a:29)
[        ] 	at org.grad
le.internal.operations.
DefaultBuildOperationRu
nner$1.execute(DefaultB
uildOperationRunner.jav
a:26)
[        ] 	at org.grad
le.internal.operations.
DefaultBuildOperationRu
nner$2.execute(DefaultB
uildOperationRunner.jav
a:66)
[        ] 	at org.grad
le.internal.operations.
DefaultBuildOperationRu
nner$2.execute(DefaultB
uildOperationRunner.jav
a:59)
[        ] 	at org.grad
le.internal.operations.
DefaultBuildOperationRu
nner.execute(DefaultBui
ldOperationRunner.java:
166)
[        ] 	at org.grad
le.internal.operations.
DefaultBuildOperationRu
nner.execute(DefaultBui
ldOperationRunner.java:
59)
[        ] 	at org.grad
le.internal.operations.
DefaultBuildOperationRu
nner.run(DefaultBuildOp
erationRunner.java:47)
[        ] 	at org.grad
le.configuration.projec
t.LifecycleProjectEvalu
ator.evaluate(Lifecycle
ProjectEvaluator.java:7
2)
[        ] 	at org.grad
le.api.internal.project
.DefaultProject.evaluat
eUnchecked(DefaultProje
ct.java:828)
[        ] 	at org.grad
le.api.internal.project
.ProjectLifecycleContro
ller.lambda$ensureSelfC
onfigured$2(ProjectLife
cycleController.java:85
)
[        ] 	at org.grad
le.internal.model.State
TransitionController.la
mbda$doTransition$14(St
ateTransitionController
.java:255)
[        ] 	at org.grad
le.internal.model.State
TransitionController.do
Transition(StateTransit
ionController.java:266)
[        ] 	at org.grad
le.internal.model.State
TransitionController.do
Transition(StateTransit
ionController.java:254)
[        ] 	at org.grad
le.internal.model.State
TransitionController.la
mbda$maybeTransitionIfN
otCurrentlyTransitionin
g$10(StateTransitionCon
troller.java:199)
[        ] 	at org.grad
le.internal.work.Defaul
tSynchronizer.withLock(
DefaultSynchronizer.jav
a:36)
[        ] 	at org.grad
le.internal.model.State
TransitionController.ma
ybeTransitionIfNotCurre
ntlyTransitioning(State
TransitionController.ja
va:195)
[        ] 	at org.grad
le.api.internal.project
.ProjectLifecycleContro
ller.ensureSelfConfigur
ed(ProjectLifecycleCont
roller.java:85)
[        ] 	at org.grad
le.api.internal.project
.DefaultProjectStateReg
istry$ProjectStateImpl.
ensureConfigured(Defaul
tProjectStateRegistry.j
ava:385)
[        ] 	at org.grad
le.execution.TaskPathPr
ojectEvaluator.configur
e(TaskPathProjectEvalua
tor.java:42)
[        ] 	at org.grad
le.execution.TaskPathPr
ojectEvaluator.configur
eHierarchy(TaskPathProj
ectEvaluator.java:58)
[        ] 	at org.grad
le.configuration.Defaul
tProjectsPreparer.prepa
reProjects(DefaultProje
ctsPreparer.java:50)
[        ] 	at org.grad
le.configuration.BuildT
reePreparingProjectsPre
parer.prepareProjects(B
uildTreePreparingProjec
tsPreparer.java:65)
[        ] 	at org.grad
le.configuration.BuildO
perationFiringProjectsP
reparer$ConfigureBuild.
run(BuildOperationFirin
gProjectsPreparer.java:
52)
[        ] 	at org.grad
le.internal.operations.
DefaultBuildOperationRu
nner$1.execute(DefaultB
uildOperationRunner.jav
a:29)
[        ] 	at org.grad
le.internal.operations.
DefaultBuildOperationRu
nner$1.execute(DefaultB
uildOperationRunner.jav
a:26)
[        ] 	at org.grad
le.internal.operations.
DefaultBuildOperationRu
nner$2.execute(DefaultB
uildOperationRunner.jav
a:66)
[        ] 	at org.grad
le.internal.operations.
DefaultBuildOperationRu
nner$2.execute(DefaultB
uildOperationRunner.jav
a:59)
[        ] 	at org.grad
le.internal.operations.
DefaultBuildOperationRu
nner.execute(DefaultBui
ldOperationRunner.java:
166)
[        ] 	at org.grad
le.internal.operations.
DefaultBuildOperationRu
nner.execute(DefaultBui
ldOperationRunner.java:
59)
[        ] 	at org.grad
le.internal.operations.
DefaultBuildOperationRu
nner.run(DefaultBuildOp
erationRunner.java:47)
[        ] 	at org.grad
le.configuration.BuildO
perationFiringProjectsP
reparer.prepareProjects
(BuildOperationFiringPr
ojectsPreparer.java:40)
[        ] 	at org.grad
le.initialization.Vinta
geBuildModelController.
lambda$prepareProjects$
2(VintageBuildModelCont
roller.java:84)
[        ] 	at org.grad
le.internal.model.State
TransitionController.la
mbda$doTransition$14(St
ateTransitionController
.java:255)
[        ] 	at org.grad
le.internal.model.State
TransitionController.do
Transition(StateTransit
ionController.java:266)
[        ] 	at org.grad
le.internal.model.State
TransitionController.do
Transition(StateTransit
ionController.java:254)
[        ] 	at org.grad
le.internal.model.State
TransitionController.la
mbda$transitionIfNotPre
viously$11(StateTransit
ionController.java:213)
[        ] 	at org.grad
le.internal.work.Defaul
tSynchronizer.withLock(
DefaultSynchronizer.jav
a:36)
[        ] 	at org.grad
le.internal.model.State
TransitionController.tr
ansitionIfNotPreviously
(StateTransitionControl
ler.java:209)
[        ] 	at org.grad
le.initialization.Vinta
geBuildModelController.
prepareProjects(Vintage
BuildModelController.ja
va:84)
[        ] 	at org.grad
le.initialization.Vinta
geBuildModelController.
prepareToScheduleTasks(
VintageBuildModelContro
ller.java:71)
[        ] 	at org.grad
le.internal.build.Defau
ltBuildLifecycleControl
ler.lambda$prepareToSch
eduleTasks$6(DefaultBui
ldLifecycleController.j
ava:175)
[        ] 	at org.grad
le.internal.model.State
TransitionController.la
mbda$doTransition$14(St
ateTransitionController
.java:255)
[        ] 	at org.grad
le.internal.model.State
TransitionController.do
Transition(StateTransit
ionController.java:266)
[        ] 	at org.grad
le.internal.model.State
TransitionController.do
Transition(StateTransit
ionController.java:254)
[        ] 	at org.grad
le.internal.model.State
TransitionController.la
mbda$maybeTransition$9(
StateTransitionControll
er.java:190)
[        ] 	at org.grad
le.internal.work.Defaul
tSynchronizer.withLock(
DefaultSynchronizer.jav
a:36)
[        ] 	at org.grad
le.internal.model.State
TransitionController.ma
ybeTransition(StateTran
sitionController.java:1
86)
[        ] 	at org.grad
le.internal.build.Defau
ltBuildLifecycleControl
ler.prepareToScheduleTa
sks(DefaultBuildLifecyc
leController.java:173)
[        ] 	at org.grad
le.internal.buildtree.D
efaultBuildTreeWorkPrep
arer.scheduleRequestedT
asks(DefaultBuildTreeWo
rkPreparer.java:36)
[        ] 	at org.grad
le.internal.cc.impl.Vin
tageBuildTreeWorkContro
ller$scheduleAndRunRequ
estedTasks$1.apply(Vint
ageBuildTreeWorkControl
ler.kt:36)
[        ] 	at org.grad
le.internal.cc.impl.Vin
tageBuildTreeWorkContro
ller$scheduleAndRunRequ
estedTasks$1.apply(Vint
ageBuildTreeWorkControl
ler.kt:35)
[        ] 	at org.grad
le.composite.internal.D
efaultIncludedBuildTask
Graph.withNewWorkGraph(
DefaultIncludedBuildTas
kGraph.java:112)
[        ] 	at org.grad
le.internal.cc.impl.Vin
tageBuildTreeWorkContro
ller.scheduleAndRunRequ
estedTasks(VintageBuild
TreeWorkController.kt:3
5)
[        ] 	at org.grad
le.internal.buildtree.D
efaultBuildTreeLifecycl
eController.lambda$sche
duleAndRunTasks$1(Defau
ltBuildTreeLifecycleCon
troller.java:77)
[        ] 	at org.grad
le.internal.buildtree.D
efaultBuildTreeLifecycl
eController.lambda$runB
uild$4(DefaultBuildTree
LifecycleController.jav
a:120)
[        ] 	at org.grad
le.internal.model.State
TransitionController.la
mbda$transition$6(State
TransitionController.ja
va:169)
[        ] 	at org.grad
le.internal.model.State
TransitionController.do
Transition(StateTransit
ionController.java:266)
[        ] 	at org.grad
le.internal.model.State
TransitionController.la
mbda$transition$7(State
TransitionController.ja
va:169)
[        ] 	at org.grad
le.internal.work.Defaul
tSynchronizer.withLock(
DefaultSynchronizer.jav
a:46)
[        ] 	at org.grad
le.internal.model.State
TransitionController.tr
ansition(StateTransitio
nController.java:169)
[        ] 	at org.grad
le.internal.buildtree.D
efaultBuildTreeLifecycl
eController.runBuild(De
faultBuildTreeLifecycle
Controller.java:117)
[        ] 	at org.grad
le.internal.buildtree.D
efaultBuildTreeLifecycl
eController.scheduleAnd
RunTasks(DefaultBuildTr
eeLifecycleController.j
ava:77)
[        ] 	at org.grad
le.internal.buildtree.D
efaultBuildTreeLifecycl
eController.scheduleAnd
RunTasks(DefaultBuildTr
eeLifecycleController.j
ava:72)
[        ] 	at org.grad
le.tooling.internal.pro
vider.ExecuteBuildActio
nRunner.run(ExecuteBuil
dActionRunner.java:31)
[        ] 	at org.grad
le.launcher.exec.Chaini
ngBuildActionRunner.run
(ChainingBuildActionRun
ner.java:35)
[        ] 	at org.grad
le.internal.buildtree.P
roblemReportingBuildAct
ionRunner.run(ProblemRe
portingBuildActionRunne
r.java:49)
[        ] 	at org.grad
le.launcher.exec.BuildO
utcomeReportingBuildAct
ionRunner.run(BuildOutc
omeReportingBuildAction
Runner.java:71)
[        ] 	at org.grad
le.tooling.internal.pro
vider.FileSystemWatchin
gBuildActionRunner.run(
FileSystemWatchingBuild
ActionRunner.java:135)
[        ] 	at org.grad
le.launcher.exec.BuildC
ompletionNotifyingBuild
ActionRunner.run(BuildC
ompletionNotifyingBuild
ActionRunner.java:41)
[        ] 	at org.grad
le.launcher.exec.RootBu
ildLifecycleBuildAction
Executor.lambda$execute
$0(RootBuildLifecycleBu
ildActionExecutor.java:
54)
[        ] 	at org.grad
le.composite.internal.D
efaultRootBuildState.ru
n(DefaultRootBuildState
.java:130)
[        ] 	at org.grad
le.launcher.exec.RootBu
ildLifecycleBuildAction
Executor.execute(RootBu
ildLifecycleBuildAction
Executor.java:54)
[        ] 	at org.grad
le.internal.buildtree.I
nitDeprecationLoggingAc
tionExecutor.execute(In
itDeprecationLoggingAct
ionExecutor.java:62)
[        ] 	at org.grad
le.internal.buildtree.I
nitProblems.execute(Ini
tProblems.java:36)
[        ] 	at org.grad
le.internal.buildtree.D
efaultBuildTreeContext.
execute(DefaultBuildTre
eContext.java:40)
[        ] 	at org.grad
le.launcher.exec.BuildT
reeLifecycleBuildAction
Executor.lambda$execute
$0(BuildTreeLifecycleBu
ildActionExecutor.java:
71)
[        ] 	at org.grad
le.internal.buildtree.B
uildTreeState.run(Build
TreeState.java:60)
[        ] 	at org.grad
le.launcher.exec.BuildT
reeLifecycleBuildAction
Executor.execute(BuildT
reeLifecycleBuildAction
Executor.java:71)
[        ] 	at org.grad
le.launcher.exec.RunAsB
uildOperationBuildActio
nExecutor$2.call(RunAsB
uildOperationBuildActio
nExecutor.java:67)
[        ] 	at org.grad
le.launcher.exec.RunAsB
uildOperationBuildActio
nExecutor$2.call(RunAsB
uildOperationBuildActio
nExecutor.java:63)
[        ] 	at org.grad
le.internal.operations.
DefaultBuildOperationRu
nner$CallableBuildOpera
tionWorker.execute(Defa
ultBuildOperationRunner
.java:209)
[        ] 	at org.grad
le.internal.operations.
DefaultBuildOperationRu
nner$CallableBuildOpera
tionWorker.execute(Defa
ultBuildOperationRunner
.java:204)
[        ] 	at org.grad
le.internal.operations.
DefaultBuildOperationRu
nner$2.execute(DefaultB
uildOperationRunner.jav
a:66)
[        ] 	at org.grad
le.internal.operations.
DefaultBuildOperationRu
nner$2.execute(DefaultB
uildOperationRunner.jav
a:59)
[        ] 	at org.grad
le.internal.operations.
DefaultBuildOperationRu
nner.execute(DefaultBui
ldOperationRunner.java:
166)
[        ] 	at org.grad
le.internal.operations.
DefaultBuildOperationRu
nner.execute(DefaultBui
ldOperationRunner.java:
59)
[        ] 	at org.grad
le.internal.operations.
DefaultBuildOperationRu
nner.call(DefaultBuildO
perationRunner.java:53)
[        ] 	at org.grad
le.launcher.exec.RunAsB
uildOperationBuildActio
nExecutor.execute(RunAs
BuildOperationBuildActi
onExecutor.java:63)
[        ] 	at org.grad
le.launcher.exec.RunAsW
orkerThreadBuildActionE
xecutor.lambda$execute$
0(RunAsWorkerThreadBuil
dActionExecutor.java:36
)
[        ] 	at org.grad
le.internal.work.Defaul
tWorkerLeaseService.wit
hLocks(DefaultWorkerLea
seService.java:263)
[        ] 	at org.grad
le.internal.work.Defaul
tWorkerLeaseService.run
AsWorkerThread(DefaultW
orkerLeaseService.java:
127)
[        ] 	at org.grad
le.launcher.exec.RunAsW
orkerThreadBuildActionE
xecutor.execute(RunAsWo
rkerThreadBuildActionEx
ecutor.java:36)
[        ] 	at org.grad
le.tooling.internal.pro
vider.continuous.Contin
uousBuildActionExecutor
.execute(ContinuousBuil
dActionExecutor.java:11
0)
[        ] 	at org.grad
le.tooling.internal.pro
vider.SubscribableBuild
ActionExecutor.execute(
SubscribableBuildAction
Executor.java:64)
[        ] 	at org.grad
le.internal.session.Def
aultBuildSessionContext
.execute(DefaultBuildSe
ssionContext.java:46)
[        ] 	at org.grad
le.internal.buildproces
s.execution.BuildSessio
nLifecycleBuildActionEx
ecutor$ActionImpl.apply
(BuildSessionLifecycleB
uildActionExecutor.java
:92)
[        ] 	at org.grad
le.internal.buildproces
s.execution.BuildSessio
nLifecycleBuildActionEx
ecutor$ActionImpl.apply
(BuildSessionLifecycleB
uildActionExecutor.java
:80)
[        ] 	at org.grad
le.internal.session.Bui
ldSessionState.run(Buil
dSessionState.java:71)
[        ] 	at org.grad
le.internal.buildproces
s.execution.BuildSessio
nLifecycleBuildActionEx
ecutor.execute(BuildSes
sionLifecycleBuildActio
nExecutor.java:62)
[        ] 	at org.grad
le.internal.buildproces
s.execution.BuildSessio
nLifecycleBuildActionEx
ecutor.execute(BuildSes
sionLifecycleBuildActio
nExecutor.java:41)
[        ] 	at org.grad
le.internal.buildproces
s.execution.StartParams
ValidatingActionExecuto
r.execute(StartParamsVa
lidatingActionExecutor.
java:64)
[        ] 	at org.grad
le.internal.buildproces
s.execution.StartParams
ValidatingActionExecuto
r.execute(StartParamsVa
lidatingActionExecutor.
java:32)
[        ] 	at org.grad
le.internal.buildproces
s.execution.SessionFail
ureReportingActionExecu
tor.execute(SessionFail
ureReportingActionExecu
tor.java:51)
[        ] 	at org.grad
le.internal.buildproces
s.execution.SessionFail
ureReportingActionExecu
tor.execute(SessionFail
ureReportingActionExecu
tor.java:39)
[        ] 	at org.grad
le.internal.buildproces
s.execution.SetupLoggin
gActionExecutor.execute
(SetupLoggingActionExec
utor.java:47)
[        ] 	at org.grad
le.internal.buildproces
s.execution.SetupLoggin
gActionExecutor.execute
(SetupLoggingActionExec
utor.java:31)
[        ] 	at org.grad
le.launcher.daemon.serv
er.exec.ExecuteBuild.do
Build(ExecuteBuild.java
:70)
[        ] 	at org.grad
le.launcher.daemon.serv
er.exec.BuildCommandOnl
y.execute(BuildCommandO
nly.java:37)
[        ] 	at org.grad
le.launcher.daemon.serv
er.api.DaemonCommandExe
cution.proceed(DaemonCo
mmandExecution.java:104
)
[        ] 	at org.grad
le.launcher.daemon.serv
er.exec.WatchForDisconn
ection.execute(WatchFor
Disconnection.java:39)
[        ] 	at org.grad
le.launcher.daemon.serv
er.api.DaemonCommandExe
cution.proceed(DaemonCo
mmandExecution.java:104
)
[        ] 	at org.grad
le.launcher.daemon.serv
er.exec.ResetDeprecatio
nLogger.execute(ResetDe
precationLogger.java:29
)
[        ] 	at org.grad
le.launcher.daemon.serv
er.api.DaemonCommandExe
cution.proceed(DaemonCo
mmandExecution.java:104
)
[        ] 	at org.grad
le.launcher.daemon.serv
er.exec.RequestStopIfSi
ngleUsedDaemon.execute(
RequestStopIfSingleUsed
Daemon.java:35)
[        ] 	at org.grad
le.launcher.daemon.serv
er.api.DaemonCommandExe
cution.proceed(DaemonCo
mmandExecution.java:104
)
[        ] 	at org.grad
le.launcher.daemon.serv
er.exec.ForwardClientIn
put.lambda$execute$0(Fo
rwardClientInput.java:4
0)
[        ] 	at org.grad
le.internal.daemon.clie
ntinput.ClientInputForw
arder.forwardInput(Clie
ntInputForwarder.java:8
0)
[        ] 	at org.grad
le.launcher.daemon.serv
er.exec.ForwardClientIn
put.execute(ForwardClie
ntInput.java:37)
[        ] 	at org.grad
le.launcher.daemon.serv
er.api.DaemonCommandExe
cution.proceed(DaemonCo
mmandExecution.java:104
)
[        ] 	at org.grad
le.launcher.daemon.serv
er.exec.LogAndCheckHeal
th.execute(LogAndCheckH
ealth.java:64)
[        ] 	at org.grad
le.launcher.daemon.serv
er.api.DaemonCommandExe
cution.proceed(DaemonCo
mmandExecution.java:104
)
[        ] 	at org.grad
le.launcher.daemon.serv
er.exec.LogToClient.doB
uild(LogToClient.java:6
3)
[        ] 	at org.grad
le.launcher.daemon.serv
er.exec.BuildCommandOnl
y.execute(BuildCommandO
nly.java:37)
[        ] 	at org.grad
le.launcher.daemon.serv
er.api.DaemonCommandExe
cution.proceed(DaemonCo
mmandExecution.java:104
)
[        ] 	at org.grad
le.launcher.daemon.serv
er.exec.EstablishBuildE
nvironment.doBuild(Esta
blishBuildEnvironment.j
ava:84)
[        ] 	at org.grad
le.launcher.daemon.serv
er.exec.BuildCommandOnl
y.execute(BuildCommandO
nly.java:37)
[        ] 	at org.grad
le.launcher.daemon.serv
er.api.DaemonCommandExe
cution.proceed(DaemonCo
mmandExecution.java:104
)
[        ] 	at org.grad
le.launcher.daemon.serv
er.exec.StartBuildOrRes
pondWithBusy$1.run(Star
tBuildOrRespondWithBusy
.java:52)
[        ] 	at org.grad
le.launcher.daemon.serv
er.DaemonStateCoordinat
or.lambda$runCommand$0(
DaemonStateCoordinator.
java:321)
[        ] 	at org.grad
le.internal.concurrent.
ExecutorPolicy$CatchAnd
RecordFailures.onExecut
e(ExecutorPolicy.java:6
4)
[        ] 	at org.grad
le.internal.concurrent.
AbstractManagedExecutor
$1.run(AbstractManagedE
xecutor.java:48)
[        ] 	at java.bas
e/java.util.concurrent.
ThreadPoolExecutor.runW
orker(Unknown Source)
[        ] 	at java.bas
e/java.util.concurrent.
ThreadPoolExecutor$Work
er.run(Unknown Source)
[        ] 	at java.bas
e/java.lang.Thread.run(
Unknown Source)
[        ] Caused by: o
rg.gradle.api.reflect.O
bjectInstantiationExcep
tion: Could not create 
an instance of type com
.android.build.api.vari
ant.impl.LibraryVariant
BuilderImpl.
[        ] 	at org.grad
le.internal.instantiati
on.generator.Dependency
InjectingInstantiator.d
oCreate(DependencyInjec
tingInstantiator.java:6
7)
[        ] 	at org.grad
le.internal.instantiati
on.generator.Dependency
InjectingInstantiator.n
ewInstance(DependencyIn
jectingInstantiator.jav
a:53)
[        ] 	at org.grad
le.api.internal.model.D
efaultObjectFactory.new
Instance(DefaultObjectF
actory.java:92)
[        ] 	at com.andr
oid.build.gradle.intern
al.services.BaseService
sImpl.newInstance(BaseS
ervicesImpl.kt:36)
[        ] 	at com.andr
oid.build.gradle.intern
al.variant.LibraryVaria
ntFactory.createVariant
Builder(LibraryVariantF
actory.kt:70)
[        ] 	at com.andr
oid.build.gradle.intern
al.variant.LibraryVaria
ntFactory.createVariant
Builder(LibraryVariantF
actory.kt:58)
[        ] 	at com.andr
oid.build.gradle.intern
al.VariantManager.creat
eVariant(VariantManager
.kt:302)
[        ] 	at com.andr
oid.build.gradle.intern
al.VariantManager.creat
eVariantsFromCombinatio
n(VariantManager.kt:846
)
[        ] 	at com.andr
oid.build.gradle.intern
al.VariantManager.compu
teVariants(VariantManag
er.kt:228)
[        ] 	at com.andr
oid.build.gradle.intern
al.VariantManager.creat
eVariants(VariantManage
r.kt:189)
[        ] 	at com.andr
oid.build.gradle.intern
al.plugins.BasePlugin.c
reateAndroidTasks(BaseP
lugin.kt:721)
[        ] 	at com.andr
oid.build.gradle.intern
al.plugins.BasePlugin$c
reateTasks$2$1.call(Bas
ePlugin.kt:594)
[        ] 	at com.andr
oid.build.gradle.intern
al.profile.NoOpAnalytic
sConfiguratorService.re
cordBlock(NoOpAnalytics
ConfiguratorService.kt:
57)
[        ] 	at com.andr
oid.build.gradle.intern
al.plugins.BasePlugin$c
reateTasks$2.accept(Bas
ePlugin.kt:589)
[        ] 	at com.andr
oid.build.gradle.intern
al.plugins.BasePlugin$c
reateTasks$2.accept(Bas
ePlugin.kt:586)
[        ] 	at com.andr
oid.build.gradle.intern
al.crash.CrashReporting
$afterEvaluate$1.execut
e(crash_reporting.kt:37
)
[        ] 	at com.andr
oid.build.gradle.intern
al.crash.CrashReporting
$afterEvaluate$1.execut
e(crash_reporting.kt:35
)
[        ] 	at org.grad
le.internal.code.Defaul
tUserCodeApplicationCon
text$CurrentApplication
$1.execute(DefaultUserC
odeApplicationContext.j
ava:124)
[        ] 	at org.grad
le.configuration.intern
al.DefaultListenerBuild
OperationDecorator$Buil
dOperationEmittingActio
n$1.run(DefaultListener
BuildOperationDecorator
.java:173)
[        ] 	at org.grad
le.internal.operations.
DefaultBuildOperationRu
nner$1.execute(DefaultB
uildOperationRunner.jav
a:29)
[        ] 	at org.grad
le.internal.operations.
DefaultBuildOperationRu
nner$1.execute(DefaultB
uildOperationRunner.jav
a:26)
[        ] 	at org.grad
le.internal.operations.
DefaultBuildOperationRu
nner$2.execute(DefaultB
uildOperationRunner.jav
a:66)
[        ] 	at org.grad
le.internal.operations.
DefaultBuildOperationRu
nner$2.execute(DefaultB
uildOperationRunner.jav
a:59)
[        ] 	at org.grad
le.internal.operations.
DefaultBuildOperationRu
nner.execute(DefaultBui
ldOperationRunner.java:
166)
[        ] 	at org.grad
le.internal.operations.
DefaultBuildOperationRu
nner.execute(DefaultBui
ldOperationRunner.java:
59)
[        ] 	at org.grad
le.internal.operations.
DefaultBuildOperationRu
nner.run(DefaultBuildOp
erationRunner.java:47)
[        ] 	at org.grad
le.configuration.intern
al.DefaultListenerBuild
OperationDecorator$Buil
dOperationEmittingActio
n.execute(DefaultListen
erBuildOperationDecorat
or.java:170)
[        ] 	at org.grad
le.internal.event.Broad
castDispatch$ActionInvo
cationHandler.dispatch(
BroadcastDispatch.java:
99)
[        ] 	at org.grad
le.internal.event.Broad
castDispatch$ActionInvo
cationHandler.dispatch(
BroadcastDispatch.java:
87)
[        ] 	at org.grad
le.internal.event.Abstr
actBroadcastDispatch.di
spatch(AbstractBroadcas
tDispatch.java:44)
[        ] 	at org.grad
le.internal.event.Broad
castDispatch$SingletonD
ispatch.dispatch(Broadc
astDispatch.java:268)
[        ] 	at org.grad
le.internal.event.Broad
castDispatch$SingletonD
ispatch.dispatch(Broadc
astDispatch.java:170)
[        ] 	at org.grad
le.internal.event.Abstr
actBroadcastDispatch.di
spatch(AbstractBroadcas
tDispatch.java:84)
[        ] 	at org.grad
le.internal.event.Abstr
actBroadcastDispatch.di
spatch(AbstractBroadcas
tDispatch.java:70)
[        ] 	at org.grad
le.internal.event.Broad
castDispatch$CompositeD
ispatch.dispatch(Broadc
astDispatch.java:380)
[        ] 	at org.grad
le.internal.event.Broad
castDispatch$CompositeD
ispatch.dispatch(Broadc
astDispatch.java:272)
[        ] 	at org.grad
le.internal.event.Liste
nerBroadcast.dispatch(L
istenerBroadcast.java:1
53)
[        ] 	at org.grad
le.internal.event.Liste
nerBroadcast.dispatch(L
istenerBroadcast.java:3
8)
[        ] 	at org.grad
le.internal.dispatch.Pr
oxyDispatchAdapter$Disp
atchingInvocationHandle
r.invoke(ProxyDispatchA
dapter.java:92)
[        ] 	at jdk.prox
y1/jdk.proxy1.$Proxy66.
afterEvaluate(Unknown 
Source)
[        ] 	at org.grad
le.configuration.projec
t.LifecycleProjectEvalu
ator$NotifyAfterEvaluat
e$1.execute(LifecyclePr
ojectEvaluator.java:247
)
[        ] 	at org.grad
le.configuration.projec
t.LifecycleProjectEvalu
ator$NotifyAfterEvaluat
e$1.execute(LifecyclePr
ojectEvaluator.java:244
)
[        ] 	at org.grad
le.api.internal.project
.DefaultProject.stepEva
luationListener(Default
Project.java:1604)
[        ] 	at org.grad
le.configuration.projec
t.LifecycleProjectEvalu
ator$NotifyAfterEvaluat
e.run(LifecycleProjectE
valuator.java:253)
[        ] 	at org.grad
le.internal.operations.
DefaultBuildOperationRu
nner$1.execute(DefaultB
uildOperationRunner.jav
a:29)
[        ] 	at org.grad
le.internal.operations.
DefaultBuildOperationRu
nner$1.execute(DefaultB
uildOperationRunner.jav
a:26)
[        ] 	at org.grad
le.internal.operations.
DefaultBuildOperationRu
nner$2.execute(DefaultB
uildOperationRunner.jav
a:66)
[        ] 	at org.grad
le.internal.operations.
DefaultBuildOperationRu
nner$2.execute(DefaultB
uildOperationRunner.jav
a:59)
[   +1 ms] 	at org.grad
le.internal.operations.
DefaultBuildOperationRu
nner.execute(DefaultBui
ldOperationRunner.java:
166)
[        ] 	at org.grad
le.internal.operations.
DefaultBuildOperationRu
nner.execute(DefaultBui
ldOperationRunner.java:
59)
[        ] 	at org.grad
le.internal.operations.
DefaultBuildOperationRu
nner.run(DefaultBuildOp
erationRunner.java:47)
[        ] 	at org.grad
le.configuration.projec
t.LifecycleProjectEvalu
ator$EvaluateProject.la
mbda$run$0(LifecyclePro
jectEvaluator.java:114)
[        ] 	at org.grad
le.api.internal.project
.DefaultProjectStateReg
istry$ProjectStateImpl.
lambda$applyToMutableSt
ate$1(DefaultProjectSta
teRegistry.java:411)
[        ] 	at org.grad
le.api.internal.project
.DefaultProjectStateReg
istry$ProjectStateImpl.
lambda$fromMutableState
$2(DefaultProjectStateR
egistry.java:434)
[        ] 	at org.grad
le.internal.work.Defaul
tWorkerLeaseService.wit
hReplacedLocks(DefaultW
orkerLeaseService.java:
359)
[        ] 	at org.grad
le.api.internal.project
.DefaultProjectStateReg
istry$ProjectStateImpl.
fromMutableState(Defaul
tProjectStateRegistry.j
ava:434)
[        ] 	at org.grad
le.api.internal.project
.DefaultProjectStateReg
istry$ProjectStateImpl.
applyToMutableState(Def
aultProjectStateRegistr
y.java:410)
[        ] 	at org.grad
le.configuration.projec
t.LifecycleProjectEvalu
ator$EvaluateProject.ru
n(LifecycleProjectEvalu
ator.java:100)
[        ] 	at org.grad
le.internal.operations.
DefaultBuildOperationRu
nner$1.execute(DefaultB
uildOperationRunner.jav
a:29)
[        ] 	at org.grad
le.internal.operations.
DefaultBuildOperationRu
nner$1.execute(DefaultB
uildOperationRunner.jav
a:26)
[        ] 	at org.grad
le.internal.operations.
DefaultBuildOperationRu
nner$2.execute(DefaultB
uildOperationRunner.jav
a:66)
[        ] 	at org.grad
le.internal.operations.
DefaultBuildOperationRu
nner$2.execute(DefaultB
uildOperationRunner.jav
a:59)
[        ] 	at org.grad
le.internal.operations.
DefaultBuildOperationRu
nner.execute(DefaultBui
ldOperationRunner.java:
166)
[        ] 	at org.grad
le.internal.operations.
DefaultBuildOperationRu
nner.execute(DefaultBui
ldOperationRunner.java:
59)
[        ] 	at org.grad
le.internal.operations.
DefaultBuildOperationRu
nner.run(DefaultBuildOp
erationRunner.java:47)
[        ] 	at org.grad
le.configuration.projec
t.LifecycleProjectEvalu
ator.evaluate(Lifecycle
ProjectEvaluator.java:7
2)
[        ] 	at org.grad
le.api.internal.project
.DefaultProject.evaluat
eUnchecked(DefaultProje
ct.java:828)
[        ] 	at org.grad
le.api.internal.project
.ProjectLifecycleContro
ller.lambda$ensureSelfC
onfigured$2(ProjectLife
cycleController.java:85
)
[        ] 	at org.grad
le.internal.model.State
TransitionController.la
mbda$doTransition$14(St
ateTransitionController
.java:255)
[        ] 	at org.grad
le.internal.model.State
TransitionController.do
Transition(StateTransit
ionController.java:266)
[        ] 	at org.grad
le.internal.model.State
TransitionController.do
Transition(StateTransit
ionController.java:254)
[        ] 	at org.grad
le.internal.model.State
TransitionController.la
mbda$maybeTransitionIfN
otCurrentlyTransitionin
g$10(StateTransitionCon
troller.java:199)
[        ] 	at org.grad
le.internal.work.Defaul
tSynchronizer.withLock(
DefaultSynchronizer.jav
a:36)
[        ] 	at org.grad
le.internal.model.State
TransitionController.ma
ybeTransitionIfNotCurre
ntlyTransitioning(State
TransitionController.ja
va:195)
[        ] 	at org.grad
le.api.internal.project
.ProjectLifecycleContro
ller.ensureSelfConfigur
ed(ProjectLifecycleCont
roller.java:85)
[        ] 	at org.grad
le.api.internal.project
.DefaultProjectStateReg
istry$ProjectStateImpl.
ensureConfigured(Defaul
tProjectStateRegistry.j
ava:385)
[        ] 	at org.grad
le.execution.TaskPathPr
ojectEvaluator.configur
e(TaskPathProjectEvalua
tor.java:42)
[        ] 	at org.grad
le.execution.TaskPathPr
ojectEvaluator.configur
eHierarchy(TaskPathProj
ectEvaluator.java:58)
[        ] 	at org.grad
le.configuration.Defaul
tProjectsPreparer.prepa
reProjects(DefaultProje
ctsPreparer.java:50)
[        ] 	at org.grad
le.configuration.BuildT
reePreparingProjectsPre
parer.prepareProjects(B
uildTreePreparingProjec
tsPreparer.java:65)
[        ] 	at org.grad
le.configuration.BuildO
perationFiringProjectsP
reparer$ConfigureBuild.
run(BuildOperationFirin
gProjectsPreparer.java:
52)
[        ] 	at org.grad
le.internal.operations.
DefaultBuildOperationRu
nner$1.execute(DefaultB
uildOperationRunner.jav
a:29)
[        ] 	at org.grad
le.internal.operations.
DefaultBuildOperationRu
nner$1.execute(DefaultB
uildOperationRunner.jav
a:26)
[        ] 	at org.grad
le.internal.operations.
DefaultBuildOperationRu
nner$2.execute(DefaultB
uildOperationRunner.jav
a:66)
[        ] 	at org.grad
le.internal.operations.
DefaultBuildOperationRu
nner$2.execute(DefaultB
uildOperationRunner.jav
a:59)
[        ] 	at org.grad
le.internal.operations.
DefaultBuildOperationRu
nner.execute(DefaultBui
ldOperationRunner.java:
166)
[        ] 	at org.grad
le.internal.operations.
DefaultBuildOperationRu
nner.execute(DefaultBui
ldOperationRunner.java:
59)
[        ] 	at org.grad
le.internal.operations.
DefaultBuildOperationRu
nner.run(DefaultBuildOp
erationRunner.java:47)
[        ] 	at org.grad
le.configuration.BuildO
perationFiringProjectsP
reparer.prepareProjects
(BuildOperationFiringPr
ojectsPreparer.java:40)
[        ] 	at org.grad
le.initialization.Vinta
geBuildModelController.
lambda$prepareProjects$
2(VintageBuildModelCont
roller.java:84)
[        ] 	at org.grad
le.internal.model.State
TransitionController.la
mbda$doTransition$14(St
ateTransitionController
.java:255)
[        ] 	at org.grad
le.internal.model.State
TransitionController.do
Transition(StateTransit
ionController.java:266)
[        ] 	at org.grad
le.internal.model.State
TransitionController.do
Transition(StateTransit
ionController.java:254)
[        ] 	at org.grad
le.internal.model.State
TransitionController.la
mbda$transitionIfNotPre
viously$11(StateTransit
ionController.java:213)
[        ] 	at org.grad
le.internal.work.Defaul
tSynchronizer.withLock(
DefaultSynchronizer.jav
a:36)
[        ] 	at org.grad
le.internal.model.State
TransitionController.tr
ansitionIfNotPreviously
(StateTransitionControl
ler.java:209)
[        ] 	at org.grad
le.initialization.Vinta
geBuildModelController.
prepareProjects(Vintage
BuildModelController.ja
va:84)
[        ] 	at org.grad
le.initialization.Vinta
geBuildModelController.
prepareToScheduleTasks(
VintageBuildModelContro
ller.java:71)
[        ] 	at org.grad
le.internal.build.Defau
ltBuildLifecycleControl
ler.lambda$prepareToSch
eduleTasks$6(DefaultBui
ldLifecycleController.j
ava:175)
[        ] 	at org.grad
le.internal.model.State
TransitionController.la
mbda$doTransition$14(St
ateTransitionController
.java:255)
[        ] 	at org.grad
le.internal.model.State
TransitionController.do
Transition(StateTransit
ionController.java:266)
[        ] 	at org.grad
le.internal.model.State
TransitionController.do
Transition(StateTransit
ionController.java:254)
[        ] 	at org.grad
le.internal.model.State
TransitionController.la
mbda$maybeTransition$9(
StateTransitionControll
er.java:190)
[        ] 	at org.grad
le.internal.work.Defaul
tSynchronizer.withLock(
DefaultSynchronizer.jav
a:36)
[        ] 	at org.grad
le.internal.model.State
TransitionController.ma
ybeTransition(StateTran
sitionController.java:1
86)
[        ] 	at org.grad
le.internal.build.Defau
ltBuildLifecycleControl
ler.prepareToScheduleTa
sks(DefaultBuildLifecyc
leController.java:173)
[        ] 	at org.grad
le.internal.buildtree.D
efaultBuildTreeWorkPrep
arer.scheduleRequestedT
asks(DefaultBuildTreeWo
rkPreparer.java:36)
[        ] 	at org.grad
le.internal.cc.impl.Vin
tageBuildTreeWorkContro
ller$scheduleAndRunRequ
estedTasks$1.apply(Vint
ageBuildTreeWorkControl
ler.kt:36)
[        ] 	at org.grad
le.internal.cc.impl.Vin
tageBuildTreeWorkContro
ller$scheduleAndRunRequ
estedTasks$1.apply(Vint
ageBuildTreeWorkControl
ler.kt:35)
[        ] 	at org.grad
le.composite.internal.D
efaultIncludedBuildTask
Graph.withNewWorkGraph(
DefaultIncludedBuildTas
kGraph.java:112)
[        ] 	at org.grad
le.internal.cc.impl.Vin
tageBuildTreeWorkContro
ller.scheduleAndRunRequ
estedTasks(VintageBuild
TreeWorkController.kt:3
5)
[        ] 	at org.grad
le.internal.buildtree.D
efaultBuildTreeLifecycl
eController.lambda$sche
duleAndRunTasks$1(Defau
ltBuildTreeLifecycleCon
troller.java:77)
[        ] 	at org.grad
le.internal.buildtree.D
efaultBuildTreeLifecycl
eController.lambda$runB
uild$4(DefaultBuildTree
LifecycleController.jav
a:120)
[        ] 	at org.grad
le.internal.model.State
TransitionController.la
mbda$transition$6(State
TransitionController.ja
va:169)
[        ] 	at org.grad
le.internal.model.State
TransitionController.do
Transition(StateTransit
ionController.java:266)
[        ] 	at org.grad
le.internal.model.State
TransitionController.la
mbda$transition$7(State
TransitionController.ja
va:169)
[        ] 	at org.grad
le.internal.work.Defaul
tSynchronizer.withLock(
DefaultSynchronizer.jav
a:46)
[        ] 	at org.grad
le.internal.model.State
TransitionController.tr
ansition(StateTransitio
nController.java:169)
[        ] 	at org.grad
le.internal.buildtree.D
efaultBuildTreeLifecycl
eController.runBuild(De
faultBuildTreeLifecycle
Controller.java:117)
[        ] 	at org.grad
le.internal.buildtree.D
efaultBuildTreeLifecycl
eController.scheduleAnd
RunTasks(DefaultBuildTr
eeLifecycleController.j
ava:77)
[        ] 	at org.grad
le.internal.buildtree.D
efaultBuildTreeLifecycl
eController.scheduleAnd
RunTasks(DefaultBuildTr
eeLifecycleController.j
ava:72)
[        ] 	at org.grad
le.tooling.internal.pro
vider.ExecuteBuildActio
nRunner.run(ExecuteBuil
dActionRunner.java:31)
[        ] 	at org.grad
le.launcher.exec.Chaini
ngBuildActionRunner.run
(ChainingBuildActionRun
ner.java:35)
[        ] 	at org.grad
le.internal.buildtree.P
roblemReportingBuildAct
ionRunner.run(ProblemRe
portingBuildActionRunne
r.java:49)
[        ] 	at org.grad
le.launcher.exec.BuildO
utcomeReportingBuildAct
ionRunner.run(BuildOutc
omeReportingBuildAction
Runner.java:71)
[        ] 	at org.grad
le.tooling.internal.pro
vider.FileSystemWatchin
gBuildActionRunner.run(
FileSystemWatchingBuild
ActionRunner.java:135)
[        ] 	at org.grad
le.launcher.exec.BuildC
ompletionNotifyingBuild
ActionRunner.run(BuildC
ompletionNotifyingBuild
ActionRunner.java:41)
[        ] 	at org.grad
le.launcher.exec.RootBu
ildLifecycleBuildAction
Executor.lambda$execute
$0(RootBuildLifecycleBu
ildActionExecutor.java:
54)
[        ] 	at org.grad
le.composite.internal.D
efaultRootBuildState.ru
n(DefaultRootBuildState
.java:130)
[        ] 	at org.grad
le.launcher.exec.RootBu
ildLifecycleBuildAction
Executor.execute(RootBu
ildLifecycleBuildAction
Executor.java:54)
[        ] 	at org.grad
le.internal.buildtree.I
nitDeprecationLoggingAc
tionExecutor.execute(In
itDeprecationLoggingAct
ionExecutor.java:62)
[        ] 	at org.grad
le.internal.buildtree.I
nitProblems.execute(Ini
tProblems.java:36)
[        ] 	at org.grad
le.internal.buildtree.D
efaultBuildTreeContext.
execute(DefaultBuildTre
eContext.java:40)
[        ] 	at org.grad
le.launcher.exec.BuildT
reeLifecycleBuildAction
Executor.lambda$execute
$0(BuildTreeLifecycleBu
ildActionExecutor.java:
71)
[        ] 	at org.grad
le.internal.buildtree.B
uildTreeState.run(Build
TreeState.java:60)
[        ] 	at org.grad
le.launcher.exec.BuildT
reeLifecycleBuildAction
Executor.execute(BuildT
reeLifecycleBuildAction
Executor.java:71)
[        ] 	at org.grad
le.launcher.exec.RunAsB
uildOperationBuildActio
nExecutor$2.call(RunAsB
uildOperationBuildActio
nExecutor.java:67)
[        ] 	at org.grad
le.launcher.exec.RunAsB
uildOperationBuildActio
nExecutor$2.call(RunAsB
uildOperationBuildActio
nExecutor.java:63)
[        ] 	at org.grad
le.internal.operations.
DefaultBuildOperationRu
nner$CallableBuildOpera
tionWorker.execute(Defa
ultBuildOperationRunner
.java:209)
[        ] 	at org.grad
le.internal.operations.
DefaultBuildOperationRu
nner$CallableBuildOpera
tionWorker.execute(Defa
ultBuildOperationRunner
.java:204)
[        ] 	at org.grad
le.internal.operations.
DefaultBuildOperationRu
nner$2.execute(DefaultB
uildOperationRunner.jav
a:66)
[        ] 	at org.grad
le.internal.operations.
DefaultBuildOperationRu
nner$2.execute(DefaultB
uildOperationRunner.jav
a:59)
[        ] 	at org.grad
le.internal.operations.
DefaultBuildOperationRu
nner.execute(DefaultBui
ldOperationRunner.java:
166)
[        ] 	at org.grad
le.internal.operations.
DefaultBuildOperationRu
nner.execute(DefaultBui
ldOperationRunner.java:
59)
[        ] 	at org.grad
le.internal.operations.
DefaultBuildOperationRu
nner.call(DefaultBuildO
perationRunner.java:53)
[        ] 	at org.grad
le.launcher.exec.RunAsB
uildOperationBuildActio
nExecutor.execute(RunAs
BuildOperationBuildActi
onExecutor.java:63)
[        ] 	at org.grad
le.launcher.exec.RunAsW
orkerThreadBuildActionE
xecutor.lambda$execute$
0(RunAsWorkerThreadBuil
dActionExecutor.java:36
)
[        ] 	at org.grad
le.internal.work.Defaul
tWorkerLeaseService.wit
hLocks(DefaultWorkerLea
seService.java:263)
[        ] 	at org.grad
le.internal.work.Defaul
tWorkerLeaseService.run
AsWorkerThread(DefaultW
orkerLeaseService.java:
127)
[        ] 	at org.grad
le.launcher.exec.RunAsW
orkerThreadBuildActionE
xecutor.execute(RunAsWo
rkerThreadBuildActionEx
ecutor.java:36)
[        ] 	at org.grad
le.tooling.internal.pro
vider.continuous.Contin
uousBuildActionExecutor
.execute(ContinuousBuil
dActionExecutor.java:11
0)
[        ] 	at org.grad
le.tooling.internal.pro
vider.SubscribableBuild
ActionExecutor.execute(
SubscribableBuildAction
Executor.java:64)
[        ] 	at org.grad
le.internal.session.Def
aultBuildSessionContext
.execute(DefaultBuildSe
ssionContext.java:46)
[        ] 	at org.grad
le.internal.buildproces
s.execution.BuildSessio
nLifecycleBuildActionEx
ecutor$ActionImpl.apply
(BuildSessionLifecycleB
uildActionExecutor.java
:92)
[        ] 	at org.grad
le.internal.buildproces
s.execution.BuildSessio
nLifecycleBuildActionEx
ecutor$ActionImpl.apply
(BuildSessionLifecycleB
uildActionExecutor.java
:80)
[        ] 	at org.grad
le.internal.session.Bui
ldSessionState.run(Buil
dSessionState.java:71)
[        ] 	at org.grad
le.internal.buildproces
s.execution.BuildSessio
nLifecycleBuildActionEx
ecutor.execute(BuildSes
sionLifecycleBuildActio
nExecutor.java:62)
[        ] 	at org.grad
le.internal.buildproces
s.execution.BuildSessio
nLifecycleBuildActionEx
ecutor.execute(BuildSes
sionLifecycleBuildActio
nExecutor.java:41)
[        ] 	at org.grad
le.internal.buildproces
s.execution.StartParams
ValidatingActionExecuto
r.execute(StartParamsVa
lidatingActionExecutor.
java:64)
[        ] 	at org.grad
le.internal.buildproces
s.execution.StartParams
ValidatingActionExecuto
r.execute(StartParamsVa
lidatingActionExecutor.
java:32)
[        ] 	at org.grad
le.internal.buildproces
s.execution.SessionFail
ureReportingActionExecu
tor.execute(SessionFail
ureReportingActionExecu
tor.java:51)
[        ] 	at org.grad
le.internal.buildproces
s.execution.SessionFail
ureReportingActionExecu
tor.execute(SessionFail
ureReportingActionExecu
tor.java:39)
[        ] 	at org.grad
le.internal.buildproces
s.execution.SetupLoggin
gActionExecutor.execute
(SetupLoggingActionExec
utor.java:47)
[        ] 	at org.grad
le.internal.buildproces
s.execution.SetupLoggin
gActionExecutor.execute
(SetupLoggingActionExec
utor.java:31)
[        ] 	at org.grad
le.launcher.daemon.serv
er.exec.ExecuteBuild.do
Build(ExecuteBuild.java
:70)
[        ] 	at org.grad
le.launcher.daemon.serv
er.exec.BuildCommandOnl
y.execute(BuildCommandO
nly.java:37)
[        ] 	at org.grad
le.launcher.daemon.serv
er.api.DaemonCommandExe
cution.proceed(DaemonCo
mmandExecution.java:104
)
[        ] 	at org.grad
le.launcher.daemon.serv
er.exec.WatchForDisconn
ection.execute(WatchFor
Disconnection.java:39)
[        ] 	at org.grad
le.launcher.daemon.serv
er.api.DaemonCommandExe
cution.proceed(DaemonCo
mmandExecution.java:104
)
[        ] 	at org.grad
le.launcher.daemon.serv
er.exec.ResetDeprecatio
nLogger.execute(ResetDe
precationLogger.java:29
)
[        ] 	at org.grad
le.launcher.daemon.serv
er.api.DaemonCommandExe
cution.proceed(DaemonCo
mmandExecution.java:104
)
[        ] 	at org.grad
le.launcher.daemon.serv
er.exec.RequestStopIfSi
ngleUsedDaemon.execute(
RequestStopIfSingleUsed
Daemon.java:35)
[        ] 	at org.grad
le.launcher.daemon.serv
er.api.DaemonCommandExe
cution.proceed(DaemonCo
mmandExecution.java:104
)
[        ] 	at org.grad
le.launcher.daemon.serv
er.exec.ForwardClientIn
put.lambda$execute$0(Fo
rwardClientInput.java:4
0)
[        ] 	at org.grad
le.internal.daemon.clie
ntinput.ClientInputForw
arder.forwardInput(Clie
ntInputForwarder.java:8
0)
[        ] 	at org.grad
le.launcher.daemon.serv
er.exec.ForwardClientIn
put.execute(ForwardClie
ntInput.java:37)
[        ] 	at org.grad
le.launcher.daemon.serv
er.api.DaemonCommandExe
cution.proceed(DaemonCo
mmandExecution.java:104
)
[        ] 	at org.grad
le.launcher.daemon.serv
er.exec.LogAndCheckHeal
th.execute(LogAndCheckH
ealth.java:64)
[        ] 	at org.grad
le.launcher.daemon.serv
er.api.DaemonCommandExe
cution.proceed(DaemonCo
mmandExecution.java:104
)
[        ] 	at org.grad
le.launcher.daemon.serv
er.exec.LogToClient.doB
uild(LogToClient.java:6
3)
[        ] 	at org.grad
le.launcher.daemon.serv
er.exec.BuildCommandOnl
y.execute(BuildCommandO
nly.java:37)
[        ] 	at org.grad
le.launcher.daemon.serv
er.api.DaemonCommandExe
cution.proceed(DaemonCo
mmandExecution.java:104
)
[        ] 	at org.grad
le.launcher.daemon.serv
er.exec.EstablishBuildE
nvironment.doBuild(Esta
blishBuildEnvironment.j
ava:84)
[        ] 	at org.grad
le.launcher.daemon.serv
er.exec.BuildCommandOnl
y.execute(BuildCommandO
nly.java:37)
[        ] 	at org.grad
le.launcher.daemon.serv
er.api.DaemonCommandExe
cution.proceed(DaemonCo
mmandExecution.java:104
)
[        ] 	at org.grad
le.launcher.daemon.serv
er.exec.StartBuildOrRes
pondWithBusy$1.run(Star
tBuildOrRespondWithBusy
.java:52)
[        ] 	at org.grad
le.launcher.daemon.serv
er.DaemonStateCoordinat
or.lambda$runCommand$0(
DaemonStateCoordinator.
java:321)
[        ] 	at org.grad
le.internal.concurrent.
ExecutorPolicy$CatchAnd
RecordFailures.onExecut
e(ExecutorPolicy.java:6
4)
[        ] 	at org.grad
le.internal.concurrent.
AbstractManagedExecutor
$1.run(AbstractManagedE
xecutor.java:48)
[        ] 	at java.bas
e/java.util.concurrent.
ThreadPoolExecutor.runW
orker(Unknown Source)
[        ] 	at java.bas
e/java.util.concurrent.
ThreadPoolExecutor$Work
er.run(Unknown Source)
[        ] 	at java.bas
e/java.lang.Thread.run(
Unknown Source)
[        ] Caused by: c
om.android.builder.erro
rs.EvalIssueException: 
Namespace not 
specified. Specify a 
namespace in the 
module's build file: C:
\Users\Nikhi\AppData\Lo
cal\Pub\Cache\hosted\pu
b.dev\flutter_ringtone_
player-3.2.0\android\bu
ild.gradle. See https:/
/d.android.com/r/tools/
upgrade-assistant/set-n
amespace for 
information about 
setting the namespace.
[        ] If you've 
specified the package 
attribute in the 
source 
AndroidManifest.xml, 
you can use the AGP 
Upgrade Assistant to 
migrate to the 
namespace value in the 
build file. Refer to ht
tps://d.android.com/r/t
ools/upgrade-assistant/
agp-upgrade-assistant 
for general 
information about 
using the AGP Upgrade 
Assistant.
[        ] 	at com.andr
oid.builder.errors.Issu
eReporter.reportError(I
ssueReporter.kt:118)
[        ] 	at com.andr
oid.builder.errors.Issu
eReporter.reportError$d
efault(IssueReporter.kt
:113)
[        ] 	at com.andr
oid.build.gradle.intern
al.core.dsl.impl.Varian
tDslInfoImpl.getNamespa
ce(VariantDslInfoImpl.k
t:92)
[        ] 	at com.andr
oid.build.gradle.intern
al.core.dsl.impl.Varian
tDslInfoImpl.initApplic
ationId(VariantDslInfoI
mpl.kt:131)
[        ] 	at com.andr
oid.build.gradle.intern
al.core.dsl.impl.Varian
tDslInfoImpl.access$ini
tApplicationId(VariantD
slInfoImpl.kt:37)
[        ] 	at com.andr
oid.build.gradle.intern
al.core.dsl.impl.Varian
tDslInfoImpl$applicatio
nId$2.invoke(VariantDsl
InfoImpl.kt:100)
[        ] 	at com.andr
oid.build.gradle.intern
al.core.dsl.impl.Varian
tDslInfoImpl$applicatio
nId$2.invoke(VariantDsl
InfoImpl.kt:97)
[        ] 	at kotlin.S
ynchronizedLazyImpl.get
Value(LazyJVM.kt:74)
[        ] 	at com.andr
oid.build.gradle.intern
al.core.dsl.impl.Varian
tDslInfoImpl.getApplica
tionId(VariantDslInfoIm
pl.kt:97)
[        ] 	at com.andr
oid.build.gradle.intern
al.core.dsl.impl.Compon
entDslInfoImpl$mergedFl
avor$2.invoke(Component
DslInfoImpl.kt:71)
[        ] 	at com.andr
oid.build.gradle.intern
al.core.dsl.impl.Compon
entDslInfoImpl$mergedFl
avor$2.invoke(Component
DslInfoImpl.kt:67)
[        ] 	at kotlin.S
ynchronizedLazyImpl.get
Value(LazyJVM.kt:74)
[        ] 	at com.andr
oid.build.gradle.intern
al.core.dsl.impl.Compon
entDslInfoImpl.getMerge
dFlavor(ComponentDslInf
oImpl.kt:67)
[        ] 	at com.andr
oid.build.gradle.intern
al.core.dsl.impl.Varian
tDslInfoImpl.getMinSdkV
ersion(VariantDslInfoIm
pl.kt:63)
[        ] 	at com.andr
oid.build.api.variant.i
mpl.VariantBuilderImpl.
<init>(VariantBuilderIm
pl.kt:48)
[        ] 	at com.andr
oid.build.api.variant.i
mpl.LibraryVariantBuild
erImpl.<init>(LibraryVa
riantBuilderImpl.kt:39)
[        ] 	at com.andr
oid.build.api.variant.i
mpl.LibraryVariantBuild
erImpl_Decorated.<init>
(Unknown Source)
[        ] 	at java.bas
e/jdk.internal.reflect.
DirectConstructorHandle
Accessor.newInstance(Un
known Source)
[        ] 	at java.bas
e/java.lang.reflect.Con
structor.newInstanceWit
hCaller(Unknown Source)
[        ] 	at java.bas
e/java.lang.reflect.Con
structor.newInstance(Un
known Source)
[        ] 	at org.grad
le.internal.instantiati
on.generator.AsmBackedC
lassGenerator$InvokeCon
structorStrategy.newIns
tance(AsmBackedClassGen
erator.java:2127)
[        ] Deprecated Gradle features were used in this build, making it incompatible with Gradle 9.0.
[        ] 	at org.grad
le.internal.instantiati
on.generator.AbstractCl
assGenerator$GeneratedC
lassImpl$GeneratedConst
ructorImpl.newInstance(
AbstractClassGenerator.
java:541)
[        ] 	at org.grad
le.internal.instantiati
on.generator.Dependency
InjectingInstantiator.d
oCreate(DependencyInjec
tingInstantiator.java:6
2)
[        ] 	... 191 
more
[        ] You can use '--warning-mode all' to show the individual deprecation warnings and determine if they come from your own scripts or plugins.
[        ] For more on this, please refer to https://docs.gradle.org/8.12/userguide/command_line_interface.html#sec:command_line_warnings in the Gradle documentation.
[        ] 4 actionable tasks: 4 up-to-date
[        ] Watched directory hierarchies: [C:\flutter\packages\flutter_tools\gradle]
[        ] BUILD 
FAILED in 2s
[ +128 ms] Running Gradle task 'assembleDebug'... (completed in 3.2s)
[ +910 ms] lib/screens/auth/login_screen.dart:45:18: Error: The getter 'AppLocalizations' isn't defined for the type '_LoginScreenState'.
[        ]  - '_LoginScreenState' is from 'package:guardrail/screens/auth/login_screen.dart' ('lib/screens/auth/login_screen.dart').
[        ] Try correcting the name to the name of an existing getter, or defining a getter or field named 'AppLocalizations'.
[        ]     final l10n = AppLocalizations.of(context)!;
[        ]                  ^^^^^^^^^^^^^^^^
[        ] lib/screens/auth/login_screen.dart:75:18: Error: The getter 'AppLocalizations' isn't defined for the type '_LoginScreenState'.
[        ]  - '_LoginScreenState' is from 'package:guardrail/screens/auth/login_screen.dart' ('lib/screens/auth/login_screen.dart').
[        ] Try correcting the name to the name of an existing getter, or defining a getter or field named 'AppLocalizations'.
[        ]     final l10n = AppLocalizations.of(context)!;
[        ]                  ^^^^^^^^^^^^^^^^
[ +905 ms] lib/services/auth_service.dart:113:24: Error: Not a constant expression.
[        ]         options: const AuthenticationOptions(
[        ]                        ^^^^^^^^^^^^^^^^^^^^^
[        ] lib/services/auth_service.dart:113:9: Error: No named parameter with the name 'options'.
[        ]         options: const AuthenticationOptions(
[        ]         ^^^^^^^
[   +9 ms] lib/screens/welcome_screen.dart:13:18: Error: The getter 'AppLocalizations' isn't defined for the type 'WelcomeScreen'.
[        ]  - 'WelcomeScreen' is from 'package:guardrail/screens/welcome_screen.dart' ('lib/screens/welcome_screen.dart').
[        ] Try correcting the name to the name of an existing getter, or defining a getter or field named 'AppLocalizations'.
[        ]     final l10n = AppLocalizations.of(context)!;
[        ]                  ^^^^^^^^^^^^^^^^
[   +1 ms] lib/screens/guard/guard_home_screen.dart:244:43: Error: Not a constant expression.
[        ]               builder: (context) => const _VisitorDialog(),
[        ]                                           ^^^^^^^^^^^^^^
[   +9 ms] lib/screens/resident/resident_settings_screen.dart:36:18: Error: The getter 'AppLocalizations' isn't defined for the type '_ResidentSettingsScreenState'.
[        ]  - '_ResidentSettingsScreenState' is from 'package:guardrail/screens/resident/resident_settings_screen.dart' ('lib/screens/resident/resident_settings_screen.dart').
[        ] Try correcting the name to the name of an existing getter, or defining a getter or field named 'AppLocalizations'.
[        ]     final l10n = AppLocalizations.of(context)!;
[        ]                  ^^^^^^^^^^^^^^^^
[        ] lib/screens/resident/resident_settings_screen.dart:77:22: Error: The getter 'AppLocalizations' isn't defined for the type '_ResidentSettingsScreenState'.
[        ]  - '_ResidentSettingsScreenState' is from 'package:guardrail/screens/resident/resident_settings_screen.dart' ('lib/screens/resident/resident_settings_screen.dart').
[        ] Try correcting the name to the name of an existing getter, or defining a getter or field named 'AppLocalizations'.
[        ]         final l10n = AppLocalizations.of(context)!;
[        ]                      ^^^^^^^^^^^^^^^^
[        ] lib/screens/resident/resident_settings_screen.dart:155:18: Error: The getter 'AppLocalizations' isn't defined for the type '_ResidentSettingsScreenState'.
[        ]  - '_ResidentSettingsScreenState' is from 'package:guardrail/screens/resident/resident_settings_screen.dart' ('lib/screens/resident/resident_settings_screen.dart').
[        ] Try correcting the name to the name of an existing getter, or defining a getter or field named 'AppLocalizations'.
[        ]     final l10n = AppLocalizations.of(context)!;
[        ]                  ^^^^^^^^^^^^^^^^
[        ] lib/screens/resident/resident_settings_screen.dart:329:40: Error: 'AppLocalizations' isn't a type.
[        ]   String _getLanguageName(String code, AppLocalizations l10n) {
[        ]                                        ^^^^^^^^^^^^^^^^
[+7563 ms] Error: 
Gradle task 
assembleDebug failed 
with exit code 1
[   +1 ms] "flutter run" took 15,590ms.
[  +92 ms] 
           #0      
throwToolExit (package:
flutter_tools/src/base/
common.dart:34:3)
           #1      
RunCommand.runCommand (
package:flutter_tools/s
rc/commands/run.dart:87
2:9)
           
<asynchronous 
suspension>
           #2      Flut
terCommand.run.<anonymo
us closure> (package:fl
utter_tools/src/runner/
flutter_command.dart:15
81:27)
           
<asynchronous 
suspension>
           #3      AppC
ontext.run.<anonymous 
closure> (package:flutt
er_tools/src/base/conte
xt.dart:154:19)
           
<asynchronous 
suspension>
           #4      Comm
andRunner.runCommand (p
ackage:args/command_run
ner.dart:212:13)
           
<asynchronous 
suspension>
           #5      Flut
terCommandRunner.runCom
mand.<anonymous 
closure> (package:flutt
er_tools/src/runner/flu
tter_command_runner.dar
t:503:9)
           
<asynchronous 
suspension>
           #6      AppC
ontext.run.<anonymous 
closure> (package:flutt
er_tools/src/base/conte
xt.dart:154:19)
           
<asynchronous 
suspension>
           #7      Flut
terCommandRunner.runCom
mand (package:flutter_t
ools/src/runner/flutter
_command_runner.dart:43
8:5)
           
<asynchronous 
suspension>
           #8      
run.<anonymous 
closure>.<anonymous 
closure> (package:flutt
er_tools/runner.dart:98
:11)
           
<asynchronous 
suspension>
           #9      AppC
ontext.run.<anonymous 
closure> (package:flutt
er_tools/src/base/conte
xt.dart:154:19)
           
<asynchronous 
suspension>
           #10     
main (package:flutter_t
ools/executable.dart:10
1:3)
           
<asynchronous 
suspension>


[        ] Running 3 shutdown hooks
[  +17 ms] Shutdown hooks complete
[ +192 ms] exiting with code 1
