[ +257 ms] Artifact Instance of 'MaterialFonts' is not required, skipping update.
[        ] Artifact Instance of 'GradleWrapper' is not required, skipping update.
[        ] Artifact Instance of 'AndroidGenSnapshotArtifacts' is not required, skipping update.
[        ] Artifact Instance of 'AndroidInternalBuildArtifacts' is not required, skipping update.
[        ] Artifact Instance of 'IOSEngineArtifacts' is not required, skipping update.
[        ] Artifact Instance of 'FlutterWebSdk' is not required, skipping update.
[   +2 ms] Artifact Instance of 'LegacyCanvasKitRemover' is not required, skipping update.
[        ] Artifact Instance of 'FlutterSdk' is not required, skipping update.
[        ] Artifact Instance of 'WindowsEngineArtifacts' is not required, skipping update.
[        ] Artifact Instance of 'MacOSEngineArtifacts' is not required, skipping update.
[        ] Artifact Instance of 'LinuxEngineArtifacts' is not required, skipping update.
[        ] Artifact Instance of 'LinuxFuchsiaSDKArtifacts' is not required, skipping update.
[        ] Artifact Instance of 'MacOSFuchsiaSDKArtifacts' is not required, skipping update.
[        ] Artifact Instance of 'FlutterRunnerSDKArtifacts' is not required, skipping update.
[        ] Artifact Instance of 'FlutterRunnerDebugSymbols' is not required, skipping update.
[        ] Artifact Instance of 'IosUsbArtifacts' is not required, skipping update.
[        ] Artifact Instance of 'IosUsbArtifacts' is not required, skipping update.
[        ] Artifact Instance of 'IosUsbArtifacts' is not required, skipping update.
[        ] Artifact Instance of 'IosUsbArtifacts' is not required, skipping update.
[        ] Artifact Instance of 'IosUsbArtifacts' is not required, skipping update.
[        ] Artifact Instance of 'IosUsbArtifacts' is not required, skipping update.
[        ] Artifact Instance of 'FontSubsetArtifacts' is not required, skipping update.
[        ] Artifact Instance of 'PubDependencies' is not required, skipping update.
[ +114 ms] Artifact Instance of 'AndroidGenSnapshotArtifacts' is not required, skipping update.
[        ] Artifact Instance of 'AndroidInternalBuildArtifacts' is not required, skipping update.
[        ] Artifact Instance of 'IOSEngineArtifacts' is not required, skipping update.
[        ] Artifact Instance of 'FlutterWebSdk' is not required, skipping update.
[        ] Artifact Instance of 'FlutterEngineStamp' is not required, skipping update.
[        ] Artifact Instance of 'LegacyCanvasKitRemover' is not required, skipping update.
[   +3 ms] Artifact Instance of 'WindowsEngineArtifacts' is not required, skipping update.
[        ] Artifact Instance of 'MacOSEngineArtifacts' is not required, skipping update.
[        ] Artifact Instance of 'LinuxEngineArtifacts' is not required, skipping update.
[        ] Artifact Instance of 'LinuxFuchsiaSDKArtifacts' is not required, skipping update.
[        ] Artifact Instance of 'MacOSFuchsiaSDKArtifacts' is not required, skipping update.
[        ] Artifact Instance of 'FlutterRunnerSDKArtifacts' is not required, skipping update.
[        ] Artifact Instance of 'FlutterRunnerDebugSymbols' is not required, skipping update.
[  +69 ms] executing: C:\Users\Nikhi\AppData\Local\Android\sdk\platform-tools\adb.exe devices -l
[  +68 ms] List of devices attached
           001603583000235        device product:AsteroidsIND model:A059 device:Asteroids transport_id:1
[   +5 ms] C:\Users\Nikhi\AppData\Local\Android\sdk\platform-tools\adb.exe -s 001603583000235 shell getprop
[ +114 ms] Artifact Instance of 'AndroidInternalBuildArtifacts' is not required, skipping update.
[        ] Artifact Instance of 'IOSEngineArtifacts' is not required, skipping update.
[   +9 ms] Artifact Instance of 'FlutterEngineStamp' is not required, skipping update.
[   +8 ms] Artifact Instance of 'MacOSEngineArtifacts' is not required, skipping update.
[        ] Artifact Instance of 'LinuxEngineArtifacts' is not required, skipping update.
[        ] Artifact Instance of 'LinuxFuchsiaSDKArtifacts' is not required, skipping update.
[        ] Artifact Instance of 'MacOSFuchsiaSDKArtifacts' is not required, skipping update.
[        ] Artifact Instance of 'FlutterRunnerSDKArtifacts' is not required, skipping update.
[        ] Artifact Instance of 'FlutterRunnerDebugSymbols' is not required, skipping update.
[ +127 ms] Skipping pub get: version match.
[ +134 ms] Found plugin shared_preferences at C:\Users\Nikhi\AppData\Local\Pub\Cache\hosted\pub.dev\shared_preferences-2.5.4\
[   +8 ms] Found plugin shared_preferences_windows at C:\Users\Nikhi\AppData\Local\Pub\Cache\hosted\pub.dev\shared_preferences_windows-2.4.1\
[  +10 ms] Found plugin path_provider_windows at C:\Users\Nikhi\AppData\Local\Pub\Cache\hosted\pub.dev\path_provider_windows-2.3.0\
[  +11 ms] Found plugin shared_preferences_web at C:\Users\Nikhi\AppData\Local\Pub\Cache\hosted\pub.dev\shared_preferences_web-2.4.3\
[   +6 ms] Found plugin shared_preferences_linux at C:\Users\Nikhi\AppData\Local\Pub\Cache\hosted\pub.dev\shared_preferences_linux-2.4.1\
[   +6 ms] Found plugin path_provider_linux at C:\Users\Nikhi\AppData\Local\Pub\Cache\hosted\pub.dev\path_provider_linux-2.2.1\
[   +7 ms] Found plugin shared_preferences_foundation at C:\Users\Nikhi\AppData\Local\Pub\Cache\hosted\pub.dev\shared_preferences_foundation-2.5.6\
[   +5 ms] Found plugin shared_preferences_android at C:\Users\Nikhi\AppData\Local\Pub\Cache\hosted\pub.dev\shared_preferences_android-2.4.18\
[   +6 ms] Found plugin sentry_flutter at C:\Users\Nikhi\AppData\Local\Pub\Cache\hosted\pub.dev\sentry_flutter-7.20.2\
[  +27 ms] Found plugin package_info_plus at C:\Users\Nikhi\AppData\Local\Pub\Cache\hosted\pub.dev\package_info_plus-9.0.0\
[  +29 ms] Found plugin local_auth at C:\Users\Nikhi\AppData\Local\Pub\Cache\hosted\pub.dev\local_auth-3.0.0\
[   +3 ms] Found plugin local_auth_windows at C:\Users\Nikhi\AppData\Local\Pub\Cache\hosted\pub.dev\local_auth_windows-2.0.1\
[  +11 ms] Found plugin local_auth_darwin at C:\Users\Nikhi\AppData\Local\Pub\Cache\hosted\pub.dev\local_auth_darwin-2.0.1\
[   +9 ms] Found plugin local_auth_android at C:\Users\Nikhi\AppData\Local\Pub\Cache\hosted\pub.dev\local_auth_android-2.0.4\
[   +5 ms] Found plugin flutter_plugin_android_lifecycle at C:\Users\Nikhi\AppData\Local\Pub\Cache\hosted\pub.dev\flutter_plugin_android_lifecycle-2.0.33\
[  +11 ms] Found plugin path_provider at C:\Users\Nikhi\AppData\Local\Pub\Cache\hosted\pub.dev\path_provider-2.1.5\
[   +3 ms] Found plugin path_provider_foundation at C:\Users\Nikhi\AppData\Local\Pub\Cache\hosted\pub.dev\path_provider_foundation-2.5.1\
[   +3 ms] Found plugin path_provider_android at C:\Users\Nikhi\AppData\Local\Pub\Cache\hosted\pub.dev\path_provider_android-2.2.22\
[   +9 ms] Found plugin flutter_secure_storage at C:\Users\Nikhi\AppData\Local\Pub\Cache\hosted\pub.dev\flutter_secure_storage-10.0.0\
[   +2 ms] Found plugin flutter_secure_storage_windows at C:\Users\Nikhi\AppData\Local\Pub\Cache\hosted\pub.dev\flutter_secure_storage_windows-4.1.0\
[   +6 ms] Found plugin flutter_secure_storage_web at C:\Users\Nikhi\AppData\Local\Pub\Cache\hosted\pub.dev\flutter_secure_storage_web-2.1.0\
[   +3 ms] Found plugin flutter_secure_storage_linux at C:\Users\Nikhi\AppData\Local\Pub\Cache\hosted\pub.dev\flutter_secure_storage_linux-3.0.0\
[   +3 ms] Found plugin flutter_secure_storage_darwin at C:\Users\Nikhi\AppData\Local\Pub\Cache\hosted\pub.dev\flutter_secure_storage_darwin-0.2.0\
[  +13 ms] Found plugin firebase_core at C:\Users\Nikhi\AppData\Local\Pub\Cache\hosted\pub.dev\firebase_core-3.15.2\
[   +4 ms] Found plugin firebase_core_web at C:\Users\Nikhi\AppData\Local\Pub\Cache\hosted\pub.dev\firebase_core_web-2.24.1\
[   +8 ms] Found plugin firebase_auth at C:\Users\Nikhi\AppData\Local\Pub\Cache\hosted\pub.dev\firebase_auth-5.7.0\
[   +3 ms] Found plugin firebase_auth_web at C:\Users\Nikhi\AppData\Local\Pub\Cache\hosted\pub.dev\firebase_auth_web-5.15.3\
[  +95 ms] Found plugin shared_preferences at C:\Users\Nikhi\AppData\Local\Pub\Cache\hosted\pub.dev\shared_preferences-2.5.4\
[   +2 ms] Found plugin shared_preferences_windows at C:\Users\Nikhi\AppData\Local\Pub\Cache\hosted\pub.dev\shared_preferences_windows-2.4.1\
[   +5 ms] Found plugin path_provider_windows at C:\Users\Nikhi\AppData\Local\Pub\Cache\hosted\pub.dev\path_provider_windows-2.3.0\
[   +8 ms] Found plugin shared_preferences_web at C:\Users\Nikhi\AppData\Local\Pub\Cache\hosted\pub.dev\shared_preferences_web-2.4.3\
[   +5 ms] Found plugin shared_preferences_linux at C:\Users\Nikhi\AppData\Local\Pub\Cache\hosted\pub.dev\shared_preferences_linux-2.4.1\
[   +2 ms] Found plugin path_provider_linux at C:\Users\Nikhi\AppData\Local\Pub\Cache\hosted\pub.dev\path_provider_linux-2.2.1\
[   +3 ms] Found plugin shared_preferences_foundation at C:\Users\Nikhi\AppData\Local\Pub\Cache\hosted\pub.dev\shared_preferences_foundation-2.5.6\
[   +2 ms] Found plugin shared_preferences_android at C:\Users\Nikhi\AppData\Local\Pub\Cache\hosted\pub.dev\shared_preferences_android-2.4.18\
[   +3 ms] Found plugin sentry_flutter at C:\Users\Nikhi\AppData\Local\Pub\Cache\hosted\pub.dev\sentry_flutter-7.20.2\
[  +13 ms] Found plugin package_info_plus at C:\Users\Nikhi\AppData\Local\Pub\Cache\hosted\pub.dev\package_info_plus-9.0.0\
[  +13 ms] Found plugin local_auth at C:\Users\Nikhi\AppData\Local\Pub\Cache\hosted\pub.dev\local_auth-3.0.0\
[   +2 ms] Found plugin local_auth_windows at C:\Users\Nikhi\AppData\Local\Pub\Cache\hosted\pub.dev\local_auth_windows-2.0.1\
[   +3 ms] Found plugin local_auth_darwin at C:\Users\Nikhi\AppData\Local\Pub\Cache\hosted\pub.dev\local_auth_darwin-2.0.1\
[   +5 ms] Found plugin local_auth_android at C:\Users\Nikhi\AppData\Local\Pub\Cache\hosted\pub.dev\local_auth_android-2.0.4\
[   +2 ms] Found plugin flutter_plugin_android_lifecycle at C:\Users\Nikhi\AppData\Local\Pub\Cache\hosted\pub.dev\flutter_plugin_android_lifecycle-2.0.33\
[   +3 ms] Found plugin path_provider at C:\Users\Nikhi\AppData\Local\Pub\Cache\hosted\pub.dev\path_provider-2.1.5\
[   +2 ms] Found plugin path_provider_foundation at C:\Users\Nikhi\AppData\Local\Pub\Cache\hosted\pub.dev\path_provider_foundation-2.5.1\
[   +2 ms] Found plugin path_provider_android at C:\Users\Nikhi\AppData\Local\Pub\Cache\hosted\pub.dev\path_provider_android-2.2.22\
[   +5 ms] Found plugin flutter_secure_storage at C:\Users\Nikhi\AppData\Local\Pub\Cache\hosted\pub.dev\flutter_secure_storage-10.0.0\
[   +2 ms] Found plugin flutter_secure_storage_windows at C:\Users\Nikhi\AppData\Local\Pub\Cache\hosted\pub.dev\flutter_secure_storage_windows-4.1.0\
[   +3 ms] Found plugin flutter_secure_storage_web at C:\Users\Nikhi\AppData\Local\Pub\Cache\hosted\pub.dev\flutter_secure_storage_web-2.1.0\
[   +1 ms] Found plugin flutter_secure_storage_linux at C:\Users\Nikhi\AppData\Local\Pub\Cache\hosted\pub.dev\flutter_secure_storage_linux-3.0.0\
[   +1 ms] Found plugin flutter_secure_storage_darwin at C:\Users\Nikhi\AppData\Local\Pub\Cache\hosted\pub.dev\flutter_secure_storage_darwin-0.2.0\
[   +6 ms] Found plugin firebase_core at C:\Users\Nikhi\AppData\Local\Pub\Cache\hosted\pub.dev\firebase_core-3.15.2\
[   +2 ms] Found plugin firebase_core_web at C:\Users\Nikhi\AppData\Local\Pub\Cache\hosted\pub.dev\firebase_core_web-2.24.1\
[   +3 ms] Found plugin firebase_auth at C:\Users\Nikhi\AppData\Local\Pub\Cache\hosted\pub.dev\firebase_auth-5.7.0\
[   +1 ms] Found plugin firebase_auth_web at C:\Users\Nikhi\AppData\Local\Pub\Cache\hosted\pub.dev\firebase_auth_web-5.15.3\
[  +52 ms] Skipping generating web_plugin_registrant.dart because it is up-to-date.
[  +47 ms] Found plugin shared_preferences at C:\Users\Nikhi\AppData\Local\Pub\Cache\hosted\pub.dev\shared_preferences-2.5.4\
[   +1 ms] Found plugin shared_preferences_windows at C:\Users\Nikhi\AppData\Local\Pub\Cache\hosted\pub.dev\shared_preferences_windows-2.4.1\
[   +5 ms] Found plugin path_provider_windows at C:\Users\Nikhi\AppData\Local\Pub\Cache\hosted\pub.dev\path_provider_windows-2.3.0\
[   +7 ms] Found plugin shared_preferences_web at C:\Users\Nikhi\AppData\Local\Pub\Cache\hosted\pub.dev\shared_preferences_web-2.4.3\
[   +4 ms] Found plugin shared_preferences_linux at C:\Users\Nikhi\AppData\Local\Pub\Cache\hosted\pub.dev\shared_preferences_linux-2.4.1\
[   +2 ms] Found plugin path_provider_linux at C:\Users\Nikhi\AppData\Local\Pub\Cache\hosted\pub.dev\path_provider_linux-2.2.1\
[   +3 ms] Found plugin shared_preferences_foundation at C:\Users\Nikhi\AppData\Local\Pub\Cache\hosted\pub.dev\shared_preferences_foundation-2.5.6\
[   +2 ms] Found plugin shared_preferences_android at C:\Users\Nikhi\AppData\Local\Pub\Cache\hosted\pub.dev\shared_preferences_android-2.4.18\
[   +2 ms] Found plugin sentry_flutter at C:\Users\Nikhi\AppData\Local\Pub\Cache\hosted\pub.dev\sentry_flutter-7.20.2\
[   +9 ms] Found plugin package_info_plus at C:\Users\Nikhi\AppData\Local\Pub\Cache\hosted\pub.dev\package_info_plus-9.0.0\
[  +10 ms] Found plugin local_auth at C:\Users\Nikhi\AppData\Local\Pub\Cache\hosted\pub.dev\local_auth-3.0.0\
[   +1 ms] Found plugin local_auth_windows at C:\Users\Nikhi\AppData\Local\Pub\Cache\hosted\pub.dev\local_auth_windows-2.0.1\
[   +3 ms] Found plugin local_auth_darwin at C:\Users\Nikhi\AppData\Local\Pub\Cache\hosted\pub.dev\local_auth_darwin-2.0.1\
[   +3 ms] Found plugin local_auth_android at C:\Users\Nikhi\AppData\Local\Pub\Cache\hosted\pub.dev\local_auth_android-2.0.4\
[   +2 ms] Found plugin flutter_plugin_android_lifecycle at C:\Users\Nikhi\AppData\Local\Pub\Cache\hosted\pub.dev\flutter_plugin_android_lifecycle-2.0.33\
[   +3 ms] Found plugin path_provider at C:\Users\Nikhi\AppData\Local\Pub\Cache\hosted\pub.dev\path_provider-2.1.5\
[   +1 ms] Found plugin path_provider_foundation at C:\Users\Nikhi\AppData\Local\Pub\Cache\hosted\pub.dev\path_provider_foundation-2.5.1\
[   +1 ms] Found plugin path_provider_android at C:\Users\Nikhi\AppData\Local\Pub\Cache\hosted\pub.dev\path_provider_android-2.2.22\
[   +5 ms] Found plugin flutter_secure_storage at C:\Users\Nikhi\AppData\Local\Pub\Cache\hosted\pub.dev\flutter_secure_storage-10.0.0\
[   +2 ms] Found plugin flutter_secure_storage_windows at C:\Users\Nikhi\AppData\Local\Pub\Cache\hosted\pub.dev\flutter_secure_storage_windows-4.1.0\
[   +4 ms] Found plugin flutter_secure_storage_web at C:\Users\Nikhi\AppData\Local\Pub\Cache\hosted\pub.dev\flutter_secure_storage_web-2.1.0\
[   +1 ms] Found plugin flutter_secure_storage_linux at C:\Users\Nikhi\AppData\Local\Pub\Cache\hosted\pub.dev\flutter_secure_storage_linux-3.0.0\
[   +2 ms] Found plugin flutter_secure_storage_darwin at C:\Users\Nikhi\AppData\Local\Pub\Cache\hosted\pub.dev\flutter_secure_storage_darwin-0.2.0\
[   +7 ms] Found plugin firebase_core at C:\Users\Nikhi\AppData\Local\Pub\Cache\hosted\pub.dev\firebase_core-3.15.2\
[   +2 ms] Found plugin firebase_core_web at C:\Users\Nikhi\AppData\Local\Pub\Cache\hosted\pub.dev\firebase_core_web-2.24.1\
[   +3 ms] Found plugin firebase_auth at C:\Users\Nikhi\AppData\Local\Pub\Cache\hosted\pub.dev\firebase_auth-5.7.0\
[   +1 ms] Found plugin firebase_auth_web at C:\Users\Nikhi\AppData\Local\Pub\Cache\hosted\pub.dev\firebase_auth_web-5.15.3\
[  +82 ms] Generating C:\Users\Nikhi\guardrail_1\GuardRail\android\app\src\main\java\io\flutter\plugins\GeneratedPluginRegistrant.java
[   +3 ms] Skipping generating GeneratedPluginRegistrant.java because it is up-to-date.
[   +6 ms] Skipping generating generated_plugin_registrant.h because it is up-to-date.
[   +3 ms] Skipping generating generated_plugin_registrant.cc because it is up-to-date.
[   +2 ms] Skipping generating generated_plugins.cmake because it is up-to-date.
[   +3 ms] Skipping generating generated_plugin_registrant.h because it is up-to-date.
[   +2 ms] Skipping generating generated_plugin_registrant.cc because it is up-to-date.
[   +2 ms] Skipping generating generated_plugins.cmake because it is up-to-date.
[   +3 ms] Skipping generating GeneratedPluginRegistrant.h because it is up-to-date.
[   +4 ms] Skipping generating GeneratedPluginRegistrant.m because it is up-to-date.
[   +2 ms] Skipping generating GeneratedPluginRegistrant.swift because it is up-to-date.
[  +94 ms] ro.hardware = qcom
[  +99 ms] Initializing file store
[  +47 ms] Skipping target: gen_localizations
[   +3 ms] gen_dart_plugin_registrant: Starting due to {InvalidatedReasonKind.inputChanged: The following inputs have updated contents: C:\Users\Nikhi\guardrail_1\GuardRail\.dart_tool\package_config.json,C:\Users\Nikhi\guardrail_1\GuardRail\.dart_tool\flutter_build\dart_plugin_registrant.dart}
[  +78 ms] Found plugin shared_preferences at C:\Users\Nikhi\AppData\Local\Pub\Cache\hosted\pub.dev\shared_preferences-2.5.4\
[   +2 ms] Found plugin shared_preferences_windows at C:\Users\Nikhi\AppData\Local\Pub\Cache\hosted\pub.dev\shared_preferences_windows-2.4.1\
[   +5 ms] Found plugin path_provider_windows at C:\Users\Nikhi\AppData\Local\Pub\Cache\hosted\pub.dev\path_provider_windows-2.3.0\
[   +7 ms] Found plugin shared_preferences_web at C:\Users\Nikhi\AppData\Local\Pub\Cache\hosted\pub.dev\shared_preferences_web-2.4.3\
[   +3 ms] Found plugin shared_preferences_linux at C:\Users\Nikhi\AppData\Local\Pub\Cache\hosted\pub.dev\shared_preferences_linux-2.4.1\
[   +2 ms] Found plugin path_provider_linux at C:\Users\Nikhi\AppData\Local\Pub\Cache\hosted\pub.dev\path_provider_linux-2.2.1\
[   +3 ms] Found plugin shared_preferences_foundation at C:\Users\Nikhi\AppData\Local\Pub\Cache\hosted\pub.dev\shared_preferences_foundation-2.5.6\
[   +3 ms] Found plugin shared_preferences_android at C:\Users\Nikhi\AppData\Local\Pub\Cache\hosted\pub.dev\shared_preferences_android-2.4.18\
[   +2 ms] Found plugin sentry_flutter at C:\Users\Nikhi\AppData\Local\Pub\Cache\hosted\pub.dev\sentry_flutter-7.20.2\
[  +34 ms] Found plugin package_info_plus at C:\Users\Nikhi\AppData\Local\Pub\Cache\hosted\pub.dev\package_info_plus-9.0.0\
[  +13 ms] Found plugin local_auth at C:\Users\Nikhi\AppData\Local\Pub\Cache\hosted\pub.dev\local_auth-3.0.0\
[   +1 ms] Found plugin local_auth_windows at C:\Users\Nikhi\AppData\Local\Pub\Cache\hosted\pub.dev\local_auth_windows-2.0.1\
[   +3 ms] Found plugin local_auth_darwin at C:\Users\Nikhi\AppData\Local\Pub\Cache\hosted\pub.dev\local_auth_darwin-2.0.1\
[   +3 ms] Found plugin local_auth_android at C:\Users\Nikhi\AppData\Local\Pub\Cache\hosted\pub.dev\local_auth_android-2.0.4\
[   +1 ms] Found plugin flutter_plugin_android_lifecycle at C:\Users\Nikhi\AppData\Local\Pub\Cache\hosted\pub.dev\flutter_plugin_android_lifecycle-2.0.33\
[   +3 ms] Found plugin path_provider at C:\Users\Nikhi\AppData\Local\Pub\Cache\hosted\pub.dev\path_provider-2.1.5\
[   +1 ms] Found plugin path_provider_foundation at C:\Users\Nikhi\AppData\Local\Pub\Cache\hosted\pub.dev\path_provider_foundation-2.5.1\
[   +1 ms] Found plugin path_provider_android at C:\Users\Nikhi\AppData\Local\Pub\Cache\hosted\pub.dev\path_provider_android-2.2.22\
[   +4 ms] Found plugin flutter_secure_storage at C:\Users\Nikhi\AppData\Local\Pub\Cache\hosted\pub.dev\flutter_secure_storage-10.0.0\
[   +1 ms] Found plugin flutter_secure_storage_windows at C:\Users\Nikhi\AppData\Local\Pub\Cache\hosted\pub.dev\flutter_secure_storage_windows-4.1.0\
[   +3 ms] Found plugin flutter_secure_storage_web at C:\Users\Nikhi\AppData\Local\Pub\Cache\hosted\pub.dev\flutter_secure_storage_web-2.1.0\
[   +1 ms] Found plugin flutter_secure_storage_linux at C:\Users\Nikhi\AppData\Local\Pub\Cache\hosted\pub.dev\flutter_secure_storage_linux-3.0.0\
[   +1 ms] Found plugin flutter_secure_storage_darwin at C:\Users\Nikhi\AppData\Local\Pub\Cache\hosted\pub.dev\flutter_secure_storage_darwin-0.2.0\
[   +5 ms] Found plugin firebase_core at C:\Users\Nikhi\AppData\Local\Pub\Cache\hosted\pub.dev\firebase_core-3.15.2\
[   +1 ms] Found plugin firebase_core_web at C:\Users\Nikhi\AppData\Local\Pub\Cache\hosted\pub.dev\firebase_core_web-2.24.1\
[   +3 ms] Found plugin firebase_auth at C:\Users\Nikhi\AppData\Local\Pub\Cache\hosted\pub.dev\firebase_auth-5.7.0\
[   +1 ms] Found plugin firebase_auth_web at C:\Users\Nikhi\AppData\Local\Pub\Cache\hosted\pub.dev\firebase_auth_web-5.15.3\
[  +32 ms] Skipping generating dart_plugin_registrant.dart because it is up-to-date.
[        ] gen_dart_plugin_registrant: Complete
[   +3 ms] Skipping target: _composite
[   +3 ms] complete
[   +5 ms] Launching lib\main.dart on A059 in debug mode...
[   +4 ms] C:\flutter\bin\cache\dart-sdk\bin\dartaotruntime.exe C:\flutter\bin\cache\dart-sdk\bin\snapshots\frontend_server_aot.dart.snapshot --sdk-root C:\flutter\bin\cache\artifacts\engine\common\flutter_patched_sdk/ --incremental --target=flutter --experimental-emit-debug-metadata -DFLUTTER_VERSION=3.35.6 -DFLUTTER_CHANNEL=stable -DFLUTTER_GIT_URL=https://github.com/flutter/flutter.git -DFLUTTER_FRAMEWORK_REVISION=9f455d2486 -DFLUTTER_ENGINE_REVISION=d2913632a4 -DFLUTTER_DART_VERSION=3.9.2 --output-dill C:\Users\Nikhi\AppData\Local\Temp\flutter_tools.10181d4d\flutter_tool.c97fe8c5\app.dill --packages C:\Users\Nikhi\guardrail_1\GuardRail\.dart_tool\package_config.json -Ddart.vm.profile=false -Ddart.vm.product=false --enable-asserts --track-widget-creation --filesystem-scheme org-dartlang-root --initialize-from-dill build\f61019181a390ebae04f980d79c3991a.cache.dill.track.dill --source file:///C:/Users/Nikhi/guardrail_1/GuardRail/.dart_tool/flutter_build/dart_plugin_registrant.dart --source package:flutter/src/dart_plugin_registrant.dart -Dflutter.dart_plugin_registrant=file:///C:/Users/Nikhi/guardrail_1/GuardRail/.dart_tool/flutter_build/dart_plugin_registrant.dart --verbosity=error --enable-experiment=alternative-invalidation-strategy
[  +12 ms] executing: C:\Users\Nikhi\AppData\Local\Android\sdk\platform-tools\adb.exe -s 001603583000235 shell -x logcat -v time -t 1
[  +14 ms] <- compile package:guardrail/main.dart
[ +133 ms] --------- beginning of main
           01-02 10:04:32.815 I/sensors-hal( 1552): handle_sns_std_sensor_event:160, ambient_light_event: ssc_ts 0x784FB5C3A45 hal_ts 430607677514181 lux=9.160 Channel0-5=844.0,431.0,30.0,422.0,115.0 gain=128.0,4.0 scale=0.09921 lcd_type 0x23
[   +9 ms] executing: C:\Users\Nikhi\AppData\Local\Android\sdk\platform-tools\adb.exe version
[  +54 ms] Android Debug Bridge version 1.0.41
           Version 36.0.0-13206524
           Installed as C:\Users\Nikhi\AppData\Local\Android\sdk\platform-tools\adb.exe
           Running on Windows 10.0.26100
[   +2 ms] executing: C:\Users\Nikhi\AppData\Local\Android\sdk\platform-tools\adb.exe start-server
[  +50 ms] Building APK
[  +19 ms] executing: C:\Program Files\Android\Android Studio\jbr\bin\java -version
[ +348 ms] Exit code 0 from: C:\Program Files\Android\Android Studio\jbr\bin\java -version
[        ] openjdk version "21.0.8" 2025-07-15
           OpenJDK Runtime Environment (build 21.0.8+-14018985-b1038.68)
           OpenJDK 64-Bit Server VM (build 21.0.8+-14018985-b1038.68, mixed mode)
[   +8 ms] Top-level Gradle build file not found, skipping migration of task "clean".
[   +2 ms] executing: C:\Program Files\Android\Android Studio\jbr\bin\java --version
[ +162 ms] Exit code 0 from: C:\Program Files\Android\Android Studio\jbr\bin\java --version
[        ] openjdk 21.0.8 2025-07-15
           OpenJDK Runtime Environment (build 21.0.8+-14018985-b1038.68)
           OpenJDK 64-Bit Server VM (build 21.0.8+-14018985-b1038.68, mixed mode)
[   +2 ms] Version of Java is different than impacted version, no migration attempted.
[  +16 ms] CMake project not found, skipping support Android 15 16k page size migration.
[   +5 ms] Using gradle from C:\Users\Nikhi\guardrail_1\GuardRail\android\gradlew.bat.
[  +58 ms] LocalFile: 'C:\Users\Nikhi\guardrail_1\GuardRail\android\build.gradle.kts' doesn't provide an AGP version. Checking settings.
[  +10 ms] LocalFile: 'C:\Users\Nikhi\guardrail_1\GuardRail\android\settings.gradle.kts' provides AGP version: 8.5.2
[  +25 ms] Running Gradle task 'assembleDebug'...
[   +2 ms] executing: [C:\Users\Nikhi\guardrail_1\GuardRail\android/] C:\Users\Nikhi\guardrail_1\GuardRail\android\gradlew.bat --full-stacktrace --info -Pverbose=true -Ptarget-platform=android-arm64 -Ptarget=C:\Users\Nikhi\guardrail_1\GuardRail\lib\main.dart -Pbase-application-name=android.app.Application -Pdart-defines=RkxVVFRFUl9WRVJTSU9OPTMuMzUuNg==,RkxVVFRFUl9DSEFOTkVMPXN0YWJsZQ==,RkxVVFRFUl9HSVRfVVJMPWh0dHBzOi8vZ2l0aHViLmNvbS9mbHV0dGVyL2ZsdXR0ZXIuZ2l0,RkxVVFRFUl9GUkFNRVdPUktfUkVWSVNJT049OWY0NTVkMjQ4Ng==,RkxVVFRFUl9FTkdJTkVfUkVWSVNJT049ZDI5MTM2MzJhNA==,RkxVVFRFUl9EQVJUX1ZFUlNJT049My45LjI= -Pdart-obfuscation=false -Ptrack-widget-creation=true -Ptree-shake-icons=false -Pfilesystem-scheme=org-dartlang-root assembleDebug
[+1595 ms] Initialized native services in: C:\Users\Nikhi\.gradle\native
[   +1 ms] Initialized jansi services in: C:\Users\Nikhi\.gradle\native
[ +716 ms] Removing daemon from the registry due to communication failure. Daemon information: DaemonInfo{pid=18528, address=[3e61082d-c514-405b-89d4-347c175802de port:50365, addresses:[/127.0.0.1]], state=Idle, lastBusy=1767275939083, context=DefaultDaemonContext[uid=998ba887-f5e6-4745-b73e-ee71702acf5b,javaHome=C:\Program Files\Android\Android Studio\jbr,javaVersion=21,javaVendor=JetBrains s.r.o.,daemonRegistryDir=C:\Users\Nikhi\.gradle\daemon,pid=18528,idleTimeout=10800000,priority=NORMAL,applyInstrumentationAgent=true,nativeServicesMode=ENABLED,daemonOpts=-XX:MaxMetaspaceSize=4G,-XX:ReservedCodeCacheSize=512m,-XX:+HeapDumpOnOutOfMemoryError,-Xmx8G,-Dfile.encoding=UTF-8,-Duser.country=IN,-Duser.language=en,-Duser.variant]}
[ +106 ms] Removing 0 daemon stop events from registry
[        ] Previous Daemon (18528) stopped at Fri Jan 02 10:04:35 IST 2026 by user or operating system
[        ] Starting a Gradle Daemon, 1 incompatible and 1 stopped Daemons could not be reused, use --status for details
[  +94 ms] Starting process 'Gradle build daemon'. Working directory: C:\Users\Nikhi\.gradle\daemon\8.12 Command: C:\Program Files\Android\Android Studio\jbr\bin\java.exe --add-opens=java.base/java.lang=ALL-UNNAMED --add-opens=java.base/java.lang.invoke=ALL-UNNAMED --add-opens=java.base/java.util=ALL-UNNAMED --add-opens=java.prefs/java.util.prefs=ALL-UNNAMED --add-exports=jdk.compiler/com.sun.tools.javac.api=ALL-UNNAMED --add-exports=jdk.compiler/com.sun.tools.javac.util=ALL-UNNAMED --add-opens=java.base/java.util=ALL-UNNAMED --add-opens=java.prefs/java.util.prefs=ALL-UNNAMED --add-opens=java.base/java.nio.charset=ALL-UNNAMED --add-opens=java.base/java.net=ALL-UNNAMED --add-opens=java.base/java.util.concurrent.atomic=ALL-UNNAMED --add-opens=java.xml/javax.xml.namespace=ALL-UNNAMED -XX:MaxMetaspaceSize=4G -XX:ReservedCodeCacheSize=512m -XX:+HeapDumpOnOutOfMemoryError -Xmx8G -Dfile.encoding=UTF-8 -Duser.country=IN -Duser.language=en -Duser.variant -cp C:\Users\Nikhi\.gradle\wrapper\dists\gradle-8.12-all\ejduaidbjup3bmmkhw3rie4zb\gradle-8.12\lib\gradle-daemon-main-8.12.jar -javaagent:C:\Users\Nikhi\.gradle\wrapper\dists\gradle-8.12-all\ejduaidbjup3bmmkhw3rie4zb\gradle-8.12\lib\agents\gradle-instrumentation-agent-8.12.jar org.gradle.launcher.daemon.bootstrap.GradleDaemon 8.12
[        ] Successfully started process 'Gradle build daemon'
[+2406 ms] An attempt to start the daemon took 2.436 secs.
[ +202 ms] The client will now receive all logging from the daemon (pid: 25248). The daemon log file: C:\Users\Nikhi\.gradle\daemon\8.12\daemon-25248.out.log
[        ] Starting build in new daemon [memory: 8 GiB]
[ +786 ms] Using 16 worker leases.
[ +600 ms] Received JVM installation metadata from 'C:\Program Files\Android\Android Studio\jbr': {JAVA_HOME=C:\Program Files\Android\Android Studio\jbr, JAVA_VERSION=21.0.8, JAVA_VENDOR=JetBrains s.r.o., RUNTIME_NAME=OpenJDK Runtime Environment, RUNTIME_VERSION=21.0.8+-14018985-b1038.68, VM_NAME=OpenJDK 64-Bit Server VM, VM_VERSION=21.0.8+-14018985-b1038.68, VM_VENDOR=JetBrains s.r.o., OS_ARCH=amd64}
[ +413 ms] Watching the file system is configured to be enabled if available
[  +98 ms] Now considering [C:\Users\Nikhi\guardrail_1\GuardRail\android] as hierarchies to watch
[        ] File system watching is active
[ +895 ms] Starting Build
[+1289 ms] Now considering [C:\flutter\packages\flutter_tools\gradle, C:\Users\Nikhi\guardrail_1\GuardRail\android] as hierarchies to watch
[+2201 ms] > Configure project :gradle
[        ] Evaluating project ':gradle' using build file 'C:\flutter\packages\flutter_tools\gradle\build.gradle.kts'.
[        ] Resolved plugin [id: 'org.gradle.java-gradle-plugin']
[        ] Resolved plugin [id: 'org.gradle.groovy']
[        ] Resolved plugin [id: 'org.gradle.kotlin.kotlin-dsl', version: '5.1.2']
[        ] Resolved plugin [id: 'org.jetbrains.kotlin.jvm', version: '1.9.20']
[+1011 ms] Using Kotlin Gradle Plugin gradle85 variant
[ +696 ms] kotlin scripting plugin: created the scripting discovery configuration: kotlinScriptDef
[        ] kotlin scripting plugin: created the scripting discovery configuration: testKotlinScriptDef
[ +289 ms] file or directory 'C:\flutter\packages\flutter_tools\gradle\src\main\java', not found
[ +902 ms] Resolved plugin [id: 'dev.flutter.flutter-plugin-loader', version: '1.0.0']
[        ] Resolved plugin [id: 'com.android.application', version: '8.5.2', apply: false]
[        ] Resolved plugin [id: 'org.jetbrains.kotlin.android', version: '1.9.22', apply: false]
[        ] Resolved plugin [id: 'com.google.gms.google-services', version: '4.4.1', apply: false]
[ +295 ms] Resolve mutations for :gradle:checkKotlinGradlePluginConfigurationErrors (Thread[#116,Execution worker,5,main]) started.
[        ] :gradle:checkKotlinGradlePluginConfigurationErrors (Thread[#116,Execution worker,5,main]) started.
[ +114 ms] > Task :gradle:checkKotlinGradlePluginConfigurationErrors SKIPPED
[        ] Skipping task ':gradle:checkKotlinGradlePluginConfigurationErrors' as task onlyIf 'errorDiagnostics are present' is false.
[        ] Resolve mutations for :gradle:compileKotlin (Thread[#116,Execution worker,5,main]) started.
[        ] :gradle:compileKotlin (Thread[#116,Execution worker,5,main]) started.
[ +485 ms] > Task :gradle:compileKotlin UP-TO-DATE
[        ] Caching disabled for task ':gradle:compileKotlin' because:
[        ]   Build cache is disabled
[        ] Skipping task ':gradle:compileKotlin' as it is up-to-date.
[        ] Resolve mutations for :gradle:compileJava (Thread[#116,Execution worker,5,main]) started.
[        ] :gradle:compileJava (Thread[#116,Execution worker,5,main]) started.
[        ] > Task :gradle:compileJava NO-SOURCE
[        ] Skipping task ':gradle:compileJava' as it has no source files and no previous output files.
[        ] Resolve mutations for :gradle:compileGroovy (Thread[#116,Execution worker,5,main]) started.
[        ] :gradle:compileGroovy (Thread[#116,Execution worker,5,main]) started.
[        ] > Task :gradle:compileGroovy NO-SOURCE
[        ] Skipping task ':gradle:compileGroovy' as it has no source files and no previous output files.
[        ] Resolve mutations for :gradle:pluginDescriptors (Thread[#116,Execution worker,5,main]) started.
[        ] :gradle:pluginDescriptors (Thread[#116,Execution worker,5,main]) started.
[        ] > Task :gradle:pluginDescriptors UP-TO-DATE
[        ] Caching disabled for task ':gradle:pluginDescriptors' because:
[        ]   Build cache is disabled
[        ]   Not worth caching
[        ] Skipping task ':gradle:pluginDescriptors' as it is up-to-date.
[        ] Resolve mutations for :gradle:processResources (Thread[#116,Execution worker,5,main]) started.
[        ] :gradle:processResources (Thread[#116,Execution worker,5,main]) started.
[        ] > Task :gradle:processResources UP-TO-DATE
[        ] Caching disabled for task ':gradle:processResources' because:
[        ]   Build cache is disabled
[        ]   Not worth caching
[        ] Skipping task ':gradle:processResources' as it is up-to-date.
[        ] Resolve mutations for :gradle:classes (Thread[#116,Execution worker,5,main]) started.
[        ] :gradle:classes (Thread[#116,Execution worker,5,main]) started.
[        ] > Task :gradle:classes UP-TO-DATE
[        ] Skipping task ':gradle:classes' as it has no actions.
[        ] Resolve mutations for :gradle:jar (Thread[#116,Execution worker,5,main]) started.
[        ] :gradle:jar (Thread[#116,Execution worker,5,main]) started.
[        ] > Task :gradle:jar UP-TO-DATE
[        ] Caching disabled for task ':gradle:jar' because:
[        ]   Build cache is disabled
[        ]   Not worth caching
[        ] Skipping task ':gradle:jar' as it is up-to-date.
[+1702 ms] Settings evaluated using settings file 'C:\Users\Nikhi\guardrail_1\GuardRail\android\settings.gradle.kts'.
[        ] Projects loaded. Root project using build file 'C:\Users\Nikhi\guardrail_1\GuardRail\android\build.gradle.kts'.
[        ] Included projects: [root project 'android', project ':app', project ':firebase_auth', project ':firebase_core', project ':flutter_plugin_android_lifecycle', project ':flutter_secure_storage', project ':local_auth_android', project ':package_info_plus', project ':path_provider_android', project ':sentry_flutter', project ':shared_preferences_android']
[+1987 ms] > Configure project :
[        ] Evaluating root project 'android' using build file 'C:\Users\Nikhi\guardrail_1\GuardRail\android\build.gradle.kts'.
[+4200 ms] > Configure project :app
[        ] Evaluating project ':app' using build file 'C:\Users\Nikhi\guardrail_1\GuardRail\android\app\build.gradle.kts'.
[        ] Resolved plugin [id: 'com.android.application']
[        ] Resolved plugin [id: 'kotlin-android']
[        ] Resolved plugin [id: 'dev.flutter.flutter-gradle-plugin']
[        ] Resolved plugin [id: 'com.google.gms.google-services']
[        ] Using default execution profile
[        ] Using Kotlin Gradle Plugin gradle82 variant
flutter : [        ] 
Warning: Flutter 
support for your 
project's Android 
Gradle Plugin version 
(Android Gradle 
Plugin version 8.5.2) 
will soon be dropped. 
Please upgrade your 
Android Gradle Plugin 
version to a version 
of at least Android 
Gradle Plugin version 
8.6.0 soon.
At line:1 char:1
+ flutter run 
--verbose 2>&1 | 
Out-File -FilePath 
"run_output.txt" -Enc 
...
+ ~~~~~~~~~~~~~~~~~~~~
~~~~~~
    + CategoryInfo    
          : NotSpeci  
  fied: ([        ]   
  Warn...ion 8.6.0    
 soon.:String) []    
, RemoteException
    + FullyQualifiedE 
   rrorId : NativeCo  
  mmandError
 
[   +1 ms] 
Alternatively, use 
the flag "--android-sk
ip-build-dependency-va
lidation" to bypass 
this check.
[        ] Potential 
fix: Your project's 
AGP version is 
typically defined in 
the plugins block of 
the `settings.gradle` 
file (C:\Users\Nikhi\g
uardrail_1\GuardRail\a
ndroid/settings.gradle
), by a plugin with 
the id of com.android.
application. 
[        ] If you 
don't see a plugins 
block, your project 
was likely created 
with an older 
template version. In 
this case it is most 
likely defined in the 
top-level 
build.gradle file (C:\
Users\Nikhi\guardrail_
1\GuardRail\android/bu
ild.gradle) by the 
following line in the 
dependencies block of 
the buildscript: 
"classpath 'com.androi
d.tools.build:gradle:<
version>'".
[        ] Warning: 
Flutter support for 
your project's Kotlin 
version (1.9.22) will 
soon be dropped. 
Please upgrade your 
Kotlin version to a 
version of at least 
2.1.0 soon.
[        ] 
Alternatively, use 
the flag "--android-sk
ip-build-dependency-va
lidation" to bypass 
this check.
[        ] Potential 
fix: Your project's 
KGP version is 
typically defined in 
the plugins block of 
the `settings.gradle` 
file (C:\Users\Nikhi\g
uardrail_1\GuardRail\a
ndroid/settings.gradle
), by a plugin with 
the id of org.jetbrain
s.kotlin.android. 
[        ] If you 
don't see a plugins 
block, your project 
was likely created 
with an older 
template version, in 
which case it is most 
likely defined in the 
top-level 
build.gradle file (C:\
Users\Nikhi\guardrail_
1\GuardRail\android/bu
ild.gradle) by the 
ext.kotlin_version 
property.
[        ] C/C++: android.ndkVersion from module build.gradle is [27.0.12077973]
[        ] C/C++: android.ndkPath from module build.gradle is not set
[        ] C/C++: ndk.dir in local.properties is not set
[        ] C/C++: Not considering ANDROID_NDK_HOME because support was removed after deprecation period.
[        ] C/C++: sdkFolder is C:\Users\Nikhi\AppData\Local\Android\sdk
[        ] C/C++: android.ndkVersion from module build.gradle is [27.0.12077973]
[        ] C/C++: android.ndkPath from module build.gradle is not set
[        ] C/C++: ndk.dir in local.properties is not set
[        ] C/C++: Not considering ANDROID_NDK_HOME because support was removed after deprecation period.
[        ] C/C++: sdkFolder is C:\Users\Nikhi\AppData\Local\Android\sdk
[        ] C/C++: android.ndkVersion from module build.gradle is [27.0.12077973]
[        ] C/C++: android.ndkPath from module build.gradle is not set
[        ] C/C++: ndk.dir in local.properties is not set
[        ] C/C++: Not considering ANDROID_NDK_HOME because support was removed after deprecation period.
[        ] C/C++: sdkFolder is C:\Users\Nikhi\AppData\Local\Android\sdk
[        ] C/C++: android.ndkVersion from module build.gradle is [27.0.12077973]
[        ] C/C++: android.ndkPath from module build.gradle is not set
[        ] C/C++: ndk.dir in local.properties is not set
[        ] C/C++: Not considering ANDROID_NDK_HOME because support was removed after deprecation period.
[        ] C/C++: sdkFolder is C:\Users\Nikhi\AppData\Local\Android\sdk
[        ] C/C++: android.ndkVersion from module build.gradle is [27.0.12077973]
[        ] C/C++: android.ndkPath from module build.gradle is not set
[        ] C/C++: ndk.dir in local.properties is not set
[        ] C/C++: Not considering ANDROID_NDK_HOME because support was removed after deprecation period.
[        ] C/C++: sdkFolder is C:\Users\Nikhi\AppData\Local\Android\sdk
[        ] C/C++: android.ndkVersion from module build.gradle is [27.0.12077973]
[        ] C/C++: android.ndkPath from module build.gradle is not set
[        ] C/C++: ndk.dir in local.properties is not set
[        ] C/C++: Not considering ANDROID_NDK_HOME because support was removed after deprecation period.
[        ] C/C++: sdkFolder is C:\Users\Nikhi\AppData\Local\Android\sdk
[        ] C/C++: android.ndkVersion from module build.gradle is [27.0.12077973]
[        ] C/C++: android.ndkPath from module build.gradle is not set
[        ] C/C++: ndk.dir in local.properties is not set
[        ] C/C++: Not considering ANDROID_NDK_HOME because support was removed after deprecation period.
[        ] C/C++: sdkFolder is C:\Users\Nikhi\AppData\Local\Android\sdk
[        ] C/C++: android.ndkVersion from module build.gradle is [27.0.12077973]
[        ] C/C++: android.ndkPath from module build.gradle is not set
[        ] C/C++: ndk.dir in local.properties is not set
[        ] C/C++: Not considering ANDROID_NDK_HOME because support was removed after deprecation period.
[        ] C/C++: sdkFolder is C:\Users\Nikhi\AppData\Local\Android\sdk
[        ] C/C++: android.ndkVersion from module build.gradle is [27.0.12077973]
[        ] C/C++: android.ndkPath from module build.gradle is not set
[        ] C/C++: ndk.dir in local.properties is not set
[        ] C/C++: Not considering ANDROID_NDK_HOME because support was removed after deprecation period.
[        ] C/C++: sdkFolder is C:\Users\Nikhi\AppData\Local\Android\sdk
[        ] C/C++: android.ndkVersion from module build.gradle is [27.0.12077973]
[        ] C/C++: android.ndkPath from module build.gradle is not set
[        ] C/C++: ndk.dir in local.properties is not set
[        ] C/C++: Not considering ANDROID_NDK_HOME because support was removed after deprecation period.
[        ] C/C++: sdkFolder is C:\Users\Nikhi\AppData\Local\Android\sdk
[        ] C/C++: android.ndkVersion from module build.gradle is [27.0.12077973]
[        ] C/C++: android.ndkPath from module build.gradle is not set
[        ] C/C++: ndk.dir in local.properties is not set
[        ] C/C++: Not considering ANDROID_NDK_HOME because support was removed after deprecation period.
[        ] C/C++: sdkFolder is C:\Users\Nikhi\AppData\Local\Android\sdk
[        ] C/C++: android.ndkVersion from module build.gradle is [27.0.12077973]
[        ] C/C++: android.ndkPath from module build.gradle is not set
[        ] C/C++: ndk.dir in local.properties is not set
[        ] C/C++: Not considering ANDROID_NDK_HOME because support was removed after deprecation period.
[        ] C/C++: sdkFolder is C:\Users\Nikhi\AppData\Local\Android\sdk
[        ] C/C++: android.ndkVersion from module build.gradle is [27.0.12077973]
[        ] C/C++: android.ndkPath from module build.gradle is not set
[        ] C/C++: ndk.dir in local.properties is not set
[        ] C/C++: Not considering ANDROID_NDK_HOME because support was removed after deprecation period.
[        ] C/C++: sdkFolder is C:\Users\Nikhi\AppData\Local\Android\sdk
[        ] C/C++: android.ndkVersion from module build.gradle is [27.0.12077973]
[        ] C/C++: android.ndkPath from module build.gradle is not set
[        ] C/C++: ndk.dir in local.properties is not set
[        ] C/C++: Not considering ANDROID_NDK_HOME because support was removed after deprecation period.
[        ] C/C++: sdkFolder is C:\Users\Nikhi\AppData\Local\Android\sdk
[        ] C/C++: android.ndkVersion from module build.gradle is [27.0.12077973]
[        ] C/C++: android.ndkPath from module build.gradle is not set
[        ] C/C++: ndk.dir in local.properties is not set
[        ] C/C++: Not considering ANDROID_NDK_HOME because support was removed after deprecation period.
[        ] C/C++: sdkFolder is C:\Users\Nikhi\AppData\Local\Android\sdk
[        ] C/C++: android.ndkVersion from module build.gradle is [27.0.12077973]
[        ] C/C++: android.ndkPath from module build.gradle is not set
[        ] C/C++: ndk.dir in local.properties is not set
[        ] C/C++: Not considering ANDROID_NDK_HOME because support was removed after deprecation period.
[        ] C/C++: sdkFolder is C:\Users\Nikhi\AppData\Local\Android\sdk
[        ] C/C++: android.ndkVersion from module build.gradle is [27.0.12077973]
[        ] C/C++: android.ndkPath from module build.gradle is not set
[        ] C/C++: ndk.dir in local.properties is not set
[        ] C/C++: Not considering ANDROID_NDK_HOME because support was removed after deprecation period.
[        ] C/C++: sdkFolder is C:\Users\Nikhi\AppData\Local\Android\sdk
[        ] C/C++: android.ndkVersion from module build.gradle is [27.0.12077973]
[        ] C/C++: android.ndkPath from module build.gradle is not set
[        ] C/C++: ndk.dir in local.properties is not set
[        ] C/C++: Not considering ANDROID_NDK_HOME because support was removed after deprecation period.
[        ] C/C++: sdkFolder is C:\Users\Nikhi\AppData\Local\Android\sdk
[        ] C/C++: android.ndkVersion from module build.gradle is [27.0.12077973]
[        ] C/C++: android.ndkPath from module build.gradle is not set
[        ] C/C++: ndk.dir in local.properties is not set
[        ] C/C++: Not considering ANDROID_NDK_HOME because support was removed after deprecation period.
[        ] C/C++: sdkFolder is C:\Users\Nikhi\AppData\Local\Android\sdk
[        ] Parsed shrinker version: 8.5.35
[ +974 ms] > Configure project :firebase_auth
[        ] Evaluating project ':firebase_auth' using build file 'C:\Users\Nikhi\AppData\Local\Pub\Cache\hosted\pub.dev\firebase_auth-5.7.0\android\build.gradle'.
[        ] Using default execution profile
[ +308 ms] > Configure project :firebase_core
[        ] Evaluating project ':firebase_core' using build file 'C:\Users\Nikhi\AppData\Local\Pub\Cache\hosted\pub.dev\firebase_core-3.15.2\android\build.gradle'.
[        ] Using default execution profile
[ +804 ms] > Configure project :flutter_plugin_android_lifecycle
[        ] Evaluating project ':flutter_plugin_android_lifecycle' using build file 'C:\Users\Nikhi\AppData\Local\Pub\Cache\hosted\pub.dev\flutter_plugin_android_lifecycle-2.0.33\android\build.gradle'.
[        ] Using default execution profile
[        ] Warning: The plugin flutter_plugin_android_lifecycle requires Android SDK version 36 or higher.
[        ] For more information about build configuration, see https://flutter.dev/to/review-gradle-config.
[ +195 ms] > Configure project :flutter_secure_storage
[        ] Evaluating project ':flutter_secure_storage' using build file 'C:\Users\Nikhi\AppData\Local\Pub\Cache\hosted\pub.dev\flutter_secure_storage-10.0.0\android\build.gradle'.
[        ] Using default execution profile
[        ] Warning: The plugin flutter_secure_storage requires Android SDK version 36 or higher.
[        ] For more information about build configuration, see https://flutter.dev/to/review-gradle-config.
[ +188 ms] > Configure project :local_auth_android
[        ] Evaluating project ':local_auth_android' using build file 'C:\Users\Nikhi\AppData\Local\Pub\Cache\hosted\pub.dev\local_auth_android-2.0.4\android\build.gradle'.
[        ] Using default execution profile
[        ] Warning: The plugin local_auth_android requires Android SDK version 36 or higher.
[        ] For more information about build configuration, see https://flutter.dev/to/review-gradle-config.
[ +899 ms] > Configure project :package_info_plus
[        ] Evaluating project ':package_info_plus' using build file 'C:\Users\Nikhi\AppData\Local\Pub\Cache\hosted\pub.dev\package_info_plus-9.0.0\android\build.gradle'.
[        ] Using default execution profile
[        ] Using Kotlin Gradle Plugin gradle82 variant
[        ] Warning: The plugin package_info_plus requires Android SDK version 36 or higher.
[        ] For more information about build configuration, see https://flutter.dev/to/review-gradle-config.
[ +197 ms] > Configure project :path_provider_android
[        ] Evaluating project ':path_provider_android' using build file 'C:\Users\Nikhi\AppData\Local\Pub\Cache\hosted\pub.dev\path_provider_android-2.2.22\android\build.gradle'.
[        ] Using default execution profile
[        ] Warning: The plugin path_provider_android requires Android SDK version 36 or higher.
[        ] For more information about build configuration, see https://flutter.dev/to/review-gradle-config.
[+1198 ms] > Configure project :sentry_flutter
[        ] Evaluating project ':sentry_flutter' using build file 'C:\Users\Nikhi\AppData\Local\Pub\Cache\hosted\pub.dev\sentry_flutter-7.20.2\android\build.gradle'.
[        ] Using default execution profile
[        ] Using Kotlin Gradle Plugin gradle82 variant
[ +501 ms] > Configure project :shared_preferences_android
[        ] Evaluating project ':shared_preferences_android' using build file 'C:\Users\Nikhi\AppData\Local\Pub\Cache\hosted\pub.dev\shared_preferences_android-2.4.18\android\build.gradle'.
[        ] Using default execution profile
[        ] Using Kotlin Gradle Plugin gradle82 variant
[        ] Warning: The plugin shared_preferences_android requires Android SDK version 36 or higher.
[        ] For more information about build configuration, see https://flutter.dev/to/review-gradle-config.
[        ] Your 
project is configured 
to compile against 
Android SDK 34, but 
the following 
plugin(s) require to 
be compiled against a 
higher Android SDK 
version:
[        ] - flutter_p
lugin_android_lifecycl
e compiles against 
Android SDK 36
[        ] - flutter_s
ecure_storage 
compiles against 
Android SDK 36
[        ] - 
local_auth_android 
compiles against 
Android SDK 36
[        ] - 
package_info_plus 
compiles against 
Android SDK 36
[        ] - 
path_provider_android 
compiles against 
Android SDK 36
[        ] - shared_pr
eferences_android 
compiles against 
Android SDK 36
[        ] Fix this 
issue by compiling 
against the highest 
Android SDK version 
(they are backward 
compatible).
[        ] Add the 
following to C:\Users\
Nikhi\guardrail_1\Guar
dRail\android\app\buil
d.gradle.kts:
[        ]     
android {
[        ]         
compileSdk = 36
[        ]         ...
[        ]     }
[        ] All projects evaluated.
[ +298 ms] Task name matched 'assembleDebug'
[        ] Selected primary task 'assembleDebug' from project :
[+1507 ms] WARNING: We recommend using a newer Android Gradle plugin to use compileSdk = 36
[        ] This Android Gradle plugin (8.5.2) was tested up to compileSdk = 34.
[        ] You are strongly encouraged to update your project to use a newer
[        ] Android Gradle plugin that has been tested with compileSdk = 36.
[        ] If you are already using the latest version of the Android Gradle plugin,
[        ] you may need to wait until a newer version with support for compileSdk = 36 is available.
[        ] For more information refer to the compatibility table:
[        ] https://d.android.com/r/tools/api-level-support
[        ] To suppress this warning, add/update
[        ]     android.suppressUnsupportedCompileSdk=36
[        ] to this project's gradle.properties.
[ +303 ms] Tasks to be executed: [task ':app:DebugMinSdkCheck', task ':app:preBuild', task ':app:preDebugBuild', task ':app:mergeDebugNativeDebugMetadata', task ':app:checkKotlinGradlePluginConfigurationErrors', task ':app:compileFlutterBuildDebug', task ':app:packJniLibsflutterBuildDebug', task ':firebase_auth:preBuild', task ':firebase_auth:preDebugBuild', task ':firebase_auth:writeDebugAarMetadata', task ':firebase_core:preBuild', task ':firebase_core:preDebugBuild', task ':firebase_core:writeDebugAarMetadata', task ':flutter_plugin_android_lifecycle:preBuild', task ':flutter_plugin_android_lifecycle:preDebugBuild', task ':flutter_plugin_android_lifecycle:writeDebugAarMetadata', task ':flutter_secure_storage:preBuild', task ':flutter_secure_storage:preDebugBuild', task ':flutter_secure_storage:writeDebugAarMetadata', task ':local_auth_android:preBuild', task ':local_auth_android:preDebugBuild', task ':local_auth_android:writeDebugAarMetadata', task ':package_info_plus:preBuild', task ':package_info_plus:preDebugBuild', task ':package_info_plus:writeDebugAarMetadata', task ':path_provider_android:preBuild', task ':path_provider_android:preDebugBuild', task ':path_provider_android:writeDebugAarMetadata', task ':sentry_flutter:preBuild', task ':sentry_flutter:preDebugBuild', task ':sentry_flutter:writeDebugAarMetadata', task ':shared_preferences_android:preBuild', task ':shared_preferences_android:preDebugBuild', task ':shared_preferences_android:writeDebugAarMetadata', task ':app:checkDebugAarMetadata', task ':app:cleanMergeDebugAssets', task ':app:mergeDebugShaders', task ':app:compileDebugShaders', task ':app:generateDebugAssets', task ':firebase_auth:mergeDebugShaders', task ':firebase_auth:compileDebugShaders', task ':firebase_auth:generateDebugAssets', task ':firebase_auth:packageDebugAssets', task ':firebase_core:mergeDebugShaders', task ':firebase_core:compileDebugShaders', task ':firebase_core:generateDebugAssets', task ':firebase_core:packageDebugAssets', task ':flutter_plugin_android_lifecycle:mergeDebugShaders', task ':flutter_plugin_android_lifecycle:compileDebugShaders', task ':flutter_plugin_android_lifecycle:generateDebugAssets', task ':flutter_plugin_android_lifecycle:packageDebugAssets', task ':flutter_secure_storage:mergeDebugShaders', task ':flutter_secure_storage:compileDebugShaders', task ':flutter_secure_storage:generateDebugAssets', task ':flutter_secure_storage:packageDebugAssets', task ':local_auth_android:mergeDebugShaders', task ':local_auth_android:compileDebugShaders', task ':local_auth_android:generateDebugAssets', task ':local_auth_android:packageDebugAssets', task ':package_info_plus:mergeDebugShaders', task ':package_info_plus:compileDebugShaders', task ':package_info_plus:generateDebugAssets', task ':package_info_plus:packageDebugAssets', task ':path_provider_android:mergeDebugShaders', task ':path_provider_android:compileDebugShaders', task ':path_provider_android:generateDebugAssets', task ':path_provider_android:packageDebugAssets', task ':sentry_flutter:mergeDebugShaders', task ':sentry_flutter:compileDebugShaders', task ':sentry_flutter:generateDebugAssets', task ':sentry_flutter:packageDebugAssets', task ':shared_preferences_android:mergeDebugShaders', task ':shared_preferences_android:compileDebugShaders', task ':shared_preferences_android:generateDebugAssets', task ':shared_preferences_android:packageDebugAssets', task ':app:mergeDebugAssets', task ':app:copyFlutterAssetsDebug', task ':app:generateDebugResValues', task ':app:processDebugGoogleServices', task ':firebase_auth:generateDebugResValues', task ':firebase_auth:generateDebugResources', task ':firebase_auth:packageDebugResources', task ':firebase_core:generateDebugResValues', task ':firebase_core:generateDebugResources', task ':firebase_core:packageDebugResources', task ':flutter_plugin_android_lifecycle:generateDebugResValues', task ':flutter_plugin_android_lifecycle:generateDebugResources', task ':flutter_plugin_android_lifecycle:packageDebugResources', task ':flutter_secure_storage:generateDebugResValues', task ':flutter_secure_storage:generateDebugResources', task ':flutter_secure_storage:packageDebugResources', task ':local_auth_android:generateDebugResValues', task ':local_auth_android:generateDebugResources', task ':local_auth_android:packageDebugResources', task ':package_info_plus:generateDebugResValues', task ':package_info_plus:generateDebugResources', task ':package_info_plus:packageDebugResources', task ':path_provider_android:generateDebugResValues', task ':path_provider_android:generateDebugResources', task ':path_provider_android:packageDebugResources', task ':sentry_flutter:generateDebugResValues', task ':sentry_flutter:generateDebugResources', task ':sentry_flutter:packageDebugResources', task ':shared_preferences_android:generateDebugResValues', task ':shared_preferences_android:generateDebugResources', task ':shared_preferences_android:packageDebugResources', task ':app:mapDebugSourceSetPaths', task ':app:generateDebugResources', task ':app:mergeDebugResources', task ':app:packageDebugResources', task ':app:parseDebugLocalResources', task ':app:createDebugCompatibleScreenManifests', task ':app:extractDeepLinksDebug', task ':firebase_auth:extractDeepLinksDebug', task ':firebase_auth:processDebugManifest', task ':firebase_core:extractDeepLinksDebug', task ':firebase_core:processDebugManifest', task ':flutter_plugin_android_lifecycle:extractDeepLinksDebug', task ':flutter_plugin_android_lifecycle:processDebugManifest', task ':flutter_secure_storage:extractDeepLinksDebug', task ':flutter_secure_storage:processDebugManifest', task ':local_auth_android:extractDeepLinksDebug', task ':local_auth_android:processDebugManifest', task ':package_info_plus:extractDeepLinksDebug', task ':package_info_plus:processDebugManifest', task ':path_provider_android:extractDeepLinksDebug', task ':path_provider_android:processDebugManifest', task ':sentry_flutter:extractDeepLinksDebug', task ':sentry_flutter:processDebugManifest', task ':shared_preferences_android:extractDeepLinksDebug', task ':shared_preferences_android:processDebugManifest', task ':app:processDebugMainManifest', task ':app:processDebugManifest', task ':app:processDebugManifestForPackage', task ':firebase_auth:compileDebugLibraryResources', task ':firebase_auth:parseDebugLocalResources', task ':firebase_auth:generateDebugRFile', task ':firebase_core:compileDebugLibraryResources', task ':firebase_core:parseDebugLocalResources', task ':firebase_core:generateDebugRFile', task ':flutter_plugin_android_lifecycle:compileDebugLibraryResources', task ':flutter_plugin_android_lifecycle:parseDebugLocalResources', task ':flutter_plugin_android_lifecycle:generateDebugRFile', task ':flutter_secure_storage:compileDebugLibraryResources', task ':flutter_secure_storage:parseDebugLocalResources', task ':flutter_secure_storage:generateDebugRFile', task ':local_auth_android:compileDebugLibraryResources', task ':local_auth_android:parseDebugLocalResources', task ':local_auth_android:generateDebugRFile', task ':package_info_plus:compileDebugLibraryResources', task ':package_info_plus:parseDebugLocalResources', task ':package_info_plus:generateDebugRFile', task ':path_provider_android:compileDebugLibraryResources', task ':path_provider_android:parseDebugLocalResources', task ':path_provider_android:generateDebugRFile', task ':sentry_flutter:compileDebugLibraryResources', task ':sentry_flutter:parseDebugLocalResources', task ':sentry_flutter:generateDebugRFile', task ':shared_preferences_android:compileDebugLibraryResources', task ':shared_preferences_android:parseDebugLocalResources', task ':shared_preferences_android:generateDebugRFile', task ':app:processDebugResources', task ':firebase_auth:generateDebugBuildConfig', task ':firebase_auth:javaPreCompileDebug', task ':firebase_core:generateDebugBuildConfig', task ':firebase_core:javaPreCompileDebug', task ':firebase_core:compileDebugJavaWithJavac', task ':firebase_core:bundleLibCompileToJarDebug', task ':firebase_auth:compileDebugJavaWithJavac', task ':firebase_auth:bundleLibCompileToJarDebug', task ':flutter_plugin_android_lifecycle:javaPreCompileDebug', task ':flutter_plugin_android_lifecycle:compileDebugJavaWithJavac', task ':flutter_plugin_android_lifecycle:bundleLibCompileToJarDebug', task ':flutter_secure_storage:generateDebugBuildConfig', task ':flutter_secure_storage:javaPreCompileDebug', task ':flutter_secure_storage:compileDebugJavaWithJavac', task ':flutter_secure_storage:bundleLibCompileToJarDebug', task ':local_auth_android:javaPreCompileDebug', task ':local_auth_android:compileDebugJavaWithJavac', task ':local_auth_android:bundleLibCompileToJarDebug', task ':package_info_plus:checkKotlinGradlePluginConfigurationErrors', task ':package_info_plus:compileDebugKotlin', task ':package_info_plus:javaPreCompileDebug', task ':package_info_plus:compileDebugJavaWithJavac', task ':package_info_plus:bundleLibCompileToJarDebug', task ':path_provider_android:javaPreCompileDebug', task ':path_provider_android:compileDebugJavaWithJavac', task ':path_provider_android:bundleLibCompileToJarDebug', task ':sentry_flutter:checkKotlinGradlePluginConfigurationErrors', task ':sentry_flutter:compileDebugKotlin', task ':sentry_flutter:javaPreCompileDebug', task ':sentry_flutter:compileDebugJavaWithJavac', task ':sentry_flutter:bundleLibCompileToJarDebug', task ':shared_preferences_android:checkKotlinGradlePluginConfigurationErrors', task ':shared_preferences_android:compileDebugKotlin', task ':shared_preferences_android:javaPreCompileDebug', task ':shared_preferences_android:compileDebugJavaWithJavac', task ':shared_preferences_android:bundleLibCompileToJarDebug', task ':app:compileDebugKotlin', task ':app:javaPreCompileDebug', task ':app:compileDebugJavaWithJavac', task ':app:compressDebugAssets', task ':app:processDebugJavaRes', task ':firebase_auth:processDebugJavaRes', task ':firebase_core:processDebugJavaRes', task ':flutter_plugin_android_lifecycle:processDebugJavaRes', task ':flutter_secure_storage:processDebugJavaRes', task ':local_auth_android:processDebugJavaRes', task ':package_info_plus:processDebugJavaRes', task ':path_provider_android:processDebugJavaRes', task ':sentry_flutter:processDebugJavaRes', task ':shared_preferences_android:processDebugJavaRes', task ':app:mergeDebugJavaResource', task ':app:checkDebugDuplicateClasses', task ':app:desugarDebugFileDependencies', task ':app:mergeDebugStartupProfile', task ':app:mergeExtDexDebug', task ':firebase_auth:bundleLibRuntimeToDirDebug', task ':firebase_core:bundleLibRuntimeToDirDebug', task ':local_auth_android:bundleLibRuntimeToDirDebug', task ':flutter_plugin_android_lifecycle:bundleLibRuntimeToDirDebug', task ':flutter_secure_storage:bundleLibRuntimeToDirDebug', task ':sentry_flutter:bundleLibRuntimeToDirDebug', task ':package_info_plus:bundleLibRuntimeToDirDebug', task ':path_provider_android:bundleLibRuntimeToDirDebug', task ':shared_preferences_android:bundleLibRuntimeToDirDebug', task ':app:mergeLibDexDebug', task ':app:dexBuilderDebug', task ':app:mergeProjectDexDebug', task ':app:configureCMakeDebug[arm64-v8a]', task ':app:buildCMakeDebug[arm64-v8a]', task ':app:configureCMakeDebug[armeabi-v7a]', task ':app:buildCMakeDebug[armeabi-v7a]', task ':app:configureCMakeDebug[x86_64]', task ':app:buildCMakeDebug[x86_64]', task ':app:mergeDebugJniLibFolders', task ':firebase_auth:mergeDebugJniLibFolders', task ':firebase_auth:mergeDebugNativeLibs', task ':firebase_auth:copyDebugJniLibsProjectOnly', task ':firebase_core:mergeDebugJniLibFolders', task ':firebase_core:mergeDebugNativeLibs', task ':firebase_core:copyDebugJniLibsProjectOnly', task ':flutter_plugin_android_lifecycle:mergeDebugJniLibFolders', task ':flutter_plugin_android_lifecycle:mergeDebugNativeLibs', task ':flutter_plugin_android_lifecycle:copyDebugJniLibsProjectOnly', task ':flutter_secure_storage:mergeDebugJniLibFolders', task ':flutter_secure_storage:mergeDebugNativeLibs', task ':flutter_secure_storage:copyDebugJniLibsProjectOnly', task ':local_auth_android:mergeDebugJniLibFolders', task ':local_auth_android:mergeDebugNativeLibs', task ':local_auth_android:copyDebugJniLibsProjectOnly', task ':package_info_plus:mergeDebugJniLibFolders', task ':package_info_plus:mergeDebugNativeLibs', task ':package_info_plus:copyDebugJniLibsProjectOnly', task ':path_provider_android:mergeDebugJniLibFolders', task ':path_provider_android:mergeDebugNativeLibs', task ':path_provider_android:copyDebugJniLibsProjectOnly', task ':sentry_flutter:mergeDebugJniLibFolders', task ':sentry_flutter:mergeDebugNativeLibs', task ':sentry_flutter:copyDebugJniLibsProjectOnly', task ':shared_preferences_android:mergeDebugJniLibFolders', task ':shared_preferences_android:mergeDebugNativeLibs', task ':shared_preferences_android:copyDebugJniLibsProjectOnly', task ':app:mergeDebugNativeLibs', task ':app:stripDebugDebugSymbols', task ':app:validateSigningDebug', task ':app:writeDebugAppMetadata', task ':app:writeDebugSigningConfigVersions', task ':app:packageDebug', task ':app:createDebugApkListingFileRedirect', task ':app:assembleDebug', task ':firebase_auth:stripDebugDebugSymbols', task ':firebase_auth:copyDebugJniLibsProjectAndLocalJars', task ':firebase_auth:extractDebugAnnotations', task ':firebase_auth:extractDeepLinksForAarDebug', task ':firebase_auth:mergeDebugGeneratedProguardFiles', task ':firebase_auth:mergeDebugConsumerProguardFiles', task ':firebase_auth:prepareDebugArtProfile', task ':firebase_auth:prepareLintJarForPublish', task ':firebase_auth:mergeDebugJavaResource', task ':firebase_auth:syncDebugLibJars', task ':firebase_auth:bundleDebugAar', task ':firebase_auth:assembleDebug', task ':firebase_core:stripDebugDebugSymbols', task ':firebase_core:copyDebugJniLibsProjectAndLocalJars', task ':firebase_core:extractDebugAnnotations', task ':firebase_core:extractDeepLinksForAarDebug', task ':firebase_core:mergeDebugGeneratedProguardFiles', task ':firebase_core:mergeDebugConsumerProguardFiles', task ':firebase_core:prepareDebugArtProfile', task ':firebase_core:prepareLintJarForPublish', task ':firebase_core:mergeDebugJavaResource', task ':firebase_core:syncDebugLibJars', task ':firebase_core:bundleDebugAar', task ':firebase_core:assembleDebug', task ':flutter_plugin_android_lifecycle:stripDebugDebugSymbols', task ':flutter_plugin_android_lifecycle:copyDebugJniLibsProjectAndLocalJars', task ':flutter_plugin_android_lifecycle:extractDebugAnnotations', task ':flutter_plugin_android_lifecycle:extractDeepLinksForAarDebug', task ':flutter_plugin_android_lifecycle:mergeDebugGeneratedProguardFiles', task ':flutter_plugin_android_lifecycle:mergeDebugConsumerProguardFiles', task ':flutter_plugin_android_lifecycle:prepareDebugArtProfile', task ':flutter_plugin_android_lifecycle:prepareLintJarForPublish', task ':flutter_plugin_android_lifecycle:mergeDebugJavaResource', task ':flutter_plugin_android_lifecycle:syncDebugLibJars', task ':flutter_plugin_android_lifecycle:bundleDebugAar', task ':flutter_plugin_android_lifecycle:assembleDebug', task ':flutter_secure_storage:stripDebugDebugSymbols', task ':flutter_secure_storage:copyDebugJniLibsProjectAndLocalJars', task ':flutter_secure_storage:extractDebugAnnotations', task ':flutter_secure_storage:extractDeepLinksForAarDebug', task ':flutter_secure_storage:mergeDebugGeneratedProguardFiles', task ':flutter_secure_storage:mergeDebugConsumerProguardFiles', task ':flutter_secure_storage:prepareDebugArtProfile', task ':flutter_secure_storage:prepareLintJarForPublish', task ':flutter_secure_storage:mergeDebugJavaResource', task ':flutter_secure_storage:syncDebugLibJars', task ':flutter_secure_storage:bundleDebugAar', task ':flutter_secure_storage:assembleDebug', task ':local_auth_android:stripDebugDebugSymbols', task ':local_auth_android:copyDebugJniLibsProjectAndLocalJars', task ':local_auth_android:extractDebugAnnotations', task ':local_auth_android:extractDeepLinksForAarDebug', task ':local_auth_android:mergeDebugGeneratedProguardFiles', task ':local_auth_android:mergeDebugConsumerProguardFiles', task ':local_auth_android:prepareDebugArtProfile', task ':local_auth_android:prepareLintJarForPublish', task ':local_auth_android:mergeDebugJavaResource', task ':local_auth_android:syncDebugLibJars', task ':local_auth_android:bundleDebugAar', task ':local_auth_android:assembleDebug', task ':package_info_plus:stripDebugDebugSymbols', task ':package_info_plus:copyDebugJniLibsProjectAndLocalJars', task ':package_info_plus:extractDebugAnnotations', task ':package_info_plus:extractDeepLinksForAarDebug', task ':package_info_plus:mergeDebugGeneratedProguardFiles', task ':package_info_plus:mergeDebugConsumerProguardFiles', task ':package_info_plus:prepareDebugArtProfile', task ':package_info_plus:prepareLintJarForPublish', task ':package_info_plus:mergeDebugJavaResource', task ':package_info_plus:syncDebugLibJars', task ':package_info_plus:bundleDebugAar', task ':package_info_plus:assembleDebug', task ':path_provider_android:stripDebugDebugSymbols', task ':path_provider_android:copyDebugJniLibsProjectAndLocalJars', task ':path_provider_android:extractDebugAnnotations', task ':path_provider_android:extractDeepLinksForAarDebug', task ':path_provider_android:mergeDebugGeneratedProguardFiles', task ':path_provider_android:mergeDebugConsumerProguardFiles', task ':path_provider_android:prepareDebugArtProfile', task ':path_provider_android:prepareLintJarForPublish', task ':path_provider_android:mergeDebugJavaResource', task ':path_provider_android:syncDebugLibJars', task ':path_provider_android:bundleDebugAar', task ':path_provider_android:assembleDebug', task ':sentry_flutter:stripDebugDebugSymbols', task ':sentry_flutter:copyDebugJniLibsProjectAndLocalJars', task ':sentry_flutter:extractDebugAnnotations', task ':sentry_flutter:extractDeepLinksForAarDebug', task ':sentry_flutter:mergeDebugGeneratedProguardFiles', task ':sentry_flutter:mergeDebugConsumerProguardFiles', task ':sentry_flutter:prepareDebugArtProfile', task ':sentry_flutter:prepareLintJarForPublish', task ':sentry_flutter:mergeDebugJavaResource', task ':sentry_flutter:syncDebugLibJars', task ':sentry_flutter:bundleDebugAar', task ':sentry_flutter:assembleDebug', task ':shared_preferences_android:stripDebugDebugSymbols', task ':shared_preferences_android:copyDebugJniLibsProjectAndLocalJars', task ':shared_preferences_android:extractDebugAnnotations', task ':shared_preferences_android:extractDeepLinksForAarDebug', task ':shared_preferences_android:mergeDebugGeneratedProguardFiles', task ':shared_preferences_android:mergeDebugConsumerProguardFiles', task ':shared_preferences_android:prepareDebugArtProfile', task ':shared_preferences_android:prepareLintJarForPublish', task ':shared_preferences_android:mergeDebugJavaResource', task ':shared_preferences_android:syncDebugLibJars', task ':shared_preferences_android:bundleDebugAar', task ':shared_preferences_android:assembleDebug']
[   +1 ms] Tasks that were excluded: []
[        ] work action Parameters of ClassesDirToClassesTransform (Thread[#115,included builds,5,main]) started.
[        ] work action Parameters of DexingNoClasspathTransform (Thread[#115,included builds,5,main]) started.
[        ] Resolve mutations for :app:DebugMinSdkCheck (Thread[#115,included builds,5,main]) started.
[        ] :app:DebugMinSdkCheck (Thread[#115,included builds,5,main]) started.
[        ] > Task :app:DebugMinSdkCheck
[        ] Caching disabled for task ':app:DebugMinSdkCheck' because:
[        ]   Build cache is disabled
[        ] Task ':app:DebugMinSdkCheck' is not up-to-date because:
[        ]   Task has not declared any outputs despite executing actions.
[        ] Resolve mutations for :app:preBuild (Thread[#115,included builds,5,main]) started.
[        ] :app:preBuild (Thread[#128,Execution worker Thread 13,5,main]) started.
[        ] > Task :app:preBuild UP-TO-DATE
[        ] Skipping task ':app:preBuild' as it has no actions.
[        ] Resolve mutations for :app:preDebugBuild (Thread[#128,Execution worker Thread 13,5,main]) started.
[        ] :app:preDebugBuild (Thread[#128,Execution worker Thread 13,5,main]) started.
[        ] > Task :app:preDebugBuild UP-TO-DATE
[        ] Skipping task ':app:preDebugBuild' as it has no actions.
[        ] Resolve mutations for :app:mergeDebugNativeDebugMetadata (Thread[#128,Execution worker Thread 13,5,main]) started.
[        ] :app:mergeDebugNativeDebugMetadata (Thread[#128,Execution worker Thread 13,5,main]) started.
[        ] > Task :app:mergeDebugNativeDebugMetadata NO-SOURCE
[        ] Skipping task ':app:mergeDebugNativeDebugMetadata' as it has no source files and no previous output files.
[        ] Resolve mutations for :app:checkKotlinGradlePluginConfigurationErrors (Thread[#115,included builds,5,main]) started.
[        ] :app:checkKotlinGradlePluginConfigurationErrors (Thread[#115,included builds,5,main]) started.
[        ] > Task :app:checkKotlinGradlePluginConfigurationErrors
[        ] Caching disabled for task ':app:checkKotlinGradlePluginConfigurationErrors' because:
[        ]   Build cache is disabled
[        ] Task ':app:checkKotlinGradlePluginConfigurationErrors' is not up-to-date because:
[        ]   Task has not declared any outputs despite executing actions.
[        ] Resolve mutations for :app:compileFlutterBuildDebug (Thread[#115,included builds,5,main]) started.
[  +88 ms] :app:compileFlutterBuildDebug (Thread[#115,included builds,5,main]) started.
[+1896 ms] > Task :app:compileFlutterBuildDebug
[        ] Caching disabled for task ':app:compileFlutterBuildDebug' because:
[        ]   Build cache is disabled
[        ]   Caching has not been enabled for the task
[        ] Task ':app:compileFlutterBuildDebug' is not up-to-date because:
[        ]   Value of input property 'verbose' has changed for task ':app:compileFlutterBuildDebug'
[        ] Starting process 'command 'C:\flutter\bin\flutter.bat''. Working directory: C:\Users\Nikhi\guardrail_1\GuardRail Command: C:\flutter\bin\flutter.bat --verbose assemble --no-version-check --depfile C:\Users\Nikhi\guardrail_1\GuardRail\build\app\intermediates\flutter\debug/flutter_build.d --output C:\Users\Nikhi\guardrail_1\GuardRail\build\app\intermediates\flutter\debug -dTargetFile=C:\Users\Nikhi\guardrail_1\GuardRail\lib\main.dart -dTargetPlatform=android -dBuildMode=debug -dTrackWidgetCreation=true --DartDefines=RkxVVFRFUl9WRVJTSU9OPTMuMzUuNg==,RkxVVFRFUl9DSEFOTkVMPXN0YWJsZQ==,RkxVVFRFUl9HSVRfVVJMPWh0dHBzOi8vZ2l0aHViLmNvbS9mbHV0dGVyL2ZsdXR0ZXIuZ2l0,RkxVVFRFUl9GUkFNRVdPUktfUkVWSVNJT049OWY0NTVkMjQ4Ng==,RkxVVFRFUl9FTkdJTkVfUkVWSVNJT049ZDI5MTM2MzJhNA==,RkxVVFRFUl9EQVJUX1ZFUlNJT049My45LjI= -dFlavor= -dAndroidArchs=android-arm64 -dMinSdkVersion=24 debug_android_application
[        ] Successfully started process 'command 'C:\flutter\bin\flutter.bat''
[        ] [ +385 ms] Artifact Instance of 'MaterialFonts' is not required, skipping update.
[        ] [        ] Artifact Instance of 'GradleWrapper' is not required, skipping update.
[        ] [        ] Artifact Instance of 'AndroidGenSnapshotArtifacts' is not required, skipping update.
[        ] [        ] Artifact Instance of 'AndroidInternalBuildArtifacts' is not required, skipping update.
[        ] [        ] Artifact Instance of 'IOSEngineArtifacts' is not required, skipping update.
[        ] [        ] Artifact Instance of 'FlutterWebSdk' is not required, skipping update.
[        ] [   +1 ms] Artifact Instance of 'LegacyCanvasKitRemover' is not required, skipping update.
[   +1 ms] [        ] Artifact Instance of 'FlutterSdk' is not required, skipping update.
[        ] [        ] Artifact Instance of 'WindowsEngineArtifacts' is not required, skipping update.
[        ] [        ] Artifact Instance of 'MacOSEngineArtifacts' is not required, skipping update.
[        ] [        ] Artifact Instance of 'LinuxEngineArtifacts' is not required, skipping update.
[        ] [        ] Artifact Instance of 'LinuxFuchsiaSDKArtifacts' is not required, skipping update.
[        ] [        ] Artifact Instance of 'MacOSFuchsiaSDKArtifacts' is not required, skipping update.
[        ] [        ] Artifact Instance of 'FlutterRunnerSDKArtifacts' is not required, skipping update.
[        ] [        ] Artifact Instance of 'FlutterRunnerDebugSymbols' is not required, skipping update.
[        ] [        ] Artifact Instance of 'IosUsbArtifacts' is not required, skipping update.
[        ] [        ] Artifact Instance of 'IosUsbArtifacts' is not required, skipping update.
[        ] [        ] Artifact Instance of 'IosUsbArtifacts' is not required, skipping update.
[        ] [        ] Artifact Instance of 'IosUsbArtifacts' is not required, skipping update.
[        ] [        ] Artifact Instance of 'IosUsbArtifacts' is not required, skipping update.
[        ] [        ] Artifact Instance of 'IosUsbArtifacts' is not required, skipping update.
[        ] [        ] Artifact Instance of 'FontSubsetArtifacts' is not required, skipping update.
[        ] [        ] Artifact Instance of 'PubDependencies' is not required, skipping update.
[        ] [  +12 ms] Artifact Instance of 'AndroidGenSnapshotArtifacts' is not required, skipping update.
[        ] [        ] Artifact Instance of 'AndroidInternalBuildArtifacts' is not required, skipping update.
[        ] [        ] Artifact Instance of 'IOSEngineArtifacts' is not required, skipping update.
[        ] [        ] Artifact Instance of 'FlutterWebSdk' is not required, skipping update.
[        ] [        ] Artifact Instance of 'FlutterEngineStamp' is not required, skipping update.
[        ] [        ] Artifact Instance of 'LegacyCanvasKitRemover' is not required, skipping update.
[        ] [   +2 ms] Artifact Instance of 'WindowsEngineArtifacts' is not required, skipping update.
[        ] [        ] Artifact Instance of 'MacOSEngineArtifacts' is not required, skipping update.
[        ] [        ] Artifact Instance of 'LinuxEngineArtifacts' is not required, skipping update.
[        ] [        ] Artifact Instance of 'LinuxFuchsiaSDKArtifacts' is not required, skipping update.
[        ] [        ] Artifact Instance of 'MacOSFuchsiaSDKArtifacts' is not required, skipping update.
[        ] [   +1 ms] Artifact Instance of 'FlutterRunnerSDKArtifacts' is not required, skipping update.
[        ] [        ] Artifact Instance of 'FlutterRunnerDebugSymbols' is not required, skipping update.
[  +94 ms] [  +68 ms] Artifact Instance of 'MaterialFonts' is not required, skipping update.
[        ] [        ] Artifact Instance of 'GradleWrapper' is not required, skipping update.
[        ] [   +2 ms] Artifact Instance of 'AndroidInternalBuildArtifacts' is not required, skipping update.
[        ] [        ] Artifact Instance of 'IOSEngineArtifacts' is not required, skipping update.
[        ] [        ] Artifact Instance of 'FlutterWebSdk' is not required, skipping update.
[        ] [        ] Artifact Instance of 'FlutterEngineStamp' is not required, skipping update.
[        ] [        ] Artifact Instance of 'LegacyCanvasKitRemover' is not required, skipping update.
[        ] [        ] Artifact Instance of 'FlutterSdk' is not required, skipping update.
[        ] [        ] Artifact Instance of 'WindowsEngineArtifacts' is not required, skipping update.
[        ] [        ] Artifact Instance of 'MacOSEngineArtifacts' is not required, skipping update.
[        ] [        ] Artifact Instance of 'LinuxEngineArtifacts' is not required, skipping update.
[        ] [        ] Artifact Instance of 'LinuxFuchsiaSDKArtifacts' is not required, skipping update.
[        ] [        ] Artifact Instance of 'MacOSFuchsiaSDKArtifacts' is not required, skipping update.
[        ] [        ] Artifact Instance of 'FlutterRunnerSDKArtifacts' is not required, skipping update.
[        ] [        ] Artifact Instance of 'FlutterRunnerDebugSymbols' is not required, skipping update.
[        ] [        ] Artifact Instance of 'IosUsbArtifacts' is not required, skipping update.
[        ] [        ] Artifact Instance of 'IosUsbArtifacts' is not required, skipping update.
[        ] [        ] Artifact Instance of 'IosUsbArtifacts' is not required, skipping update.
[        ] [        ] Artifact Instance of 'IosUsbArtifacts' is not required, skipping update.
[        ] [        ] Artifact Instance of 'IosUsbArtifacts' is not required, skipping update.
[        ] [        ] Artifact Instance of 'IosUsbArtifacts' is not required, skipping update.
[        ] [        ] Artifact Instance of 'FontSubsetArtifacts' is not required, skipping update.
[        ] [        ] Artifact Instance of 'PubDependencies' is not required, skipping update.
[  +93 ms] [  +56 ms] Initializing file store
[        ] [  +50 ms] Done initializing file store
[  +86 ms] [  +85 ms] Skipping target: gen_dart_plugin_registrant
[        ] [   +5 ms] Skipping target: dart_build
[        ] [        ] Skipping target: gen_localizations
[        ] [   +4 ms] Skipping target: install_code_assets
[+1311 ms] [+1262 ms] Skipping target: kernel_snapshot_program
[ +800 ms] [ +779 ms] Skipping target: debug_android_application
[        ] [        ] Persisting file store
[        ] [  +15 ms] Done persisting file store
[        ] [  +26 ms] build succeeded.
[        ] [  +19 ms] "flutter assemble" took 2,396ms.
[ +201 ms] [ +123 ms] Running 1 shutdown hook
[        ] [   +2 ms] Shutdown hooks complete
[ +198 ms] [ +278 ms] exiting with code 0
[  +87 ms] Resolve mutations for :app:packJniLibsflutterBuildDebug (Thread[#115,included builds,5,main]) started.
[        ] :app:packJniLibsflutterBuildDebug (Thread[#115,included builds,5,main]) started.
[        ] > Task :app:packJniLibsflutterBuildDebug UP-TO-DATE
[        ] Caching disabled for task ':app:packJniLibsflutterBuildDebug' because:
[        ]   Build cache is disabled
[        ]   Not worth caching
[        ] Skipping task ':app:packJniLibsflutterBuildDebug' as it is up-to-date.
[        ] Resolve mutations for :firebase_auth:preBuild (Thread[#115,included builds,5,main]) started.
[        ] :firebase_auth:preBuild (Thread[#115,included builds,5,main]) started.
[        ] > Task :firebase_auth:preBuild UP-TO-DATE
[        ] Skipping task ':firebase_auth:preBuild' as it has no actions.
[        ] Resolve mutations for :firebase_auth:preDebugBuild (Thread[#115,included builds,5,main]) started.
[        ] :firebase_auth:preDebugBuild (Thread[#115,included builds,5,main]) started.
[        ] > Task :firebase_auth:preDebugBuild UP-TO-DATE
[        ] Skipping task ':firebase_auth:preDebugBuild' as it has no actions.
[        ] Resolve mutations for :firebase_auth:writeDebugAarMetadata (Thread[#115,included builds,5,main]) started.
[        ] :firebase_auth:writeDebugAarMetadata (Thread[#115,included builds,5,main]) started.
[        ] > Task :firebase_auth:writeDebugAarMetadata UP-TO-DATE
[        ] Caching disabled for task ':firebase_auth:writeDebugAarMetadata' because:
[        ]   Build cache is disabled
[        ]   Caching has been disabled for the task
[        ] Skipping task ':firebase_auth:writeDebugAarMetadata' as it is up-to-date.
[        ] work action resolve aar-metadata.properties (project :firebase_auth) (Thread[#115,included builds,5,main]) started.
[        ] Resolve mutations for :firebase_core:preBuild (Thread[#115,included builds,5,main]) started.
[        ] :firebase_core:preBuild (Thread[#115,included builds,5,main]) started.
[        ] > Task :firebase_core:preBuild UP-TO-DATE
[        ] Skipping task ':firebase_core:preBuild' as it has no actions.
[        ] Resolve mutations for :firebase_core:preDebugBuild (Thread[#115,included builds,5,main]) started.
[        ] :firebase_core:preDebugBuild (Thread[#120,Execution worker Thread 5,5,main]) started.
[        ] > Task :firebase_core:preDebugBuild UP-TO-DATE
[        ] Skipping task ':firebase_core:preDebugBuild' as it has no actions.
[        ] Resolve mutations for :firebase_core:writeDebugAarMetadata (Thread[#120,Execution worker Thread 5,5,main]) started.
[        ] :firebase_core:writeDebugAarMetadata (Thread[#120,Execution worker Thread 5,5,main]) started.
[        ] > Task :firebase_core:writeDebugAarMetadata UP-TO-DATE
[        ] Caching disabled for task ':firebase_core:writeDebugAarMetadata' because:
[        ]   Build cache is disabled
[        ]   Caching has been disabled for the task
[        ] Skipping task ':firebase_core:writeDebugAarMetadata' as it is up-to-date.
[        ] work action resolve aar-metadata.properties (project :firebase_core) (Thread[#120,Execution worker Thread 5,5,main]) started.
[        ] Resolve mutations for :flutter_plugin_android_lifecycle:preBuild (Thread[#120,Execution worker Thread 5,5,main]) started.
[        ] :flutter_plugin_android_lifecycle:preBuild (Thread[#120,Execution worker Thread 5,5,main]) started.
[        ] > Task :flutter_plugin_android_lifecycle:preBuild UP-TO-DATE
[        ] Skipping task ':flutter_plugin_android_lifecycle:preBuild' as it has no actions.
[        ] Resolve mutations for :flutter_plugin_android_lifecycle:preDebugBuild (Thread[#120,Execution worker Thread 5,5,main]) started.
[        ] :flutter_plugin_android_lifecycle:preDebugBuild (Thread[#119,Execution worker Thread 4,5,main]) started.
[        ] > Task :flutter_plugin_android_lifecycle:preDebugBuild UP-TO-DATE
[        ] Skipping task ':flutter_plugin_android_lifecycle:preDebugBuild' as it has no actions.
[        ] Resolve mutations for :flutter_plugin_android_lifecycle:writeDebugAarMetadata (Thread[#119,Execution worker Thread 4,5,main]) started.
[        ] :flutter_plugin_android_lifecycle:writeDebugAarMetadata (Thread[#119,Execution worker Thread 4,5,main]) started.
[        ] > Task :flutter_plugin_android_lifecycle:writeDebugAarMetadata UP-TO-DATE
[        ] Caching disabled for task ':flutter_plugin_android_lifecycle:writeDebugAarMetadata' because:
[        ]   Build cache is disabled
[        ]   Caching has been disabled for the task
[        ] Skipping task ':flutter_plugin_android_lifecycle:writeDebugAarMetadata' as it is up-to-date.
[        ] work action resolve aar-metadata.properties (project :flutter_plugin_android_lifecycle) (Thread[#119,Execution worker Thread 4,5,main]) started.
[        ] Resolve mutations for :flutter_secure_storage:preBuild (Thread[#119,Execution worker Thread 4,5,main]) started.
[        ] :flutter_secure_storage:preBuild (Thread[#119,Execution worker Thread 4,5,main]) started.
[        ] > Task :flutter_secure_storage:preBuild UP-TO-DATE
[        ] Skipping task ':flutter_secure_storage:preBuild' as it has no actions.
[        ] Resolve mutations for :flutter_secure_storage:preDebugBuild (Thread[#119,Execution worker Thread 4,5,main]) started.
[        ] :flutter_secure_storage:preDebugBuild (Thread[#119,Execution worker Thread 4,5,main]) started.
[        ] > Task :flutter_secure_storage:preDebugBuild UP-TO-DATE
[        ] Skipping task ':flutter_secure_storage:preDebugBuild' as it has no actions.
[        ] Resolve mutations for :flutter_secure_storage:writeDebugAarMetadata (Thread[#119,Execution worker Thread 4,5,main]) started.
[        ] :flutter_secure_storage:writeDebugAarMetadata (Thread[#119,Execution worker Thread 4,5,main]) started.
[        ] > Task :flutter_secure_storage:writeDebugAarMetadata UP-TO-DATE
[        ] Caching disabled for task ':flutter_secure_storage:writeDebugAarMetadata' because:
[        ]   Build cache is disabled
[        ]   Caching has been disabled for the task
[        ] Skipping task ':flutter_secure_storage:writeDebugAarMetadata' as it is up-to-date.
[        ] work action resolve aar-metadata.properties (project :flutter_secure_storage) (Thread[#119,Execution worker Thread 4,5,main]) started.
[        ] Resolve mutations for :local_auth_android:preBuild (Thread[#119,Execution worker Thread 4,5,main]) started.
[        ] :local_auth_android:preBuild (Thread[#119,Execution worker Thread 4,5,main]) started.
[        ] > Task :local_auth_android:preBuild UP-TO-DATE
[        ] Skipping task ':local_auth_android:preBuild' as it has no actions.
[        ] Resolve mutations for :local_auth_android:preDebugBuild (Thread[#119,Execution worker Thread 4,5,main]) started.
[        ] :local_auth_android:preDebugBuild (Thread[#129,Execution worker Thread 14,5,main]) started.
[        ] > Task :local_auth_android:preDebugBuild UP-TO-DATE
[        ] Skipping task ':local_auth_android:preDebugBuild' as it has no actions.
[        ] Resolve mutations for :local_auth_android:writeDebugAarMetadata (Thread[#129,Execution worker Thread 14,5,main]) started.
[        ] :local_auth_android:writeDebugAarMetadata (Thread[#129,Execution worker Thread 14,5,main]) started.
[  +99 ms] > Task :local_auth_android:writeDebugAarMetadata UP-TO-DATE
[        ] Caching disabled for task ':local_auth_android:writeDebugAarMetadata' because:
[        ]   Build cache is disabled
[        ]   Caching has been disabled for the task
[        ] Skipping task ':local_auth_android:writeDebugAarMetadata' as it is up-to-date.
[        ] work action resolve aar-metadata.properties (project :local_auth_android) (Thread[#129,Execution worker Thread 14,5,main]) started.
[        ] Resolve mutations for :package_info_plus:preBuild (Thread[#129,Execution worker Thread 14,5,main]) started.
[        ] :package_info_plus:preBuild (Thread[#129,Execution worker Thread 14,5,main]) started.
[        ] > Task :package_info_plus:preBuild UP-TO-DATE
[        ] Skipping task ':package_info_plus:preBuild' as it has no actions.
[        ] Resolve mutations for :package_info_plus:preDebugBuild (Thread[#129,Execution worker Thread 14,5,main]) started.
[        ] :package_info_plus:preDebugBuild (Thread[#129,Execution worker Thread 14,5,main]) started.
[        ] > Task :package_info_plus:preDebugBuild UP-TO-DATE
[        ] Skipping task ':package_info_plus:preDebugBuild' as it has no actions.
[        ] Resolve mutations for :package_info_plus:writeDebugAarMetadata (Thread[#129,Execution worker Thread 14,5,main]) started.
[        ] :package_info_plus:writeDebugAarMetadata (Thread[#129,Execution worker Thread 14,5,main]) started.
[        ] > Task :package_info_plus:writeDebugAarMetadata UP-TO-DATE
[        ] Caching disabled for task ':package_info_plus:writeDebugAarMetadata' because:
[        ]   Build cache is disabled
[        ]   Caching has been disabled for the task
[        ] Skipping task ':package_info_plus:writeDebugAarMetadata' as it is up-to-date.
[        ] work action resolve aar-metadata.properties (project :package_info_plus) (Thread[#129,Execution worker Thread 14,5,main]) started.
[        ] Resolve mutations for :path_provider_android:preBuild (Thread[#129,Execution worker Thread 14,5,main]) started.
[        ] :path_provider_android:preBuild (Thread[#129,Execution worker Thread 14,5,main]) started.
[        ] > Task :path_provider_android:preBuild UP-TO-DATE
[        ] Skipping task ':path_provider_android:preBuild' as it has no actions.
[        ] Resolve mutations for :path_provider_android:preDebugBuild (Thread[#129,Execution worker Thread 14,5,main]) started.
[        ] :path_provider_android:preDebugBuild (Thread[#129,Execution worker Thread 14,5,main]) started.
[        ] > Task :path_provider_android:preDebugBuild UP-TO-DATE
[        ] Skipping task ':path_provider_android:preDebugBuild' as it has no actions.
[        ] Resolve mutations for :path_provider_android:writeDebugAarMetadata (Thread[#129,Execution worker Thread 14,5,main]) started.
[        ] :path_provider_android:writeDebugAarMetadata (Thread[#129,Execution worker Thread 14,5,main]) started.
[        ] > Task :path_provider_android:writeDebugAarMetadata UP-TO-DATE
[        ] Caching disabled for task ':path_provider_android:writeDebugAarMetadata' because:
[        ]   Build cache is disabled
[        ]   Caching has been disabled for the task
[        ] Skipping task ':path_provider_android:writeDebugAarMetadata' as it is up-to-date.
[        ] work action resolve aar-metadata.properties (project :path_provider_android) (Thread[#129,Execution worker Thread 14,5,main]) started.
[        ] Resolve mutations for :sentry_flutter:preBuild (Thread[#129,Execution worker Thread 14,5,main]) started.
[        ] :sentry_flutter:preBuild (Thread[#129,Execution worker Thread 14,5,main]) started.
[        ] > Task :sentry_flutter:preBuild UP-TO-DATE
[        ] Skipping task ':sentry_flutter:preBuild' as it has no actions.
[        ] Resolve mutations for :sentry_flutter:preDebugBuild (Thread[#129,Execution worker Thread 14,5,main]) started.
[        ] :sentry_flutter:preDebugBuild (Thread[#129,Execution worker Thread 14,5,main]) started.
[        ] > Task :sentry_flutter:preDebugBuild UP-TO-DATE
[        ] Skipping task ':sentry_flutter:preDebugBuild' as it has no actions.
[        ] Resolve mutations for :sentry_flutter:writeDebugAarMetadata (Thread[#129,Execution worker Thread 14,5,main]) started.
[        ] :sentry_flutter:writeDebugAarMetadata (Thread[#129,Execution worker Thread 14,5,main]) started.
[        ] > Task :sentry_flutter:writeDebugAarMetadata UP-TO-DATE
[        ] Caching disabled for task ':sentry_flutter:writeDebugAarMetadata' because:
[        ]   Build cache is disabled
[        ]   Caching has been disabled for the task
[        ] Skipping task ':sentry_flutter:writeDebugAarMetadata' as it is up-to-date.
[        ] work action resolve aar-metadata.properties (project :sentry_flutter) (Thread[#129,Execution worker Thread 14,5,main]) started.
[        ] Resolve mutations for :shared_preferences_android:preBuild (Thread[#129,Execution worker Thread 14,5,main]) started.
[        ] :shared_preferences_android:preBuild (Thread[#129,Execution worker Thread 14,5,main]) started.
[        ] > Task :shared_preferences_android:preBuild UP-TO-DATE
[        ] Skipping task ':shared_preferences_android:preBuild' as it has no actions.
[        ] Resolve mutations for :shared_preferences_android:preDebugBuild (Thread[#121,Execution worker Thread 6,5,main]) started.
[        ] :shared_preferences_android:preDebugBuild (Thread[#121,Execution worker Thread 6,5,main]) started.
[        ] > Task :shared_preferences_android:preDebugBuild UP-TO-DATE
[        ] Skipping task ':shared_preferences_android:preDebugBuild' as it has no actions.
[        ] Resolve mutations for :shared_preferences_android:writeDebugAarMetadata (Thread[#121,Execution worker Thread 6,5,main]) started.
[        ] :shared_preferences_android:writeDebugAarMetadata (Thread[#121,Execution worker Thread 6,5,main]) started.
[        ] > Task :shared_preferences_android:writeDebugAarMetadata UP-TO-DATE
[        ] Caching disabled for task ':shared_preferences_android:writeDebugAarMetadata' because:
[        ]   Build cache is disabled
[        ]   Caching has been disabled for the task
[        ] Skipping task ':shared_preferences_android:writeDebugAarMetadata' as it is up-to-date.
[        ] work action resolve aar-metadata.properties (project :shared_preferences_android) (Thread[#121,Execution worker Thread 6,5,main]) started.
[        ] Resolve mutations for :app:checkDebugAarMetadata (Thread[#121,Execution worker Thread 6,5,main]) started.
[        ] :app:checkDebugAarMetadata (Thread[#121,Execution worker Thread 6,5,main]) started.
[+1077 ms] Resolve mutations for :app:cleanMergeDebugAssets (Thread[#122,Execution worker Thread 7,5,main]) started.
[        ] :app:cleanMergeDebugAssets (Thread[#122,Execution worker Thread 7,5,main]) started.
[        ] > Task :app:cleanMergeDebugAssets UP-TO-DATE
[        ] Caching disabled for task ':app:cleanMergeDebugAssets' because:
[        ]   Build cache is disabled
[        ] Task ':app:cleanMergeDebugAssets' is not up-to-date because:
[        ]   Task has not declared any outputs despite executing actions.
[        ] Resolve mutations for :app:mergeDebugShaders (Thread[#122,Execution worker Thread 7,5,main]) started.
[        ] :app:mergeDebugShaders (Thread[#122,Execution worker Thread 7,5,main]) started.
[        ] > Task :app:mergeDebugShaders UP-TO-DATE
[        ] Caching disabled for task ':app:mergeDebugShaders' because:
[        ]   Build cache is disabled
[        ]   Simple merging task
[        ] Skipping task ':app:mergeDebugShaders' as it is up-to-date.
[        ] Resolve mutations for :app:compileDebugShaders (Thread[#122,Execution worker Thread 7,5,main]) started.
[        ] :app:compileDebugShaders (Thread[#122,Execution worker Thread 7,5,main]) started.
[        ] > Task :app:compileDebugShaders NO-SOURCE
[        ] Skipping task ':app:compileDebugShaders' as it has no source files and no previous output files.
[        ] Resolve mutations for :app:generateDebugAssets (Thread[#122,Execution worker Thread 7,5,main]) started.
[        ] :app:generateDebugAssets (Thread[#124,Execution worker Thread 9,5,main]) started.
[        ] > Task :app:generateDebugAssets UP-TO-DATE
[        ] Skipping task ':app:generateDebugAssets' as it has no actions.
[        ] Resolve mutations for :firebase_auth:mergeDebugShaders (Thread[#124,Execution worker Thread 9,5,main]) started.
[        ] :firebase_auth:mergeDebugShaders (Thread[#124,Execution worker Thread 9,5,main]) started.
[        ] > Task :firebase_auth:mergeDebugShaders UP-TO-DATE
[        ] Caching disabled for task ':firebase_auth:mergeDebugShaders' because:
[        ]   Build cache is disabled
[        ]   Simple merging task
[        ] Skipping task ':firebase_auth:mergeDebugShaders' as it is up-to-date.
[        ] Resolve mutations for :firebase_auth:compileDebugShaders (Thread[#124,Execution worker Thread 9,5,main]) started.
[        ] :firebase_auth:compileDebugShaders (Thread[#124,Execution worker Thread 9,5,main]) started.
[        ] > Task :firebase_auth:compileDebugShaders NO-SOURCE
[        ] Skipping task ':firebase_auth:compileDebugShaders' as it has no source files and no previous output files.
[        ] Resolve mutations for :firebase_auth:generateDebugAssets (Thread[#124,Execution worker Thread 9,5,main]) started.
[        ] :firebase_auth:generateDebugAssets (Thread[#124,Execution worker Thread 9,5,main]) started.
[        ] > Task :app:checkDebugAarMetadata FAILED
[        ] Caching disabled for task ':app:checkDebugAarMetadata' because:
[        ]   Build cache is disabled
[        ]   Caching has been disabled for the task
[        ] Task ':app:checkDebugAarMetadata' is not up-to-date because:
[        ]   Class path of task ':app:checkDebugAarMetadata' has changed from 99ddbe03e2084a7759707a722017a53e to b27e0b6bdaa532d9b1d42162b16cc10b.
[        ] > Task :firebase_auth:generateDebugAssets UP-TO-DATE
[        ] Skipping task ':firebase_auth:generateDebugAssets' as it has no actions.
[        ] Resolve mutations for :firebase_auth:packageDebugAssets (Thread[#124,Execution worker Thread 9,5,main]) started.
[        ] :firebase_auth:packageDebugAssets (Thread[#124,Execution worker Thread 9,5,main]) started.
[        ] > Task :firebase_auth:packageDebugAssets UP-TO-DATE
[        ] Caching disabled for task ':firebase_auth:packageDebugAssets' because:
[        ]   Build cache is disabled
[        ]   Simple merging task
[        ] Skipping task ':firebase_auth:packageDebugAssets' as it is up-to-date.
[        ] work action resolve out (project :firebase_auth) (Thread[#124,Execution worker Thread 9,5,main]) started.
[        ] Resolve mutations for :firebase_core:mergeDebugShaders (Thread[#124,Execution worker Thread 9,5,main]) started.
[ +191 ms] Could not execute [report metric STATISTICS_COLLECT_METRICS_OVERHEAD]
[        ] Could not execute [report metric STATISTICS_COLLECT_METRICS_OVERHEAD]
[ +102 ms] [Incubating] Problems report is available at: file:///C:/Users/Nikhi/guardrail_1/GuardRail/build/reports/problems/problems-report.html
[        ] FAILURE: 
Build failed with an 
exception.
[        ] * What 
went wrong:
[        ] Execution 
failed for task ':app:
checkDebugAarMetadata'
.
[        ] > A 
failure occurred 
while executing com.an
droid.build.gradle.int
ernal.tasks.CheckAarMe
tadataWorkAction
[        ]    > 4 
issues were found 
when checking AAR 
metadata:
[        ]        1.  
Dependency 'androidx.c
ore:core-ktx:1.17.0' 
requires libraries 
and applications that
[        ]            
depend on it to 
compile against 
version 36 or later 
of the
[        ]            
Android APIs.
[        ]            
:app is currently 
compiled against 
android-34.
[        ]            
Also, the maximum 
recommended compile 
SDK version for 
Android Gradle
[        ]            
plugin 8.5.2 is 34.
[        ]            
Recommended action: 
Update this project's 
version of the 
Android Gradle
[        ]            
plugin to one that 
supports 36, then 
update this project 
to use
[        ]            
compileSdk of at 
least 36.
[        ]            
Note that updating a 
library or 
application's 
compileSdk (which
[        ]            
allows newer APIs to 
be used) can be done 
separately from 
updating
[        ]            
targetSdk (which opts 
the app in to new 
runtime behavior) and
[        ]            
minSdk (which 
determines which 
devices the app can 
be installed
[        ]            
on).
[        ]        2.  
Dependency 'androidx.c
ore:core-ktx:1.17.0' 
requires Android 
Gradle plugin 8.9.1 
or higher.
[        ]            
This build currently 
uses Android Gradle 
plugin 8.5.2.
[        ]        3.  
Dependency 'androidx.c
ore:core:1.17.0' 
requires libraries 
and applications that
[        ]            
depend on it to 
compile against 
version 36 or later 
of the
[        ]            
Android APIs.
[        ]            
:app is currently 
compiled against 
android-34.
[        ]            
Also, the maximum 
recommended compile 
SDK version for 
Android Gradle
[        ]            
plugin 8.5.2 is 34.
[        ]            
Recommended action: 
Update this project's 
version of the 
Android Gradle
[        ]            
plugin to one that 
supports 36, then 
update this project 
to use
[        ]            
compileSdk of at 
least 36.
[        ]            
Note that updating a 
library or 
application's 
compileSdk (which
[        ]            
allows newer APIs to 
be used) can be done 
separately from 
updating
[        ]            
targetSdk (which opts 
the app in to new 
runtime behavior) and
[        ]            
minSdk (which 
determines which 
devices the app can 
be installed
[        ]            
on).
[        ]        4.  
Dependency 'androidx.c
ore:core:1.17.0' 
requires Android 
Gradle plugin 8.9.1 
or higher.
[        ]            
This build currently 
uses Android Gradle 
plugin 8.5.2.
[        ] * Try:
[        ] > Run with 
--debug option to get 
more log output.
[        ] > Run with 
--scan to get full 
insights.
[        ] > Get more 
help at https://help.g
radle.org.
[        ] * 
Exception is:
[        ] org.gradle.
api.tasks.TaskExecutio
nException: Execution 
failed for task ':app:
checkDebugAarMetadata'
.
[        ] 	at org.gra
dle.api.internal.tasks
.execution.ExecuteActi
onsTaskExecuter.lambda
$executeIfValid$1(Exec
uteActionsTaskExecuter
.java:130)
[        ] 	at org.gra
dle.internal.Try$Failu
re.ifSuccessfulOrElse(
Try.java:293)
[        ] 	at org.gra
dle.api.internal.tasks
.execution.ExecuteActi
onsTaskExecuter.execut
eIfValid(ExecuteAction
sTaskExecuter.java:128
)
[        ] 	at org.gra
dle.api.internal.tasks
.execution.ExecuteActi
onsTaskExecuter.execut
e(ExecuteActionsTaskEx
ecuter.java:116)
[        ] 	at org.gra
dle.api.internal.tasks
.execution.ProblemsTas
kPathTrackingTaskExecu
ter.execute(ProblemsTa
skPathTrackingTaskExec
uter.java:40)
[        ] 	at org.gra
dle.api.internal.tasks
.execution.FinalizePro
pertiesTaskExecuter.ex
ecute(FinalizeProperti
esTaskExecuter.java:46
)
[        ] 	at org.gra
dle.api.internal.tasks
.execution.ResolveTask
ExecutionModeExecuter.
execute(ResolveTaskExe
cutionModeExecuter.jav
a:51)
[        ] 	at org.gra
dle.api.internal.tasks
.execution.SkipTaskWit
hNoActionsExecuter.exe
cute(SkipTaskWithNoAct
ionsExecuter.java:57)
[        ] 	at org.gra
dle.api.internal.tasks
.execution.SkipOnlyIfT
askExecuter.execute(Sk
ipOnlyIfTaskExecuter.j
ava:74)
[        ] 	at org.gra
dle.api.internal.tasks
.execution.CatchExcept
ionTaskExecuter.execut
e(CatchExceptionTaskEx
ecuter.java:36)
[        ] 	at org.gra
dle.api.internal.tasks
.execution.EventFiring
TaskExecuter$1.execute
Task(EventFiringTaskEx
ecuter.java:77)
[        ] 	at org.gra
dle.api.internal.tasks
.execution.EventFiring
TaskExecuter$1.call(Ev
entFiringTaskExecuter.
java:55)
[        ] 	at org.gra
dle.api.internal.tasks
.execution.EventFiring
TaskExecuter$1.call(Ev
entFiringTaskExecuter.
java:52)
[        ] 	at org.gra
dle.internal.operation
s.DefaultBuildOperatio
nRunner$CallableBuildO
perationWorker.execute
(DefaultBuildOperation
Runner.java:209)
[        ] 	at org.gra
dle.internal.operation
s.DefaultBuildOperatio
nRunner$CallableBuildO
perationWorker.execute
(DefaultBuildOperation
Runner.java:204)
[        ] 	at org.gra
dle.internal.operation
s.DefaultBuildOperatio
nRunner$2.execute(Defa
ultBuildOperationRunne
r.java:66)
[        ] 	at org.gra
dle.internal.operation
s.DefaultBuildOperatio
nRunner$2.execute(Defa
ultBuildOperationRunne
r.java:59)
[        ] 	at org.gra
dle.internal.operation
s.DefaultBuildOperatio
nRunner.execute(Defaul
tBuildOperationRunner.
java:166)
[        ] 	at org.gra
dle.internal.operation
s.DefaultBuildOperatio
nRunner.execute(Defaul
tBuildOperationRunner.
java:59)
[        ] 	at org.gra
dle.internal.operation
s.DefaultBuildOperatio
nRunner.call(DefaultBu
ildOperationRunner.jav
a:53)
[        ] 	at org.gra
dle.api.internal.tasks
.execution.EventFiring
TaskExecuter.execute(E
ventFiringTaskExecuter
.java:52)
[        ] 	at org.gra
dle.execution.plan.Loc
alTaskNodeExecutor.exe
cute(LocalTaskNodeExec
utor.java:42)
[        ] 	at org.gra
dle.execution.taskgrap
h.DefaultTaskExecution
Graph$InvokeNodeExecut
orsAction.execute(Defa
ultTaskExecutionGraph.
java:331)
[        ] 	at org.gra
dle.execution.taskgrap
h.DefaultTaskExecution
Graph$InvokeNodeExecut
orsAction.execute(Defa
ultTaskExecutionGraph.
java:318)
[        ] 	at org.gra
dle.execution.taskgrap
h.DefaultTaskExecution
Graph$BuildOperationAw
areExecutionAction.lam
bda$execute$0(DefaultT
askExecutionGraph.java
:314)
[        ] 	at org.gra
dle.internal.operation
s.CurrentBuildOperatio
nRef.with(CurrentBuild
OperationRef.java:85)
[        ] 	at org.gra
dle.execution.taskgrap
h.DefaultTaskExecution
Graph$BuildOperationAw
areExecutionAction.exe
cute(DefaultTaskExecut
ionGraph.java:314)
[        ] 	at org.gra
dle.execution.taskgrap
h.DefaultTaskExecution
Graph$BuildOperationAw
areExecutionAction.exe
cute(DefaultTaskExecut
ionGraph.java:303)
[        ] 	at org.gra
dle.execution.plan.Def
aultPlanExecutor$Execu
torWorker.execute(Defa
ultPlanExecutor.java:4
59)
[        ] 	at org.gra
dle.execution.plan.Def
aultPlanExecutor$Execu
torWorker.run(DefaultP
lanExecutor.java:376)
[        ] 	at org.gra
dle.internal.concurren
t.ExecutorPolicy$Catch
AndRecordFailures.onEx
ecute(ExecutorPolicy.j
ava:64)
[        ] 	at org.gra
dle.internal.concurren
t.AbstractManagedExecu
tor$1.run(AbstractMana
gedExecutor.java:48)
[        ] 	at java.ba
se/java.util.concurren
t.ThreadPoolExecutor.r
unWorker(Unknown 
Source)
[        ] 	at java.ba
se/java.util.concurren
t.ThreadPoolExecutor$W
orker.run(Unknown 
Source)
[        ] 	at java.ba
se/java.lang.Thread.ru
n(Unknown Source)
[        ] Caused by: 
org.gradle.workers.int
ernal.DefaultWorkerExe
cutor$WorkExecutionExc
eption: A failure 
occurred while 
executing com.android.
build.gradle.internal.
tasks.CheckAarMetadata
WorkAction
[        ] 	at org.gra
dle.workers.internal.D
efaultWorkerExecutor$W
orkItemExecution.waitF
orCompletion(DefaultWo
rkerExecutor.java:287)
[        ] 	at org.gra
dle.internal.work.Defa
ultAsyncWorkTracker.la
mbda$waitForItemsAndGa
therFailures$2(Default
AsyncWorkTracker.java:
130)
[        ] 	at org.gra
dle.internal.Factories
$1.create(Factories.ja
va:31)
[        ] 	at org.gra
dle.internal.work.Defa
ultWorkerLeaseService.
withoutLocks(DefaultWo
rkerLeaseService.java:
335)
[        ] 	at org.gra
dle.internal.work.Defa
ultWorkerLeaseService.
withoutLocks(DefaultWo
rkerLeaseService.java:
318)
[        ] 	at org.gra
dle.internal.work.Defa
ultWorkerLeaseService.
withoutLock(DefaultWor
kerLeaseService.java:3
23)
[        ] 	at org.gra
dle.internal.work.Defa
ultAsyncWorkTracker.wa
itForItemsAndGatherFai
lures(DefaultAsyncWork
Tracker.java:126)
[        ] 	at org.gra
dle.internal.work.Defa
ultAsyncWorkTracker.wa
itForItemsAndGatherFai
lures(DefaultAsyncWork
Tracker.java:92)
[        ] 	at org.gra
dle.internal.work.Defa
ultAsyncWorkTracker.wa
itForAll(DefaultAsyncW
orkTracker.java:78)
[        ] 	at org.gra
dle.internal.work.Defa
ultAsyncWorkTracker.wa
itForCompletion(Defaul
tAsyncWorkTracker.java
:66)
[        ] 	at org.gra
dle.api.internal.tasks
.execution.TaskExecuti
on$3.run(TaskExecution
.java:252)
[        ] 	at org.gra
dle.internal.operation
s.DefaultBuildOperatio
nRunner$1.execute(Defa
ultBuildOperationRunne
r.java:29)
[        ] 	at org.gra
dle.internal.operation
s.DefaultBuildOperatio
nRunner$1.execute(Defa
ultBuildOperationRunne
r.java:26)
[        ] 	at org.gra
dle.internal.operation
s.DefaultBuildOperatio
nRunner$2.execute(Defa
ultBuildOperationRunne
r.java:66)
[        ] 	at org.gra
dle.internal.operation
s.DefaultBuildOperatio
nRunner$2.execute(Defa
ultBuildOperationRunne
r.java:59)
[        ] 	at org.gra
dle.internal.operation
s.DefaultBuildOperatio
nRunner.execute(Defaul
tBuildOperationRunner.
java:166)
[        ] 	at org.gra
dle.internal.operation
s.DefaultBuildOperatio
nRunner.execute(Defaul
tBuildOperationRunner.
java:59)
[        ] 	at org.gra
dle.internal.operation
s.DefaultBuildOperatio
nRunner.run(DefaultBui
ldOperationRunner.java
:47)
[        ] 	at org.gra
dle.api.internal.tasks
.execution.TaskExecuti
on.executeAction(TaskE
xecution.java:229)
[        ] 	at org.gra
dle.api.internal.tasks
.execution.TaskExecuti
on.executeActions(Task
Execution.java:212)
[        ] 	at org.gra
dle.api.internal.tasks
.execution.TaskExecuti
on.executeWithPrevious
OutputFiles(TaskExecut
ion.java:195)
[        ] 	at org.gra
dle.api.internal.tasks
.execution.TaskExecuti
on.execute(TaskExecuti
on.java:162)
[        ] 	at org.gra
dle.internal.execution
.steps.ExecuteStep.exe
cuteInternal(ExecuteSt
ep.java:105)
[        ] 	at org.gra
dle.internal.execution
.steps.ExecuteStep.acc
ess$000(ExecuteStep.ja
va:44)
[        ] 	at org.gra
dle.internal.execution
.steps.ExecuteStep$1.c
all(ExecuteStep.java:5
9)
[        ] 	at org.gra
dle.internal.execution
.steps.ExecuteStep$1.c
all(ExecuteStep.java:5
6)
[        ] 	at org.gra
dle.internal.operation
s.DefaultBuildOperatio
nRunner$CallableBuildO
perationWorker.execute
(DefaultBuildOperation
Runner.java:209)
[        ] 	at org.gra
dle.internal.operation
s.DefaultBuildOperatio
nRunner$CallableBuildO
perationWorker.execute
(DefaultBuildOperation
Runner.java:204)
[        ] 	at org.gra
dle.internal.operation
s.DefaultBuildOperatio
nRunner$2.execute(Defa
ultBuildOperationRunne
r.java:66)
[        ] 	at org.gra
dle.internal.operation
s.DefaultBuildOperatio
nRunner$2.execute(Defa
ultBuildOperationRunne
r.java:59)
[        ] 	at org.gra
dle.internal.operation
s.DefaultBuildOperatio
nRunner.execute(Defaul
tBuildOperationRunner.
java:166)
[        ] 	at org.gra
dle.internal.operation
s.DefaultBuildOperatio
nRunner.execute(Defaul
tBuildOperationRunner.
java:59)
[        ] 	at org.gra
dle.internal.operation
s.DefaultBuildOperatio
nRunner.call(DefaultBu
ildOperationRunner.jav
a:53)
[        ] 	at org.gra
dle.internal.execution
.steps.ExecuteStep.exe
cute(ExecuteStep.java:
56)
[        ] 	at org.gra
dle.internal.execution
.steps.ExecuteStep.exe
cute(ExecuteStep.java:
44)
[        ] 	at org.gra
dle.internal.execution
.steps.CancelExecution
Step.execute(CancelExe
cutionStep.java:42)
[        ] 	at org.gra
dle.internal.execution
.steps.TimeoutStep.exe
cuteWithoutTimeout(Tim
eoutStep.java:75)
[        ] 	at org.gra
dle.internal.execution
.steps.TimeoutStep.exe
cute(TimeoutStep.java:
55)
[        ] 	at org.gra
dle.internal.execution
.steps.PreCreateOutput
ParentsStep.execute(Pr
eCreateOutputParentsSt
ep.java:50)
[        ] 	at org.gra
dle.internal.execution
.steps.PreCreateOutput
ParentsStep.execute(Pr
eCreateOutputParentsSt
ep.java:28)
[        ] 	at org.gra
dle.internal.execution
.steps.RemovePreviousO
utputsStep.execute(Rem
ovePreviousOutputsStep
.java:67)
[        ] 	at org.gra
dle.internal.execution
.steps.RemovePreviousO
utputsStep.execute(Rem
ovePreviousOutputsStep
.java:37)
[        ] 	at org.gra
dle.internal.execution
.steps.BroadcastChangi
ngOutputsStep.execute(
BroadcastChangingOutpu
tsStep.java:61)
[        ] 	at org.gra
dle.internal.execution
.steps.BroadcastChangi
ngOutputsStep.execute(
BroadcastChangingOutpu
tsStep.java:26)
[        ] 	at org.gra
dle.internal.execution
.steps.CaptureOutputsA
fterExecutionStep.exec
ute(CaptureOutputsAfte
rExecutionStep.java:69
)
[        ] 	at org.gra
dle.internal.execution
.steps.CaptureOutputsA
fterExecutionStep.exec
ute(CaptureOutputsAfte
rExecutionStep.java:46
)
[        ] 	at org.gra
dle.internal.execution
.steps.ResolveInputCha
ngesStep.execute(Resol
veInputChangesStep.jav
a:40)
[        ] 	at org.gra
dle.internal.execution
.steps.ResolveInputCha
ngesStep.execute(Resol
veInputChangesStep.jav
a:29)
[        ] 	at org.gra
dle.internal.execution
.steps.BuildCacheStep.
executeWithoutCache(Bu
ildCacheStep.java:189)
[        ] 	at org.gra
dle.internal.execution
.steps.BuildCacheStep.
lambda$execute$1(Build
CacheStep.java:75)
[        ] 	at org.gra
dle.internal.Either$Ri
ght.fold(Either.java:1
75)
[        ] 	at org.gra
dle.internal.execution
.caching.CachingState.
fold(CachingState.java
:62)
[        ] 	at org.gra
dle.internal.execution
.steps.BuildCacheStep.
execute(BuildCacheStep
.java:73)
[        ] 	at org.gra
dle.internal.execution
.steps.BuildCacheStep.
execute(BuildCacheStep
.java:48)
[        ] 	at org.gra
dle.internal.execution
.steps.StoreExecutionS
tateStep.execute(Store
ExecutionStateStep.jav
a:46)
[        ] 	at org.gra
dle.internal.execution
.steps.StoreExecutionS
tateStep.execute(Store
ExecutionStateStep.jav
a:35)
[        ] 	at org.gra
dle.internal.execution
.steps.SkipUpToDateSte
p.executeBecause(SkipU
pToDateStep.java:75)
[        ] 	at org.gra
dle.internal.execution
.steps.SkipUpToDateSte
p.lambda$execute$2(Ski
pUpToDateStep.java:53)
[        ] 	at java.ba
se/java.util.Optional.
orElseGet(Unknown 
Source)
[        ] 	at org.gra
dle.internal.execution
.steps.SkipUpToDateSte
p.execute(SkipUpToDate
Step.java:53)
[        ] 	at org.gra
dle.internal.execution
.steps.SkipUpToDateSte
p.execute(SkipUpToDate
Step.java:35)
[        ] 	at org.gra
dle.internal.execution
.steps.legacy.MarkSnap
shottingInputsFinished
Step.execute(MarkSnaps
hottingInputsFinishedS
tep.java:37)
[        ] 	at org.gra
dle.internal.execution
.steps.legacy.MarkSnap
shottingInputsFinished
Step.execute(MarkSnaps
hottingInputsFinishedS
tep.java:27)
[        ] 	at org.gra
dle.internal.execution
.steps.ResolveIncremen
talCachingStateStep.ex
ecuteDelegate(ResolveI
ncrementalCachingState
Step.java:49)
[        ] 	at org.gra
dle.internal.execution
.steps.ResolveIncremen
talCachingStateStep.ex
ecuteDelegate(ResolveI
ncrementalCachingState
Step.java:27)
[        ] 	at org.gra
dle.internal.execution
.steps.AbstractResolve
CachingStateStep.execu
te(AbstractResolveCach
ingStateStep.java:71)
[        ] 	at org.gra
dle.internal.execution
.steps.AbstractResolve
CachingStateStep.execu
te(AbstractResolveCach
ingStateStep.java:39)
[        ] 	at org.gra
dle.internal.execution
.steps.ResolveChangesS
tep.execute(ResolveCha
ngesStep.java:65)
[        ] 	at org.gra
dle.internal.execution
.steps.ResolveChangesS
tep.execute(ResolveCha
ngesStep.java:36)
[        ] 	at org.gra
dle.internal.execution
.steps.ValidateStep.ex
ecute(ValidateStep.jav
a:107)
[        ] 	at org.gra
dle.internal.execution
.steps.ValidateStep.ex
ecute(ValidateStep.jav
a:56)
[        ] 	at org.gra
dle.internal.execution
.steps.AbstractCapture
StateBeforeExecutionSt
ep.execute(AbstractCap
tureStateBeforeExecuti
onStep.java:64)
[        ] 	at org.gra
dle.internal.execution
.steps.AbstractCapture
StateBeforeExecutionSt
ep.execute(AbstractCap
tureStateBeforeExecuti
onStep.java:43)
[        ] 	at org.gra
dle.internal.execution
.steps.AbstractSkipEmp
tyWorkStep.executeWith
NonEmptySources(Abstra
ctSkipEmptyWorkStep.ja
va:125)
[        ] 	at org.gra
dle.internal.execution
.steps.AbstractSkipEmp
tyWorkStep.execute(Abs
tractSkipEmptyWorkStep
.java:56)
[        ] 	at org.gra
dle.internal.execution
.steps.AbstractSkipEmp
tyWorkStep.execute(Abs
tractSkipEmptyWorkStep
.java:36)
[        ] 	at org.gra
dle.internal.execution
.steps.legacy.MarkSnap
shottingInputsStartedS
tep.execute(MarkSnapsh
ottingInputsStartedSte
p.java:38)
[        ] 	at org.gra
dle.internal.execution
.steps.LoadPreviousExe
cutionStateStep.execut
e(LoadPreviousExecutio
nStateStep.java:36)
[        ] 	at org.gra
dle.internal.execution
.steps.LoadPreviousExe
cutionStateStep.execut
e(LoadPreviousExecutio
nStateStep.java:23)
[        ] 	at org.gra
dle.internal.execution
.steps.HandleStaleOutp
utsStep.execute(Handle
StaleOutputsStep.java:
75)
[        ] 	at org.gra
dle.internal.execution
.steps.HandleStaleOutp
utsStep.execute(Handle
StaleOutputsStep.java:
41)
[        ] 	at org.gra
dle.internal.execution
.steps.AssignMutableWo
rkspaceStep.lambda$exe
cute$0(AssignMutableWo
rkspaceStep.java:35)
[        ] 	at org.gra
dle.api.internal.tasks
.execution.TaskExecuti
on$4.withWorkspace(Tas
kExecution.java:289)
[        ] 	at org.gra
dle.internal.execution
.steps.AssignMutableWo
rkspaceStep.execute(As
signMutableWorkspaceSt
ep.java:31)
[        ] 	at org.gra
dle.internal.execution
.steps.AssignMutableWo
rkspaceStep.execute(As
signMutableWorkspaceSt
ep.java:22)
[        ] 	at org.gra
dle.internal.execution
.steps.ChoosePipelineS
tep.execute(ChoosePipe
lineStep.java:40)
[        ] 	at org.gra
dle.internal.execution
.steps.ChoosePipelineS
tep.execute(ChoosePipe
lineStep.java:23)
[        ] 	at org.gra
dle.internal.execution
.steps.ExecuteWorkBuil
dOperationFiringStep.l
ambda$execute$2(Execut
eWorkBuildOperationFir
ingStep.java:67)
[        ] 	at java.ba
se/java.util.Optional.
orElseGet(Unknown 
Source)
[        ] 	at org.gra
dle.internal.execution
.steps.ExecuteWorkBuil
dOperationFiringStep.e
xecute(ExecuteWorkBuil
dOperationFiringStep.j
ava:67)
[        ] 	at org.gra
dle.internal.execution
.steps.ExecuteWorkBuil
dOperationFiringStep.e
xecute(ExecuteWorkBuil
dOperationFiringStep.j
ava:39)
[        ] 	at org.gra
dle.internal.execution
.steps.IdentityCacheSt
ep.execute(IdentityCac
heStep.java:46)
[        ] 	at org.gra
dle.internal.execution
.steps.IdentityCacheSt
ep.execute(IdentityCac
heStep.java:34)
[        ] 	at org.gra
dle.internal.execution
.steps.IdentifyStep.ex
ecute(IdentifyStep.jav
a:48)
[        ] 	at org.gra
dle.internal.execution
.steps.IdentifyStep.ex
ecute(IdentifyStep.jav
a:35)
[        ] 	at org.gra
dle.internal.execution
.impl.DefaultExecution
Engine$1.execute(Defau
ltExecutionEngine.java
:61)
[        ] 	at org.gra
dle.api.internal.tasks
.execution.ExecuteActi
onsTaskExecuter.execut
eIfValid(ExecuteAction
sTaskExecuter.java:127
)
[        ] 	at org.gra
dle.api.internal.tasks
.execution.ExecuteActi
onsTaskExecuter.execut
e(ExecuteActionsTaskEx
ecuter.java:116)
[        ] 	at org.gra
dle.api.internal.tasks
.execution.ProblemsTas
kPathTrackingTaskExecu
ter.execute(ProblemsTa
skPathTrackingTaskExec
uter.java:40)
[        ] 	at org.gra
dle.api.internal.tasks
.execution.FinalizePro
pertiesTaskExecuter.ex
ecute(FinalizeProperti
esTaskExecuter.java:46
)
[        ] 	at org.gra
dle.api.internal.tasks
.execution.ResolveTask
ExecutionModeExecuter.
execute(ResolveTaskExe
cutionModeExecuter.jav
a:51)
[        ] 	at org.gra
dle.api.internal.tasks
.execution.SkipTaskWit
hNoActionsExecuter.exe
cute(SkipTaskWithNoAct
ionsExecuter.java:57)
[        ] 	at org.gra
dle.api.internal.tasks
.execution.SkipOnlyIfT
askExecuter.execute(Sk
ipOnlyIfTaskExecuter.j
ava:74)
[        ] 	at org.gra
dle.api.internal.tasks
.execution.CatchExcept
ionTaskExecuter.execut
e(CatchExceptionTaskEx
ecuter.java:36)
[        ] 	at org.gra
dle.api.internal.tasks
.execution.EventFiring
TaskExecuter$1.execute
Task(EventFiringTaskEx
ecuter.java:77)
[        ] 	at org.gra
dle.api.internal.tasks
.execution.EventFiring
TaskExecuter$1.call(Ev
entFiringTaskExecuter.
java:55)
[        ] 	at org.gra
dle.api.internal.tasks
.execution.EventFiring
TaskExecuter$1.call(Ev
entFiringTaskExecuter.
java:52)
[        ] 	at org.gra
dle.internal.operation
s.DefaultBuildOperatio
nRunner$CallableBuildO
perationWorker.execute
(DefaultBuildOperation
Runner.java:209)
[        ] 	at org.gra
dle.internal.operation
s.DefaultBuildOperatio
nRunner$CallableBuildO
perationWorker.execute
(DefaultBuildOperation
Runner.java:204)
[        ] 	at org.gra
dle.internal.operation
s.DefaultBuildOperatio
nRunner$2.execute(Defa
ultBuildOperationRunne
r.java:66)
[        ] 	at org.gra
dle.internal.operation
s.DefaultBuildOperatio
nRunner$2.execute(Defa
ultBuildOperationRunne
r.java:59)
[        ] 	at org.gra
dle.internal.operation
s.DefaultBuildOperatio
nRunner.execute(Defaul
tBuildOperationRunner.
java:166)
[        ] 	at org.gra
dle.internal.operation
s.DefaultBuildOperatio
nRunner.execute(Defaul
tBuildOperationRunner.
java:59)
[        ] 	at org.gra
dle.internal.operation
s.DefaultBuildOperatio
nRunner.call(DefaultBu
ildOperationRunner.jav
a:53)
[        ] 	at org.gra
dle.api.internal.tasks
.execution.EventFiring
TaskExecuter.execute(E
ventFiringTaskExecuter
.java:52)
[        ] 	at org.gra
dle.execution.plan.Loc
alTaskNodeExecutor.exe
cute(LocalTaskNodeExec
utor.java:42)
[        ] 	at org.gra
dle.execution.taskgrap
h.DefaultTaskExecution
Graph$InvokeNodeExecut
orsAction.execute(Defa
ultTaskExecutionGraph.
java:331)
[        ] 	at org.gra
dle.execution.taskgrap
h.DefaultTaskExecution
Graph$InvokeNodeExecut
orsAction.execute(Defa
ultTaskExecutionGraph.
java:318)
[        ] 	at org.gra
dle.execution.taskgrap
h.DefaultTaskExecution
Graph$BuildOperationAw
areExecutionAction.lam
bda$execute$0(DefaultT
askExecutionGraph.java
:314)
[        ] 	at org.gra
dle.internal.operation
s.CurrentBuildOperatio
nRef.with(CurrentBuild
OperationRef.java:85)
[        ] 	at org.gra
dle.execution.taskgrap
h.DefaultTaskExecution
Graph$BuildOperationAw
areExecutionAction.exe
cute(DefaultTaskExecut
ionGraph.java:314)
[        ] 	at org.gra
dle.execution.taskgrap
h.DefaultTaskExecution
Graph$BuildOperationAw
areExecutionAction.exe
cute(DefaultTaskExecut
ionGraph.java:303)
[        ] 	at org.gra
dle.execution.plan.Def
aultPlanExecutor$Execu
torWorker.execute(Defa
ultPlanExecutor.java:4
59)
[        ] 	at org.gra
dle.execution.plan.Def
aultPlanExecutor$Execu
torWorker.run(DefaultP
lanExecutor.java:376)
[        ] 	at org.gra
dle.internal.concurren
t.ExecutorPolicy$Catch
AndRecordFailures.onEx
ecute(ExecutorPolicy.j
ava:64)
[        ] 	at org.gra
dle.internal.concurren
t.AbstractManagedExecu
tor$1.run(AbstractMana
gedExecutor.java:48)
[        ] 	at java.ba
se/java.util.concurren
t.ThreadPoolExecutor.r
unWorker(Unknown 
Source)
[        ] 	at java.ba
se/java.util.concurren
t.ThreadPoolExecutor$W
orker.run(Unknown 
Source)
[        ] 	at java.ba
se/java.lang.Thread.ru
n(Unknown Source)
[        ] Caused by: 
java.lang.RuntimeExcep
tion: 4 issues were 
found when checking 
AAR metadata:
[        ]   1.  
Dependency 'androidx.c
ore:core-ktx:1.17.0' 
requires libraries 
and applications that
[        ]       
depend on it to 
compile against 
version 36 or later 
of the
[        ]       
Android APIs.
[        ]       :app 
is currently compiled 
against android-34.
[        ]       
Also, the maximum 
recommended compile 
SDK version for 
Android Gradle
[        ]       
plugin 8.5.2 is 34.
[        ]       
Recommended action: 
Update this project's 
version of the 
Android Gradle
[        ]       
plugin to one that 
supports 36, then 
update this project 
to use
[        ]       
compileSdk of at 
least 36.
[        ]       Note 
that updating a 
library or 
application's 
compileSdk (which
[        ]       
allows newer APIs to 
be used) can be done 
separately from 
updating
[        ]       
targetSdk (which opts 
the app in to new 
runtime behavior) and
[        ]       
minSdk (which 
determines which 
devices the app can 
be installed
[        ]       on).
[        ]   2.  
Dependency 'androidx.c
ore:core-ktx:1.17.0' 
requires Android 
Gradle plugin 8.9.1 
or higher.
[        ]       This 
build currently uses 
Android Gradle plugin 
8.5.2.
[        ]   3.  
Dependency 'androidx.c
ore:core:1.17.0' 
requires libraries 
and applications that
[        ]       
depend on it to 
compile against 
version 36 or later 
of the
[        ]       
Android APIs.
[        ]       :app 
is currently compiled 
against android-34.
[        ]       
Also, the maximum 
recommended compile 
SDK version for 
Android Gradle
[        ]       
plugin 8.5.2 is 34.
[        ]       
Recommended action: 
Update this project's 
version of the 
Android Gradle
[        ]       
plugin to one that 
supports 36, then 
update this project 
to use
[        ]       
compileSdk of at 
least 36.
[        ]       Note 
that updating a 
library or 
application's 
compileSdk (which
[        ]       
allows newer APIs to 
be used) can be done 
separately from 
updating
[        ]       
targetSdk (which opts 
the app in to new 
runtime behavior) and
[        ]       
minSdk (which 
determines which 
devices the app can 
be installed
[        ]       on).
[        ]   4.  
Dependency 'androidx.c
ore:core:1.17.0' 
requires Android 
Gradle plugin 8.9.1 
or higher.
[        ]       This 
build currently uses 
Android Gradle plugin 
8.5.2.
[        ] 	at com.and
roid.build.gradle.inte
rnal.tasks.CheckAarMet
adataWorkAction.execut
e(CheckAarMetadataTask
.kt:281)
[        ] 	at org.gra
dle.workers.internal.D
efaultWorkerServer.exe
cute(DefaultWorkerServ
er.java:63)
[        ] 	at org.gra
dle.workers.internal.N
oIsolationWorkerFactor
y$1$1.create(NoIsolati
onWorkerFactory.java:6
6)
[        ] 	at org.gra
dle.workers.internal.N
oIsolationWorkerFactor
y$1$1.create(NoIsolati
onWorkerFactory.java:6
2)
[        ] 	at org.gra
dle.internal.classload
er.ClassLoaderUtils.ex
ecuteInClassloader(Cla
ssLoaderUtils.java:100
)
[        ] 	at org.gra
dle.workers.internal.N
oIsolationWorkerFactor
y$1.lambda$execute$0(N
oIsolationWorkerFactor
y.java:62)
[        ] 	at org.gra
dle.workers.internal.A
bstractWorker$1.call(A
bstractWorker.java:44)
[        ] 	at org.gra
dle.workers.internal.A
bstractWorker$1.call(A
bstractWorker.java:41)
[        ] 	at org.gra
dle.internal.operation
s.DefaultBuildOperatio
nRunner$CallableBuildO
perationWorker.execute
(DefaultBuildOperation
Runner.java:209)
[        ] 	at org.gra
dle.internal.operation
s.DefaultBuildOperatio
nRunner$CallableBuildO
perationWorker.execute
(DefaultBuildOperation
Runner.java:204)
[        ] 	at org.gra
dle.internal.operation
s.DefaultBuildOperatio
nRunner$2.execute(Defa
ultBuildOperationRunne
r.java:66)
[        ] 	at org.gra
dle.internal.operation
s.DefaultBuildOperatio
nRunner$2.execute(Defa
ultBuildOperationRunne
r.java:59)
[        ] 	at org.gra
dle.internal.operation
s.DefaultBuildOperatio
nRunner.execute(Defaul
tBuildOperationRunner.
java:166)
[        ] 	at org.gra
dle.internal.operation
s.DefaultBuildOperatio
nRunner.execute(Defaul
tBuildOperationRunner.
java:59)
[        ] 	at org.gra
dle.internal.operation
s.DefaultBuildOperatio
nRunner.call(DefaultBu
ildOperationRunner.jav
a:53)
[        ] 	at org.gra
dle.workers.internal.A
bstractWorker.executeW
rappedInBuildOperation
(AbstractWorker.java:4
1)
[        ] Deprecated Gradle features were used in this build, making it incompatible with Gradle 9.0.
[        ] 	at org.gra
dle.workers.internal.N
oIsolationWorkerFactor
y$1.execute(NoIsolatio
nWorkerFactory.java:59
)
[        ] You can use '--warning-mode all' to show the individual deprecation warnings and determine if they come from your own scripts or plugins.
[        ] For more on this, please refer to https://docs.gradle.org/8.12/userguide/command_line_interface.html#sec:command_line_warnings in the Gradle documentation.
[        ] 22 actionable tasks: 4 executed, 18 up-to-date
[        ] Watched directory hierarchies: [C:\flutter\packages\flutter_tools\gradle]
[        ] 	at org.gra
dle.workers.internal.D
efaultWorkerExecutor.l
ambda$submitWork$0(Def
aultWorkerExecutor.jav
a:174)
[        ] 	at java.ba
se/java.util.concurren
t.FutureTask.run(Unkno
wn Source)
[        ] 	at org.gra
dle.internal.work.Defa
ultConditionalExecutio
nQueue$ExecutionRunner
.runExecution(DefaultC
onditionalExecutionQue
ue.java:194)
[        ] 	at org.gra
dle.internal.work.Defa
ultConditionalExecutio
nQueue$ExecutionRunner
.access$700(DefaultCon
ditionalExecutionQueue
.java:127)
[        ] 	at org.gra
dle.internal.work.Defa
ultConditionalExecutio
nQueue$ExecutionRunner
$1.run(DefaultConditio
nalExecutionQueue.java
:169)
[        ] 	at org.gra
dle.internal.Factories
$1.create(Factories.ja
va:31)
[        ] 	at org.gra
dle.internal.work.Defa
ultWorkerLeaseService.
withLocks(DefaultWorke
rLeaseService.java:263
)
[        ] 	at org.gra
dle.internal.work.Defa
ultWorkerLeaseService.
runAsWorkerThread(Defa
ultWorkerLeaseService.
java:127)
[        ] 	at org.gra
dle.internal.work.Defa
ultWorkerLeaseService.
runAsWorkerThread(Defa
ultWorkerLeaseService.
java:132)
[        ] 	at org.gra
dle.internal.work.Defa
ultConditionalExecutio
nQueue$ExecutionRunner
.runBatch(DefaultCondi
tionalExecutionQueue.j
ava:164)
[        ] 	at org.gra
dle.internal.work.Defa
ultConditionalExecutio
nQueue$ExecutionRunner
.run(DefaultConditiona
lExecutionQueue.java:1
33)
[        ] 	at java.ba
se/java.util.concurren
t.Executors$RunnableAd
apter.call(Unknown 
Source)
[        ] 	at java.ba
se/java.util.concurren
t.FutureTask.run(Unkno
wn Source)
[        ] 	... 5 more
[        ] BUILD 
FAILED in 36s
[ +177 ms] Running Gradle task 'assembleDebug'... (completed in 37.1s)
[  +69 ms] Error: 
Gradle task 
assembleDebug failed 
with exit code 1
[   +2 ms] "flutter run" took 39,950ms.
[ +144 ms] 
           #0      
throwToolExit (package
:flutter_tools/src/bas
e/common.dart:34:3)
           #1      
RunCommand.runCommand 
(package:flutter_tools
/src/commands/run.dart
:872:9)
           
<asynchronous 
suspension>
           #2      Flu
tterCommand.run.<anony
mous closure> (package
:flutter_tools/src/run
ner/flutter_command.da
rt:1581:27)
           
<asynchronous 
suspension>
           #3      App
Context.run.<anonymous
 closure> (package:flu
tter_tools/src/base/co
ntext.dart:154:19)
           
<asynchronous 
suspension>
           #4      Com
mandRunner.runCommand 
(package:args/command_
runner.dart:212:13)
           
<asynchronous 
suspension>
           #5      Flu
tterCommandRunner.runC
ommand.<anonymous 
closure> (package:flut
ter_tools/src/runner/f
lutter_command_runner.
dart:503:9)
           
<asynchronous 
suspension>
           #6      App
Context.run.<anonymous
 closure> (package:flu
tter_tools/src/base/co
ntext.dart:154:19)
           
<asynchronous 
suspension>
           #7      Flu
tterCommandRunner.runC
ommand (package:flutte
r_tools/src/runner/flu
tter_command_runner.da
rt:438:5)
           
<asynchronous 
suspension>
           #8      
run.<anonymous 
closure>.<anonymous 
closure> (package:flut
ter_tools/runner.dart:
98:11)
           
<asynchronous 
suspension>
           #9      App
Context.run.<anonymous
 closure> (package:flu
tter_tools/src/base/co
ntext.dart:154:19)
           
<asynchronous 
suspension>
           #10     
main (package:flutter_
tools/executable.dart:
101:3)
           
<asynchronous 
suspension>


[        ] Running 3 shutdown hooks
[  +21 ms] Shutdown hooks complete
[ +266 ms] exiting with code 1
