Launching lib\main.dart on A059 in debug mode...
Running Gradle task 'assembleDebug'...                          
flutter : e: Language 
version 1.4 is no 
longer supported; 
please, use version 
1.6 or greater.
At line:1 char:1
+ flutter run 2>&1 | 
Out-File -FilePath 
"run_output2.txt" 
-Encoding UTF ...
+ ~~~~~~~~~~~~~~~~
    + CategoryInfo    
          : NotSpeci  
  fied: (e: Languag   
 e ver...1.6 or gr    
eater.:String) []    
, RemoteException
    + FullyQualifiedE 
   rrorId : NativeCo  
  mmandError
 

FAILURE: Build failed 
with an exception.

* What went wrong:
Execution failed for 
task ':sentry_flutter:
compileDebugKotlin'.
> A failure occurred 
while executing org.je
tbrains.kotlin.compile
rRunner.GradleCompiler
RunnerWithWorkers$Grad
leKotlinCompilerWorkAc
tion
   > Compilation 
error. See log for 
more details

* Try:
> Run with 
--stacktrace option 
to get the stack 
trace.
> Run with --info or 
--debug option to get 
more log output.
> Run with --scan to 
get full insights.
> Get more help at htt
ps://help.gradle.org.

BUILD FAILED in 1m 26s
Running Gradle task 'assembleDebug'...                             90.1s
Error: Gradle task 
assembleDebug failed 
with exit code 1
